#
# A fatal error has been detected by the Java Runtime Environment:
#
#  SIGSEGV (0xb) at pc=0x00007f6a3ccf507d, pid=10266, tid=0x00007f69dd6e6700
#
# JRE version: OpenJDK Runtime Environment (8.0_181-b13) (build 1.8.0_181-8u181-b13-2~deb9u1-b13)
# Java VM: OpenJDK 64-Bit Server VM (25.181-b13 mixed mode linux-amd64 compressed oops)
# Problematic frame:
# V  [libjvm.so+0x68107d]
#
# Failed to write core dump. Core dumps have been disabled. To enable core dumping, try "ulimit -c unlimited" before starting Java again
#
# If you would like to submit a bug report, please visit:
#   http://bugreport.java.com/bugreport/crash.jsp
#

---------------  T H R E A D  ---------------

Current thread (0x00007f6a34241000):  JavaThread "JavaFX Application Thread" [_thread_in_vm, id=10287, stack(0x00007f69dd5e6000,0x00007f69dd6e7000)]

siginfo: si_signo: 11 (SIGSEGV), si_code: 128 (SI_KERNEL), si_addr: 0x0000000000000000

Registers:
RAX=0x0000000000000000, RBX=0x00007f6a34241000, RCX=0x00007f6a342008b8, RDX=0x69246164626d616c
RSP=0x00007f69dd6e5230, RBP=0x00007f69dd6e53b0, RSI=0x00007f69dd6e53d0, RDI=0x00007f6a342411e0
R8 =0x00007f69dd6e5400, R9 =0x00007f6a34241000, R10=0x00007f69d0000ab0, R11=0x00007f6a253bd820
R12=0x00007f6a342411e0, R13=0x00007f6a34241000, R14=0x00007f69dd6e5490, R15=0x69246164626d616c
RIP=0x00007f6a3ccf507d, EFLAGS=0x0000000000010206, CSGSFS=0x002b000000000033, ERR=0x0000000000000000
  TRAPNO=0x000000000000000d

Top of Stack: (sp=0x00007f69dd6e5230)
0x00007f69dd6e5230:   00007f69dd6e5340 00007f6a3ccdc1d3
0x00007f69dd6e5240:   00007f6a3990f980 00007f69dd6e5280
0x00007f69dd6e5250:   00007f6a0000000e 00007f6a342411e0
0x00007f69dd6e5260:   00007f69dd6e5270 00007f69dd6e53d0
0x00007f69dd6e5270:   00007f6a39873e08 00007f6a34241000
0x00007f69dd6e5280:   00007f6a39873e08 00007f6a34241000
0x00007f69dd6e5290:   00007f6a34240670 00007f69f0000f60
0x00007f69dd6e52a0:   00007f69f0000f70 00007f69f0001348
0x00007f69dd6e52b0:   00000000000003d8 00007f6a342406b0
0x00007f69dd6e52c0:   00007f6a39873e08 00007f6a34241000
0x00007f69dd6e52d0:   0000000039869d78 00000000dc2e4420
0x00007f69dd6e52e0:   0000000000000000 00007f6a250183db
0x00007f69dd6e52f0:   00007f6a39873e08 00007f6a34241000
0x00007f69dd6e5300:   0000000000000000 00000000dc2e43e0
0x00007f69dd6e5310:   00007f690000006f 00007f690000000a
0x00007f69dd6e5320:   00000000d85733e0 00007f6a00000000
0x00007f69dd6e5330:   00007f69dd6e5420 00007f69dd6e53e0
0x00007f69dd6e5340:   00007f69dd6e54d0 0000000100000180
0x00007f69dd6e5350:   0000000000000002 00007f69dd6e5308
0x00007f69dd6e5360:   00007f69dd6e5349 0000000800000005
0x00007f69dd6e5370:   00007f6a00000000 ae6739d23e61f600
0x00007f69dd6e5380:   00007f69dd6e5390 00007f6a34241000
0x00007f69dd6e5390:   00007f6a342411e0 00007f6a342008b8
0x00007f69dd6e53a0:   00007f69dd6e5490 69246164626d616c
0x00007f69dd6e53b0:   00007f69dd6e5480 00007f6a3ccf86aa
0x00007f69dd6e53c0:   00007f69d026b670 00007f69dd6e5400
0x00007f69dd6e53d0:   000000000000000e 00007f6a00000000
0x00007f69dd6e53e0:   00007f6a34241000 0000000000000000
0x00007f69dd6e53f0:   0000000000000067 ae6739d23e61f600
0x00007f69dd6e5400:   00007f6a3d4de938 00007f6a3e2067e0
0x00007f69dd6e5410:   000000003421f0a0 00007f6900000063
0x00007f69dd6e5420:   0000000000000000 0000003000000018 

Instructions: (pc=0x00007f6a3ccf507d)
0x00007f6a3ccf505d:   ff 48 89 b5 b8 fe ff ff 64 48 8b 04 25 28 00 00
0x00007f6a3ccf506d:   00 48 89 45 c8 31 c0 48 85 d2 0f 84 3b 03 00 00
0x00007f6a3ccf507d:   4c 8b 32 4d 85 f6 0f 84 2f 03 00 00 49 8b b9 20
0x00007f6a3ccf508d:   01 00 00 48 89 cb 4d 89 c4 e8 f5 4c ff ff 4c 89 

Register to memory mapping:

RAX=0x0000000000000000 is an unknown value
RBX=0x00007f6a34241000 is a thread
RCX=0x00007f6a342008b8 is an unknown value
RDX=0x69246164626d616c is an unknown value
RSP=0x00007f69dd6e5230 is pointing into the stack for thread: 0x00007f6a34241000
RBP=0x00007f69dd6e53b0 is pointing into the stack for thread: 0x00007f6a34241000
RSI=0x00007f69dd6e53d0 is pointing into the stack for thread: 0x00007f6a34241000
RDI=0x00007f6a342411e0 is an unknown value
R8 =0x00007f69dd6e5400 is pointing into the stack for thread: 0x00007f6a34241000
R9 =0x00007f6a34241000 is a thread
R10=0x00007f69d0000ab0 is an unknown value
R11=0x00007f6a253bd820 is at entry_point+32 in (nmethod*)0x00007f6a253bd690
R12=0x00007f6a342411e0 is an unknown value
R13=0x00007f6a34241000 is a thread
R14=0x00007f69dd6e5490 is pointing into the stack for thread: 0x00007f6a34241000
R15=0x69246164626d616c is an unknown value


Stack: [0x00007f69dd5e6000,0x00007f69dd6e7000],  sp=0x00007f69dd6e5230,  free space=1020k
Native frames: (J=compiled Java code, j=interpreted, Vv=VM code, C=native code)
V  [libjvm.so+0x68107d]
V  [libjvm.so+0x6846aa]
C  [libglass.so+0x12d33]  JNIEnv_::CallVoidMethod(_jobject*, _jmethodID*, ...)+0x93
C  [libglass.so+0x1ccf6]  WindowContextBase::process_key(_GdkEventKey*)+0x226
C  [libglass.so+0x1a9c0]  WindowContextBase::im_filter_keypress(_GdkEventKey*)+0x1f0
C  [libglass.so+0x23094]
C  [libgdk-x11-2.0.so.0+0x5acbc]

Java frames: (J=compiled Java code, j=interpreted, Vv=VM code)
j  com.sun.glass.ui.gtk.GtkApplication._runLoop(Ljava/lang/Runnable;Z)V+0
j  com.sun.glass.ui.gtk.GtkApplication.lambda$null$5(Ljava/lang/Runnable;Z)V+7
j  com.sun.glass.ui.gtk.GtkApplication$$Lambda$41.run()V+12
j  java.lang.Thread.run()V+11
v  ~StubRoutines::call_stub

---------------  P R O C E S S  ---------------

Java Threads: ( => current thread )
  0x00007f69d022e000 JavaThread "Prism Font Disposer" daemon [_thread_blocked, id=10290, stack(0x00007f69dc089000,0x00007f69dc18a000)]
  0x00007f6a34244800 JavaThread "JavaFX-Launcher" [_thread_blocked, id=10289, stack(0x00007f69dcba3000,0x00007f69dcca4000)]
=>0x00007f6a34241000 JavaThread "JavaFX Application Thread" [_thread_in_vm, id=10287, stack(0x00007f69dd5e6000,0x00007f69dd6e7000)]
  0x00007f6a3423d000 JavaThread "Thread-1" daemon [_thread_blocked, id=10286, stack(0x00007f6a140e6000,0x00007f6a141e7000)]
  0x00007f6a341f3000 JavaThread "QuantumRenderer-0" daemon [_thread_blocked, id=10284, stack(0x00007f6a244c6000,0x00007f6a245c7000)]
  0x00007f6a340bf800 JavaThread "Service Thread" daemon [_thread_blocked, id=10282, stack(0x00007f6a2475e000,0x00007f6a2485f000)]
  0x00007f6a340bd000 JavaThread "C1 CompilerThread2" daemon [_thread_blocked, id=10281, stack(0x00007f6a2485f000,0x00007f6a24960000)]
  0x00007f6a340bb000 JavaThread "C2 CompilerThread1" daemon [_thread_blocked, id=10280, stack(0x00007f6a24960000,0x00007f6a24a61000)]
  0x00007f6a340b8000 JavaThread "C2 CompilerThread0" daemon [_thread_blocked, id=10279, stack(0x00007f6a24a61000,0x00007f6a24b62000)]
  0x00007f6a340b6800 JavaThread "Signal Dispatcher" daemon [_thread_blocked, id=10278, stack(0x00007f6a24b62000,0x00007f6a24c63000)]
  0x00007f6a34084800 JavaThread "Finalizer" daemon [_thread_blocked, id=10277, stack(0x00007f6a24dfe000,0x00007f6a24eff000)]
  0x00007f6a34081800 JavaThread "Reference Handler" daemon [_thread_blocked, id=10276, stack(0x00007f6a24eff000,0x00007f6a25000000)]
  0x00007f6a3400a800 JavaThread "main" [_thread_blocked, id=10268, stack(0x00007f6a3e2a9000,0x00007f6a3e3aa000)]

Other Threads:
  0x00007f6a34078000 VMThread [stack: 0x00007f6a3805c000,0x00007f6a3815d000] [id=10275]
  0x00007f6a340c2000 WatcherThread [stack: 0x00007f6a2465d000,0x00007f6a2475e000] [id=10283]

VM state:not at safepoint (normal execution)

VM Mutex/Monitor currently owned by a thread: None

Heap:
 PSYoungGen      total 66560K, used 27964K [0x00000000d8100000, 0x00000000dc700000, 0x0000000100000000)
  eden space 61440K, 37% used [0x00000000d8100000,0x00000000d9751c60,0x00000000dbd00000)
  from space 5120K, 99% used [0x00000000dc200000,0x00000000dc6fd6e0,0x00000000dc700000)
  to   space 5120K, 0% used [0x00000000dbd00000,0x00000000dbd00000,0x00000000dc200000)
 ParOldGen       total 81920K, used 2621K [0x0000000088200000, 0x000000008d200000, 0x00000000d8100000)
  object space 81920K, 3% used [0x0000000088200000,0x000000008848f508,0x000000008d200000)
 Metaspace       used 14949K, capacity 15742K, committed 15872K, reserved 1062912K
  class space    used 2099K, capacity 2292K, committed 2304K, reserved 1048576K

Card table byte_map: [0x00007f6a3a5c6000,0x00007f6a3a986000] byte_map_base: 0x00007f6a3a185000

Marking Bits: (ParMarkBitMap*) 0x00007f6a3d5a23a0
 Begin Bits: [0x00007f6a1c410000, 0x00007f6a1e208000)
 End Bits:   [0x00007f6a1e208000, 0x00007f6a20000000)

Polling page: 0x00007f6a3e3c7000

CodeCache: size=245760Kb used=4800Kb max_used=4800Kb free=240959Kb
 bounds [0x00007f6a25000000, 0x00007f6a254c0000, 0x00007f6a34000000]
 total_blobs=2113 nmethods=1502 adapters=525
 compilation: enabled

Compilation events (10 events):
Event: 8,841 Thread 0x00007f6a340bd000 nmethod 1495 0x00007f6a254ae450 code [0x00007f6a254ae5c0, 0x00007f6a254ae948]
Event: 8,841 Thread 0x00007f6a340bd000 1497       3       javafx.beans.binding.BooleanExpression::getValue (8 bytes)
Event: 8,841 Thread 0x00007f6a340bd000 nmethod 1497 0x00007f6a254aea10 code [0x00007f6a254aeba0, 0x00007f6a254aee68]
Event: 8,841 Thread 0x00007f6a340bd000 1496       3       javafx.scene.Parent::markDirtyLayout (61 bytes)
Event: 8,842 Thread 0x00007f6a340bd000 nmethod 1496 0x00007f6a254aef10 code [0x00007f6a254af120, 0x00007f6a254afe88]
Event: 8,842 Thread 0x00007f6a340bd000 1500       3       com.sun.javafx.geom.RectBounds::deriveWithNewBounds (80 bytes)
Event: 8,842 Thread 0x00007f6a340bd000 nmethod 1500 0x00007f6a254b0210 code [0x00007f6a254b03c0, 0x00007f6a254b0a68]
Event: 8,842 Thread 0x00007f6a340bd000 1498       3       sun.util.logging.PlatformLogger::isLoggable (38 bytes)
Event: 8,845 Thread 0x00007f6a340bd000 nmethod 1498 0x00007f6a254b0cd0 code [0x00007f6a254b0e60, 0x00007f6a254b1268]
Event: 8,845 Thread 0x00007f6a340bd000 1501       3       javafx.beans.property.StringPropertyBase::get (32 bytes)

GC Heap History (4 events):
Event: 1,523 GC heap before
{Heap before GC invocations=1 (full 0):
 PSYoungGen      total 35840K, used 30720K [0x00000000d8100000, 0x00000000da900000, 0x0000000100000000)
  eden space 30720K, 100% used [0x00000000d8100000,0x00000000d9f00000,0x00000000d9f00000)
  from space 5120K, 0% used [0x00000000da400000,0x00000000da400000,0x00000000da900000)
  to   space 5120K, 0% used [0x00000000d9f00000,0x00000000d9f00000,0x00000000da400000)
 ParOldGen       total 81920K, used 0K [0x0000000088200000, 0x000000008d200000, 0x00000000d8100000)
  object space 81920K, 0% used [0x0000000088200000,0x0000000088200000,0x000000008d200000)
 Metaspace       used 9888K, capacity 10206K, committed 10368K, reserved 1058816K
  class space    used 1231K, capacity 1345K, committed 1408K, reserved 1048576K
Event: 1,544 GC heap after
Heap after GC invocations=1 (full 0):
 PSYoungGen      total 35840K, used 5088K [0x00000000d8100000, 0x00000000dc700000, 0x0000000100000000)
  eden space 30720K, 0% used [0x00000000d8100000,0x00000000d8100000,0x00000000d9f00000)
  from space 5120K, 99% used [0x00000000d9f00000,0x00000000da3f81e0,0x00000000da400000)
  to   space 5120K, 0% used [0x00000000dc200000,0x00000000dc200000,0x00000000dc700000)
 ParOldGen       total 81920K, used 934K [0x0000000088200000, 0x000000008d200000, 0x00000000d8100000)
  object space 81920K, 1% used [0x0000000088200000,0x00000000882e9af8,0x000000008d200000)
 Metaspace       used 9888K, capacity 10206K, committed 10368K, reserved 1058816K
  class space    used 1231K, capacity 1345K, committed 1408K, reserved 1048576K
}
Event: 2,418 GC heap before
{Heap before GC invocations=2 (full 0):
 PSYoungGen      total 35840K, used 35678K [0x00000000d8100000, 0x00000000dc700000, 0x0000000100000000)
  eden space 30720K, 99% used [0x00000000d8100000,0x00000000d9edf928,0x00000000d9f00000)
  from space 5120K, 99% used [0x00000000d9f00000,0x00000000da3f81e0,0x00000000da400000)
  to   space 5120K, 0% used [0x00000000dc200000,0x00000000dc200000,0x00000000dc700000)
 ParOldGen       total 81920K, used 934K [0x0000000088200000, 0x000000008d200000, 0x00000000d8100000)
  object space 81920K, 1% used [0x0000000088200000,0x00000000882e9af8,0x000000008d200000)
 Metaspace       used 14136K, capacity 14676K, committed 14976K, reserved 1062912K
  class space    used 2024K, capacity 2154K, committed 2176K, reserved 1048576K
Event: 2,442 GC heap after
Heap after GC invocations=2 (full 0):
 PSYoungGen      total 66560K, used 5109K [0x00000000d8100000, 0x00000000dc700000, 0x0000000100000000)
  eden space 61440K, 0% used [0x00000000d8100000,0x00000000d8100000,0x00000000dbd00000)
  from space 5120K, 99% used [0x00000000dc200000,0x00000000dc6fd6e0,0x00000000dc700000)
  to   space 5120K, 0% used [0x00000000dbd00000,0x00000000dbd00000,0x00000000dc200000)
 ParOldGen       total 81920K, used 2621K [0x0000000088200000, 0x000000008d200000, 0x00000000d8100000)
  object space 81920K, 3% used [0x0000000088200000,0x000000008848f508,0x000000008d200000)
 Metaspace       used 14136K, capacity 14676K, committed 14976K, reserved 1062912K
  class space    used 2024K, capacity 2154K, committed 2176K, reserved 1048576K
}

Deoptimization events (10 events):
Event: 1,878 Thread 0x00007f6a34241000 Uncommon trap: reason=class_check action=maybe_recompile pc=0x00007f6a2528b6f4 method=java.io.DataInputStream.readShort()S @ 4
Event: 1,880 Thread 0x00007f6a34241000 Uncommon trap: reason=class_check action=maybe_recompile pc=0x00007f6a2528b6f4 method=java.io.DataInputStream.readShort()S @ 4
Event: 1,880 Thread 0x00007f6a34241000 Uncommon trap: reason=class_check action=maybe_recompile pc=0x00007f6a2528b6f4 method=java.io.DataInputStream.readShort()S @ 4
Event: 1,894 Thread 0x00007f6a34241000 Uncommon trap: reason=class_check action=maybe_recompile pc=0x00007f6a25117520 method=java.lang.String.equals(Ljava/lang/Object;)Z @ 8
Event: 1,894 Thread 0x00007f6a34241000 Uncommon trap: reason=class_check action=maybe_recompile pc=0x00007f6a25117520 method=java.lang.String.equals(Ljava/lang/Object;)Z @ 8
Event: 1,894 Thread 0x00007f6a34241000 Uncommon trap: reason=class_check action=maybe_recompile pc=0x00007f6a25117520 method=java.lang.String.equals(Ljava/lang/Object;)Z @ 8
Event: 1,904 Thread 0x00007f6a34241000 Uncommon trap: reason=class_check action=maybe_recompile pc=0x00007f6a25117520 method=java.lang.String.equals(Ljava/lang/Object;)Z @ 8
Event: 2,535 Thread 0x00007f6a34241000 Uncommon trap: reason=unstable_if action=reinterpret pc=0x00007f6a253252a4 method=jdk.internal.org.objectweb.asm.Type.getArgumentsAndReturnSizes(Ljava/lang/String;)I @ 47
Event: 5,991 Thread 0x00007f6a341f3000 Uncommon trap: reason=unstable_if action=reinterpret pc=0x00007f6a253c0aa0 method=java.lang.StrictMath.floorOrCeil(DDDD)D @ 115
Event: 7,532 Thread 0x00007f6a34241000 Uncommon trap: reason=unstable_if action=reinterpret pc=0x00007f6a2525a9a0 method=java.lang.CharacterData.of(I)Ljava/lang/CharacterData; @ 4

Classes redefined (0 events):
No events

Internal exceptions (10 events):
Event: 0,353 Thread 0x00007f6a3400a800 Exception <a 'java/security/PrivilegedActionException'> (0x00000000d83b3538) thrown at [/build/openjdk-8-8u181-b13/src/hotspot/src/share/vm/prims/jvm.cpp, line 1435]
Event: 0,353 Thread 0x00007f6a3400a800 Exception <a 'java/security/PrivilegedActionException'> (0x00000000d83b3748) thrown at [/build/openjdk-8-8u181-b13/src/hotspot/src/share/vm/prims/jvm.cpp, line 1435]
Event: 0,353 Thread 0x00007f6a3400a800 Exception <a 'java/security/PrivilegedActionException'> (0x00000000d83b4220) thrown at [/build/openjdk-8-8u181-b13/src/hotspot/src/share/vm/prims/jvm.cpp, line 1435]
Event: 0,353 Thread 0x00007f6a3400a800 Exception <a 'java/security/PrivilegedActionException'> (0x00000000d83b4430) thrown at [/build/openjdk-8-8u181-b13/src/hotspot/src/share/vm/prims/jvm.cpp, line 1435]
Event: 0,353 Thread 0x00007f6a3400a800 Exception <a 'java/lang/NullPointerException'> (0x00000000d83b59d8) thrown at [/build/openjdk-8-8u181-b13/src/hotspot/src/share/vm/interpreter/linkResolver.cpp, line 1185]
Event: 1,130 Thread 0x00007f6a34241000 Exception <a 'java/lang/NullPointerException'> (0x00000000d95b4908) thrown at [/build/openjdk-8-8u181-b13/src/hotspot/src/share/vm/interpreter/linkResolver.cpp, line 1185]
Event: 1,130 Thread 0x00007f6a34241000 Exception <a 'java/lang/NullPointerException'> (0x00000000d95b4908) thrown at [/build/openjdk-8-8u181-b13/src/hotspot/src/share/vm/prims/jvm.cpp, line 1439]
Event: 1,555 Thread 0x00007f6a34241000 Exception <a 'java/lang/ArrayIndexOutOfBoundsException'> (0x00000000d81058e8) thrown at [/build/openjdk-8-8u181-b13/src/hotspot/src/share/vm/runtime/sharedRuntime.cpp, line 605]
Event: 1,556 Thread 0x00007f6a34241000 Exception <a 'java/lang/ArrayIndexOutOfBoundsException'> (0x00000000d81065e8) thrown at [/build/openjdk-8-8u181-b13/src/hotspot/src/share/vm/runtime/sharedRuntime.cpp, line 605]
Event: 1,556 Thread 0x00007f6a34241000 Exception <a 'java/lang/ArrayIndexOutOfBoundsException'> (0x00000000d8107990) thrown at [/build/openjdk-8-8u181-b13/src/hotspot/src/share/vm/runtime/sharedRuntime.cpp, line 605]

Events (10 events):
Event: 8,780 loading class javafx/scene/input/MouseEvent
Event: 8,780 loading class javafx/scene/input/MouseEvent done
Event: 8,780 loading class Controler/PrincipalController
Event: 8,780 loading class Controler/PrincipalController done
Event: 8,780 loading class javafx/scene/input/KeyEvent
Event: 8,780 loading class javafx/scene/input/KeyEvent done
Event: 8,780 loading class Controler/PrincipalController
Event: 8,780 loading class Controler/PrincipalController done
Event: 8,844 loading class com/sun/javafx/scene/KeyboardShortcutsHandler$1
Event: 8,844 loading class com/sun/javafx/scene/KeyboardShortcutsHandler$1 done


Dynamic libraries:
88200000-8d200000 rw-p 00000000 00:00 0 
8d200000-d8100000 ---p 00000000 00:00 0 
d8100000-dc700000 rw-p 00000000 00:00 0 
dc700000-100000000 ---p 00000000 00:00 0 
100000000-100240000 rw-p 00000000 00:00 0 
100240000-140000000 ---p 00000000 00:00 0 
55f357508000-55f357509000 r-xp 00000000 08:01 11412056                   /usr/lib/jvm/java-8-openjdk-amd64/jre/bin/java
55f357708000-55f357709000 r--p 00000000 08:01 11412056                   /usr/lib/jvm/java-8-openjdk-amd64/jre/bin/java
55f357709000-55f35770a000 rw-p 00001000 08:01 11412056                   /usr/lib/jvm/java-8-openjdk-amd64/jre/bin/java
55f3578da000-55f3578fb000 rw-p 00000000 00:00 0                          [heap]
7f69c8000000-7f69c8021000 rw-p 00000000 00:00 0 
7f69c8021000-7f69cc000000 ---p 00000000 00:00 0 
7f69cf64e000-7f69cf80e000 rw-s 00000000 00:19 623                        /i915 (deleted)
7f69cf80e000-7f69cf9ce000 rw-s 1025b2000 00:06 332                       /dev/dri/card0
7f69cf9ce000-7f69cfb0e000 rw-p 00000000 00:00 0 
7f69cfb0e000-7f69cfbce000 ---p 00000000 00:00 0 
7f69cfbce000-7f69cfdce000 rw-p 00000000 00:00 0 
7f69cfdce000-7f69cfdfe000 r-xp 00000000 08:01 11538424                   /usr/lib/x86_64-linux-gnu/gtk-2.0/2.10.0/engines/libmurrine.so
7f69cfdfe000-7f69cfffe000 ---p 00030000 08:01 11538424                   /usr/lib/x86_64-linux-gnu/gtk-2.0/2.10.0/engines/libmurrine.so
7f69cfffe000-7f69cffff000 r--p 00030000 08:01 11538424                   /usr/lib/x86_64-linux-gnu/gtk-2.0/2.10.0/engines/libmurrine.so
7f69cffff000-7f69d0000000 rw-p 00031000 08:01 11538424                   /usr/lib/x86_64-linux-gnu/gtk-2.0/2.10.0/engines/libmurrine.so
7f69d0000000-7f69d039d000 rw-p 00000000 00:00 0 
7f69d039d000-7f69d4000000 ---p 00000000 00:00 0 
7f69d4000000-7f69d4021000 rw-p 00000000 00:00 0 
7f69d4021000-7f69d8000000 ---p 00000000 00:00 0 
7f69d8000000-7f69d8021000 rw-p 00000000 00:00 0 
7f69d8021000-7f69dc000000 ---p 00000000 00:00 0 
7f69dc089000-7f69dc08c000 ---p 00000000 00:00 0 
7f69dc08c000-7f69dc18a000 rw-p 00000000 00:00 0 
7f69dc18a000-7f69dc18c000 r-xp 00000000 08:01 11538417                   /usr/lib/x86_64-linux-gnu/gtk-2.0/2.10.0/engines/libadwaita.so
7f69dc18c000-7f69dc38c000 ---p 00002000 08:01 11538417                   /usr/lib/x86_64-linux-gnu/gtk-2.0/2.10.0/engines/libadwaita.so
7f69dc38c000-7f69dc38d000 r--p 00002000 08:01 11538417                   /usr/lib/x86_64-linux-gnu/gtk-2.0/2.10.0/engines/libadwaita.so
7f69dc38d000-7f69dc38e000 rw-p 00003000 08:01 11538417                   /usr/lib/x86_64-linux-gnu/gtk-2.0/2.10.0/engines/libadwaita.so
7f69dc38e000-7f69dc398000 r-xp 00000000 08:01 11538425                   /usr/lib/x86_64-linux-gnu/gtk-2.0/2.10.0/engines/libpixmap.so
7f69dc398000-7f69dc597000 ---p 0000a000 08:01 11538425                   /usr/lib/x86_64-linux-gnu/gtk-2.0/2.10.0/engines/libpixmap.so
7f69dc597000-7f69dc598000 r--p 00009000 08:01 11538425                   /usr/lib/x86_64-linux-gnu/gtk-2.0/2.10.0/engines/libpixmap.so
7f69dc598000-7f69dc599000 rw-p 0000a000 08:01 11538425                   /usr/lib/x86_64-linux-gnu/gtk-2.0/2.10.0/engines/libpixmap.so
7f69dc599000-7f69dc59e000 r-xp 00000000 08:01 11546948                   /usr/lib/jvm/java-8-openjdk-amd64/jre/lib/amd64/libjavafx_font_freetype.so
7f69dc59e000-7f69dc79d000 ---p 00005000 08:01 11546948                   /usr/lib/jvm/java-8-openjdk-amd64/jre/lib/amd64/libjavafx_font_freetype.so
7f69dc79d000-7f69dc79e000 r--p 00004000 08:01 11546948                   /usr/lib/jvm/java-8-openjdk-amd64/jre/lib/amd64/libjavafx_font_freetype.so
7f69dc79e000-7f69dc79f000 rw-p 00005000 08:01 11546948                   /usr/lib/jvm/java-8-openjdk-amd64/jre/lib/amd64/libjavafx_font_freetype.so
7f69dc79f000-7f69dc7a2000 r-xp 00000000 08:01 11546947                   /usr/lib/jvm/java-8-openjdk-amd64/jre/lib/amd64/libjavafx_font.so
7f69dc7a2000-7f69dc9a1000 ---p 00003000 08:01 11546947                   /usr/lib/jvm/java-8-openjdk-amd64/jre/lib/amd64/libjavafx_font.so
7f69dc9a1000-7f69dc9a2000 r--p 00002000 08:01 11546947                   /usr/lib/jvm/java-8-openjdk-amd64/jre/lib/amd64/libjavafx_font.so
7f69dc9a2000-7f69dc9a3000 rw-p 00003000 08:01 11546947                   /usr/lib/jvm/java-8-openjdk-amd64/jre/lib/amd64/libjavafx_font.so
7f69dc9a3000-7f69dcba3000 rw-p 00000000 00:00 0 
7f69dcba3000-7f69dcba6000 ---p 00000000 00:00 0 
7f69dcba6000-7f69dcca4000 rw-p 00000000 00:00 0 
7f69dcca4000-7f69dcca5000 ---p 00000000 00:00 0 
7f69dcca5000-7f69dd4a5000 rw-p 00000000 00:00 0 
7f69dd4a5000-7f69dd5e6000 rw-s 00000000 08:01 131145                     /home/hcls/.cache/mesa_shader_cache/index
7f69dd5e6000-7f69dd5e9000 ---p 00000000 00:00 0 
7f69dd5e9000-7f69dd6e7000 rw-p 00000000 00:00 0 
7f69dd6e7000-7f69dd710000 r-xp 00000000 08:01 11546945                   /usr/lib/jvm/java-8-openjdk-amd64/jre/lib/amd64/libglass.so
7f69dd710000-7f69dd910000 ---p 00029000 08:01 11546945                   /usr/lib/jvm/java-8-openjdk-amd64/jre/lib/amd64/libglass.so
7f69dd910000-7f69dd911000 r--p 00029000 08:01 11546945                   /usr/lib/jvm/java-8-openjdk-amd64/jre/lib/amd64/libglass.so
7f69dd911000-7f69dd912000 rw-p 0002a000 08:01 11546945                   /usr/lib/jvm/java-8-openjdk-amd64/jre/lib/amd64/libglass.so
7f69dd912000-7f69dd913000 rw-p 00000000 00:00 0 
7f69dd913000-7f69dd914000 ---p 00000000 00:00 0 
7f69dd914000-7f69de114000 rw-p 00000000 00:00 0 
7f69de114000-7f69de11c000 r-xp 00000000 08:01 11540024                   /usr/lib/x86_64-linux-gnu/libpciaccess.so.0.11.1
7f69de11c000-7f69de31c000 ---p 00008000 08:01 11540024                   /usr/lib/x86_64-linux-gnu/libpciaccess.so.0.11.1
7f69de31c000-7f69de31d000 r--p 00008000 08:01 11540024                   /usr/lib/x86_64-linux-gnu/libpciaccess.so.0.11.1
7f69de31d000-7f69de31e000 rw-p 00009000 08:01 11540024                   /usr/lib/x86_64-linux-gnu/libpciaccess.so.0.11.1
7f69de31e000-7f69de329000 r-xp 00000000 08:01 11539116                   /usr/lib/x86_64-linux-gnu/libdrm_radeon.so.1.0.1
7f69de329000-7f69de528000 ---p 0000b000 08:01 11539116                   /usr/lib/x86_64-linux-gnu/libdrm_radeon.so.1.0.1
7f69de528000-7f69de529000 r--p 0000a000 08:01 11539116                   /usr/lib/x86_64-linux-gnu/libdrm_radeon.so.1.0.1
7f69de529000-7f69de52a000 rw-p 0000b000 08:01 11539116                   /usr/lib/x86_64-linux-gnu/libdrm_radeon.so.1.0.1
7f69de52a000-7f69de531000 r-xp 00000000 08:01 11539114                   /usr/lib/x86_64-linux-gnu/libdrm_nouveau.so.2.0.0
7f69de531000-7f69de730000 ---p 00007000 08:01 11539114                   /usr/lib/x86_64-linux-gnu/libdrm_nouveau.so.2.0.0
7f69de730000-7f69de731000 r--p 00006000 08:01 11539114                   /usr/lib/x86_64-linux-gnu/libdrm_nouveau.so.2.0.0
7f69de731000-7f69de732000 rw-p 00007000 08:01 11539114                   /usr/lib/x86_64-linux-gnu/libdrm_nouveau.so.2.0.0
7f69de732000-7f69de755000 r-xp 00000000 08:01 11539112                   /usr/lib/x86_64-linux-gnu/libdrm_intel.so.1.0.0
7f69de755000-7f69de954000 ---p 00023000 08:01 11539112                   /usr/lib/x86_64-linux-gnu/libdrm_intel.so.1.0.0
7f69de954000-7f69de955000 r--p 00022000 08:01 11539112                   /usr/lib/x86_64-linux-gnu/libdrm_intel.so.1.0.0
7f69de955000-7f69de956000 rw-p 00023000 08:01 11539112                   /usr/lib/x86_64-linux-gnu/libdrm_intel.so.1.0.0
7f69de956000-7f69df285000 r-xp 00000000 08:01 11537778                   /usr/lib/x86_64-linux-gnu/dri/i965_dri.so
7f69df285000-7f69df484000 ---p 0092f000 08:01 11537778                   /usr/lib/x86_64-linux-gnu/dri/i965_dri.so
7f69df484000-7f69df4de000 r--p 0092e000 08:01 11537778                   /usr/lib/x86_64-linux-gnu/dri/i965_dri.so
7f69df4de000-7f69df4e9000 rw-p 00988000 08:01 11537778                   /usr/lib/x86_64-linux-gnu/dri/i965_dri.so
7f69df4e9000-7f69df59c000 rw-p 00000000 00:00 0 
7f69df59c000-7f69df5ac000 r-xp 00000000 08:01 11539108                   /usr/lib/x86_64-linux-gnu/libdrm.so.2.4.0
7f69df5ac000-7f69df7ab000 ---p 00010000 08:01 11539108                   /usr/lib/x86_64-linux-gnu/libdrm.so.2.4.0
7f69df7ab000-7f69df7ac000 r--p 0000f000 08:01 11539108                   /usr/lib/x86_64-linux-gnu/libdrm.so.2.4.0
7f69df7ac000-7f69df7ad000 rw-p 00010000 08:01 11539108                   /usr/lib/x86_64-linux-gnu/libdrm.so.2.4.0
7f69df7ad000-7f69df7b1000 r-xp 00000000 08:01 11540466                   /usr/lib/x86_64-linux-gnu/libxcb-dri2.so.0.0.0
7f69df7b1000-7f69df9b0000 ---p 00004000 08:01 11540466                   /usr/lib/x86_64-linux-gnu/libxcb-dri2.so.0.0.0
7f69df9b0000-7f69df9b1000 r--p 00003000 08:01 11540466                   /usr/lib/x86_64-linux-gnu/libxcb-dri2.so.0.0.0
7f69df9b1000-7f69df9b2000 rw-p 00004000 08:01 11540466                   /usr/lib/x86_64-linux-gnu/libxcb-dri2.so.0.0.0
7f69df9b2000-7f69df9ca000 r-xp 00000000 08:01 11540472                   /usr/lib/x86_64-linux-gnu/libxcb-glx.so.0.0.0
7f69df9ca000-7f69dfbca000 ---p 00018000 08:01 11540472                   /usr/lib/x86_64-linux-gnu/libxcb-glx.so.0.0.0
7f69dfbca000-7f69dfbcc000 r--p 00018000 08:01 11540472                   /usr/lib/x86_64-linux-gnu/libxcb-glx.so.0.0.0
7f69dfbcc000-7f69dfbcd000 rw-p 0001a000 08:01 11540472                   /usr/lib/x86_64-linux-gnu/libxcb-glx.so.0.0.0
7f69dfbcd000-7f69dfbce000 r-xp 00000000 08:01 11538787                   /usr/lib/x86_64-linux-gnu/libX11-xcb.so.1.0.0
7f69dfbce000-7f69dfdcd000 ---p 00001000 08:01 11538787                   /usr/lib/x86_64-linux-gnu/libX11-xcb.so.1.0.0
7f69dfdcd000-7f69dfdce000 r--p 00000000 08:01 11538787                   /usr/lib/x86_64-linux-gnu/libX11-xcb.so.1.0.0
7f69dfdce000-7f69dfdcf000 rw-p 00001000 08:01 11538787                   /usr/lib/x86_64-linux-gnu/libX11-xcb.so.1.0.0
7f69dfdcf000-7f69dfdfb000 r-xp 00000000 08:01 11539326                   /usr/lib/x86_64-linux-gnu/libglapi.so.0.0.0
7f69dfdfb000-7f69dfffa000 ---p 0002c000 08:01 11539326                   /usr/lib/x86_64-linux-gnu/libglapi.so.0.0.0
7f69dfffa000-7f69dfffe000 r--p 0002b000 08:01 11539326                   /usr/lib/x86_64-linux-gnu/libglapi.so.0.0.0
7f69dfffe000-7f69dffff000 rw-p 0002f000 08:01 11539326                   /usr/lib/x86_64-linux-gnu/libglapi.so.0.0.0
7f69dffff000-7f69e0000000 rw-p 00000000 00:00 0 
7f69e0000000-7f69e18b2000 rw-p 00000000 00:00 0 
7f69e18b2000-7f69e4000000 ---p 00000000 00:00 0 
7f69e407f000-7f69e408f000 rw-s 00000000 00:19 622                        /i915 (deleted)
7f69e408f000-7f69e40ef000 rw-s 00000000 00:19 618                        /i915 (deleted)
7f69e40ef000-7f69e40f0000 r-xp 00000000 08:01 11540522                   /usr/lib/x86_64-linux-gnu/libxshmfence.so.1.0.0
7f69e40f0000-7f69e42ef000 ---p 00001000 08:01 11540522                   /usr/lib/x86_64-linux-gnu/libxshmfence.so.1.0.0
7f69e42ef000-7f69e42f0000 r--p 00000000 08:01 11540522                   /usr/lib/x86_64-linux-gnu/libxshmfence.so.1.0.0
7f69e42f0000-7f69e42f1000 rw-p 00001000 08:01 11540522                   /usr/lib/x86_64-linux-gnu/libxshmfence.so.1.0.0
7f69e42f1000-7f69e42f7000 r-xp 00000000 08:01 11540492                   /usr/lib/x86_64-linux-gnu/libxcb-sync.so.1.0.0
7f69e42f7000-7f69e44f6000 ---p 00006000 08:01 11540492                   /usr/lib/x86_64-linux-gnu/libxcb-sync.so.1.0.0
7f69e44f6000-7f69e44f7000 r--p 00005000 08:01 11540492                   /usr/lib/x86_64-linux-gnu/libxcb-sync.so.1.0.0
7f69e44f7000-7f69e44f8000 rw-p 00006000 08:01 11540492                   /usr/lib/x86_64-linux-gnu/libxcb-sync.so.1.0.0
7f69e44f8000-7f69e44fa000 r-xp 00000000 08:01 11540480                   /usr/lib/x86_64-linux-gnu/libxcb-present.so.0.0.0
7f69e44fa000-7f69e46f9000 ---p 00002000 08:01 11540480                   /usr/lib/x86_64-linux-gnu/libxcb-present.so.0.0.0
7f69e46f9000-7f69e46fa000 r--p 00001000 08:01 11540480                   /usr/lib/x86_64-linux-gnu/libxcb-present.so.0.0.0
7f69e46fa000-7f69e46fb000 rw-p 00002000 08:01 11540480                   /usr/lib/x86_64-linux-gnu/libxcb-present.so.0.0.0
7f69e46fb000-7f69e4702000 r-xp 00000000 08:01 11540496                   /usr/lib/x86_64-linux-gnu/libxcb-xfixes.so.0.0.0
7f69e4702000-7f69e4901000 ---p 00007000 08:01 11540496                   /usr/lib/x86_64-linux-gnu/libxcb-xfixes.so.0.0.0
7f69e4901000-7f69e4902000 r--p 00006000 08:01 11540496                   /usr/lib/x86_64-linux-gnu/libxcb-xfixes.so.0.0.0
7f69e4902000-7f69e4903000 rw-p 00007000 08:01 11540496                   /usr/lib/x86_64-linux-gnu/libxcb-xfixes.so.0.0.0
7f69e4903000-7f69e4905000 r-xp 00000000 08:01 11540468                   /usr/lib/x86_64-linux-gnu/libxcb-dri3.so.0.0.0
7f69e4905000-7f69e4b04000 ---p 00002000 08:01 11540468                   /usr/lib/x86_64-linux-gnu/libxcb-dri3.so.0.0.0
7f69e4b04000-7f69e4b05000 r--p 00001000 08:01 11540468                   /usr/lib/x86_64-linux-gnu/libxcb-dri3.so.0.0.0
7f69e4b05000-7f69e4b06000 rw-p 00002000 08:01 11540468                   /usr/lib/x86_64-linux-gnu/libxcb-dri3.so.0.0.0
7f69e4b06000-7f69e4b78000 r-xp 00000000 08:01 11538539                   /usr/lib/x86_64-linux-gnu/libGLX_mesa.so.0.0.0
7f69e4b78000-7f69e4d77000 ---p 00072000 08:01 11538539                   /usr/lib/x86_64-linux-gnu/libGLX_mesa.so.0.0.0
7f69e4d77000-7f69e4d7a000 r--p 00071000 08:01 11538539                   /usr/lib/x86_64-linux-gnu/libGLX_mesa.so.0.0.0
7f69e4d7a000-7f69e4d7b000 rw-p 00074000 08:01 11538539                   /usr/lib/x86_64-linux-gnu/libGLX_mesa.so.0.0.0
7f69e4d7b000-7f69e4d7c000 rw-p 00000000 00:00 0 
7f69e4d7c000-7f69e4d80000 r-xp 00000000 08:01 11540371                   /usr/lib/x86_64-linux-gnu/libuuid.so.1.3.0
7f69e4d80000-7f69e4f7f000 ---p 00004000 08:01 11540371                   /usr/lib/x86_64-linux-gnu/libuuid.so.1.3.0
7f69e4f7f000-7f69e4f80000 r--p 00003000 08:01 11540371                   /usr/lib/x86_64-linux-gnu/libuuid.so.1.3.0
7f69e4f80000-7f69e4f81000 rw-p 00004000 08:01 11540371                   /usr/lib/x86_64-linux-gnu/libuuid.so.1.3.0
7f69e4f81000-7f69e4f94000 r-xp 00000000 08:01 11538944                   /usr/lib/x86_64-linux-gnu/libbsd.so.0.8.3
7f69e4f94000-7f69e5194000 ---p 00013000 08:01 11538944                   /usr/lib/x86_64-linux-gnu/libbsd.so.0.8.3
7f69e5194000-7f69e5195000 r--p 00013000 08:01 11538944                   /usr/lib/x86_64-linux-gnu/libbsd.so.0.8.3
7f69e5195000-7f69e5196000 rw-p 00014000 08:01 11538944                   /usr/lib/x86_64-linux-gnu/libbsd.so.0.8.3
7f69e5196000-7f69e5197000 rw-p 00000000 00:00 0 
7f69e5197000-7f69e519e000 r-xp 00000000 08:01 11539034                   /usr/lib/x86_64-linux-gnu/libdatrie.so.1.3.3
7f69e519e000-7f69e539d000 ---p 00007000 08:01 11539034                   /usr/lib/x86_64-linux-gnu/libdatrie.so.1.3.3
7f69e539d000-7f69e539e000 r--p 00006000 08:01 11539034                   /usr/lib/x86_64-linux-gnu/libdatrie.so.1.3.3
7f69e539e000-7f69e539f000 rw-p 00007000 08:01 11539034                   /usr/lib/x86_64-linux-gnu/libdatrie.so.1.3.3
7f69e539f000-7f69e53ca000 r-xp 00000000 08:01 11539479                   /usr/lib/x86_64-linux-gnu/libgraphite2.so.3.0.1
7f69e53ca000-7f69e55c9000 ---p 0002b000 08:01 11539479                   /usr/lib/x86_64-linux-gnu/libgraphite2.so.3.0.1
7f69e55c9000-7f69e55cb000 r--p 0002a000 08:01 11539479                   /usr/lib/x86_64-linux-gnu/libgraphite2.so.3.0.1
7f69e55cb000-7f69e55cc000 rw-p 0002c000 08:01 11539479                   /usr/lib/x86_64-linux-gnu/libgraphite2.so.3.0.1
7f69e55cc000-7f69e560d000 r-xp 00000000 08:01 11538929                   /usr/lib/x86_64-linux-gnu/libblkid.so.1.1.0
7f69e560d000-7f69e580c000 ---p 00041000 08:01 11538929                   /usr/lib/x86_64-linux-gnu/libblkid.so.1.1.0
7f69e580c000-7f69e5810000 r--p 00040000 08:01 11538929                   /usr/lib/x86_64-linux-gnu/libblkid.so.1.1.0
7f69e5810000-7f69e5811000 rw-p 00044000 08:01 11538929                   /usr/lib/x86_64-linux-gnu/libblkid.so.1.1.0
7f69e5811000-7f69e5812000 rw-p 00000000 00:00 0 
7f69e5812000-7f69e5817000 r-xp 00000000 08:01 11538804                   /usr/lib/x86_64-linux-gnu/libXdmcp.so.6.0.0
7f69e5817000-7f69e5a16000 ---p 00005000 08:01 11538804                   /usr/lib/x86_64-linux-gnu/libXdmcp.so.6.0.0
7f69e5a16000-7f69e5a17000 r--p 00004000 08:01 11538804                   /usr/lib/x86_64-linux-gnu/libXdmcp.so.6.0.0
7f69e5a17000-7f69e5a18000 rw-p 00005000 08:01 11538804                   /usr/lib/x86_64-linux-gnu/libXdmcp.so.6.0.0
7f69e5a18000-7f69e5a1b000 r-xp 00000000 08:01 11538793                   /usr/lib/x86_64-linux-gnu/libXau.so.6.0.0
7f69e5a1b000-7f69e5c1a000 ---p 00003000 08:01 11538793                   /usr/lib/x86_64-linux-gnu/libXau.so.6.0.0
7f69e5c1a000-7f69e5c1b000 r--p 00002000 08:01 11538793                   /usr/lib/x86_64-linux-gnu/libXau.so.6.0.0
7f69e5c1b000-7f69e5c1c000 rw-p 00003000 08:01 11538793                   /usr/lib/x86_64-linux-gnu/libXau.so.6.0.0
7f69e5c1c000-7f69e5c8c000 r-xp 00000000 08:01 11538541                   /usr/lib/x86_64-linux-gnu/libGLdispatch.so.0.0.0
7f69e5c8c000-7f69e5e8c000 ---p 00070000 08:01 11538541                   /usr/lib/x86_64-linux-gnu/libGLdispatch.so.0.0.0
7f69e5e8c000-7f69e5eb5000 r--p 00070000 08:01 11538541                   /usr/lib/x86_64-linux-gnu/libGLdispatch.so.0.0.0
7f69e5eb5000-7f69e5eb6000 rw-p 00099000 08:01 11538541                   /usr/lib/x86_64-linux-gnu/libGLdispatch.so.0.0.0
7f69e5eb6000-7f69e5ed6000 rw-p 00000000 00:00 0 
7f69e5ed6000-7f69e5ee6000 r-xp 00000000 08:01 11538536                   /usr/lib/x86_64-linux-gnu/libGLX.so.0.0.0
7f69e5ee6000-7f69e60e6000 ---p 00010000 08:01 11538536                   /usr/lib/x86_64-linux-gnu/libGLX.so.0.0.0
7f69e60e6000-7f69e60e7000 r--p 00010000 08:01 11538536                   /usr/lib/x86_64-linux-gnu/libGLX.so.0.0.0
7f69e60e7000-7f69e60e8000 rw-p 00011000 08:01 11538536                   /usr/lib/x86_64-linux-gnu/libGLX.so.0.0.0
7f69e60e8000-7f69e6108000 rw-p 00000000 00:00 0 
7f69e6108000-7f69e617a000 r-xp 00000000 08:01 11540029                   /usr/lib/x86_64-linux-gnu/libpcre.so.3.13.3
7f69e617a000-7f69e6379000 ---p 00072000 08:01 11540029                   /usr/lib/x86_64-linux-gnu/libpcre.so.3.13.3
7f69e6379000-7f69e637a000 r--p 00071000 08:01 11540029                   /usr/lib/x86_64-linux-gnu/libpcre.so.3.13.3
7f69e637a000-7f69e637b000 rw-p 00072000 08:01 11540029                   /usr/lib/x86_64-linux-gnu/libpcre.so.3.13.3
7f69e637b000-7f69e63a2000 r-xp 00000000 08:01 11539190                   /usr/lib/x86_64-linux-gnu/libexpat.so.1.6.2
7f69e63a2000-7f69e65a2000 ---p 00027000 08:01 11539190                   /usr/lib/x86_64-linux-gnu/libexpat.so.1.6.2
7f69e65a2000-7f69e65a4000 r--p 00027000 08:01 11539190                   /usr/lib/x86_64-linux-gnu/libexpat.so.1.6.2
7f69e65a4000-7f69e65a5000 rw-p 00029000 08:01 11539190                   /usr/lib/x86_64-linux-gnu/libexpat.so.1.6.2
7f69e65a5000-7f69e65ac000 r-xp 00000000 08:01 11539210                   /usr/lib/x86_64-linux-gnu/libffi.so.6.0.4
7f69e65ac000-7f69e67ac000 ---p 00007000 08:01 11539210                   /usr/lib/x86_64-linux-gnu/libffi.so.6.0.4
7f69e67ac000-7f69e67ad000 r--p 00007000 08:01 11539210                   /usr/lib/x86_64-linux-gnu/libffi.so.6.0.4
7f69e67ad000-7f69e67ae000 rw-p 00008000 08:01 11539210                   /usr/lib/x86_64-linux-gnu/libffi.so.6.0.4
7f69e67ae000-7f69e67b6000 r-xp 00000000 08:01 11540304                   /usr/lib/x86_64-linux-gnu/libthai.so.0.3.0
7f69e67b6000-7f69e69b6000 ---p 00008000 08:01 11540304                   /usr/lib/x86_64-linux-gnu/libthai.so.0.3.0
7f69e69b6000-7f69e69b7000 r--p 00008000 08:01 11540304                   /usr/lib/x86_64-linux-gnu/libthai.so.0.3.0
7f69e69b7000-7f69e69b8000 rw-p 00009000 08:01 11540304                   /usr/lib/x86_64-linux-gnu/libthai.so.0.3.0
7f69e69b8000-7f69e6a4b000 r-xp 00000000 08:01 11539576                   /usr/lib/x86_64-linux-gnu/libharfbuzz.so.0.10400.2
7f69e6a4b000-7f69e6c4a000 ---p 00093000 08:01 11539576                   /usr/lib/x86_64-linux-gnu/libharfbuzz.so.0.10400.2
7f69e6c4a000-7f69e6c4c000 r--p 00092000 08:01 11539576                   /usr/lib/x86_64-linux-gnu/libharfbuzz.so.0.10400.2
7f69e6c4c000-7f69e6c4d000 rw-p 00094000 08:01 11539576                   /usr/lib/x86_64-linux-gnu/libharfbuzz.so.0.10400.2
7f69e6c4d000-7f69e6c97000 r-xp 00000000 08:01 11539817                   /usr/lib/x86_64-linux-gnu/libmount.so.1.1.0
7f69e6c97000-7f69e6e97000 ---p 0004a000 08:01 11539817                   /usr/lib/x86_64-linux-gnu/libmount.so.1.1.0
7f69e6e97000-7f69e6e98000 r--p 0004a000 08:01 11539817                   /usr/lib/x86_64-linux-gnu/libmount.so.1.1.0
7f69e6e98000-7f69e6e99000 rw-p 0004b000 08:01 11539817                   /usr/lib/x86_64-linux-gnu/libmount.so.1.1.0
7f69e6e99000-7f69e6e9b000 rw-p 00000000 00:00 0 
7f69e6e9b000-7f69e6eaf000 r-xp 00000000 08:01 11540155                   /usr/lib/x86_64-linux-gnu/libresolv-2.24.so
7f69e6eaf000-7f69e70ae000 ---p 00014000 08:01 11540155                   /usr/lib/x86_64-linux-gnu/libresolv-2.24.so
7f69e70ae000-7f69e70af000 r--p 00013000 08:01 11540155                   /usr/lib/x86_64-linux-gnu/libresolv-2.24.so
7f69e70af000-7f69e70b0000 rw-p 00014000 08:01 11540155                   /usr/lib/x86_64-linux-gnu/libresolv-2.24.so
7f69e70b0000-7f69e70b2000 rw-p 00000000 00:00 0 
7f69e70b2000-7f69e70d7000 r-xp 00000000 08:01 11540203                   /usr/lib/x86_64-linux-gnu/libselinux.so.1
7f69e70d7000-7f69e72d6000 ---p 00025000 08:01 11540203                   /usr/lib/x86_64-linux-gnu/libselinux.so.1
7f69e72d6000-7f69e72d7000 r--p 00024000 08:01 11540203                   /usr/lib/x86_64-linux-gnu/libselinux.so.1
7f69e72d7000-7f69e72d8000 rw-p 00025000 08:01 11540203                   /usr/lib/x86_64-linux-gnu/libselinux.so.1
7f69e72d8000-7f69e72da000 rw-p 00000000 00:00 0 
7f69e72da000-7f69e72e6000 r-xp 00000000 08:01 11540486                   /usr/lib/x86_64-linux-gnu/libxcb-render.so.0.0.0
7f69e72e6000-7f69e74e6000 ---p 0000c000 08:01 11540486                   /usr/lib/x86_64-linux-gnu/libxcb-render.so.0.0.0
7f69e74e6000-7f69e74e7000 r--p 0000c000 08:01 11540486                   /usr/lib/x86_64-linux-gnu/libxcb-render.so.0.0.0
7f69e74e7000-7f69e74e8000 rw-p 0000d000 08:01 11540486                   /usr/lib/x86_64-linux-gnu/libxcb-render.so.0.0.0
7f69e74e8000-7f69e750f000 r-xp 00000000 08:01 11540504                   /usr/lib/x86_64-linux-gnu/libxcb.so.1.1.0
7f69e750f000-7f69e770e000 ---p 00027000 08:01 11540504                   /usr/lib/x86_64-linux-gnu/libxcb.so.1.1.0
7f69e770e000-7f69e770f000 r--p 00026000 08:01 11540504                   /usr/lib/x86_64-linux-gnu/libxcb.so.1.1.0
7f69e770f000-7f69e7710000 rw-p 00027000 08:01 11540504                   /usr/lib/x86_64-linux-gnu/libxcb.so.1.1.0
7f69e7710000-7f69e7712000 r-xp 00000000 08:01 11540490                   /usr/lib/x86_64-linux-gnu/libxcb-shm.so.0.0.0
7f69e7712000-7f69e7912000 ---p 00002000 08:01 11540490                   /usr/lib/x86_64-linux-gnu/libxcb-shm.so.0.0.0
7f69e7912000-7f69e7913000 r--p 00002000 08:01 11540490                   /usr/lib/x86_64-linux-gnu/libxcb-shm.so.0.0.0
7f69e7913000-7f69e7914000 rw-p 00003000 08:01 11540490                   /usr/lib/x86_64-linux-gnu/libxcb-shm.so.0.0.0
7f69e7914000-7f69e7945000 r-xp 00000000 08:01 11540076                   /usr/lib/x86_64-linux-gnu/libpng16.so.16.28.0
7f69e7945000-7f69e7b45000 ---p 00031000 08:01 11540076                   /usr/lib/x86_64-linux-gnu/libpng16.so.16.28.0
7f69e7b45000-7f69e7b46000 r--p 00031000 08:01 11540076                   /usr/lib/x86_64-linux-gnu/libpng16.so.16.28.0
7f69e7b46000-7f69e7b47000 rw-p 00032000 08:01 11540076                   /usr/lib/x86_64-linux-gnu/libpng16.so.16.28.0
7f69e7b47000-7f69e7be5000 r-xp 00000000 08:01 11540059                   /usr/lib/x86_64-linux-gnu/libpixman-1.so.0.34.0
7f69e7be5000-7f69e7de5000 ---p 0009e000 08:01 11540059                   /usr/lib/x86_64-linux-gnu/libpixman-1.so.0.34.0
7f69e7de5000-7f69e7ded000 r--p 0009e000 08:01 11540059                   /usr/lib/x86_64-linux-gnu/libpixman-1.so.0.34.0
7f69e7ded000-7f69e7dee000 rw-p 000a6000 08:01 11540059                   /usr/lib/x86_64-linux-gnu/libpixman-1.so.0.34.0
7f69e7dee000-7f69e7dff000 r-xp 00000000 08:01 11538806                   /usr/lib/x86_64-linux-gnu/libXext.so.6.4.0
7f69e7dff000-7f69e7ffe000 ---p 00011000 08:01 11538806                   /usr/lib/x86_64-linux-gnu/libXext.so.6.4.0
7f69e7ffe000-7f69e7fff000 r--p 00010000 08:01 11538806                   /usr/lib/x86_64-linux-gnu/libXext.so.6.4.0
7f69e7fff000-7f69e8000000 rw-p 00011000 08:01 11538806                   /usr/lib/x86_64-linux-gnu/libXext.so.6.4.0
7f69e8000000-7f69e8021000 rw-p 00000000 00:00 0 
7f69e8021000-7f69ec000000 ---p 00000000 00:00 0 
7f69ec000000-7f69ec021000 rw-p 00000000 00:00 0 
7f69ec021000-7f69f0000000 ---p 00000000 00:00 0 
7f69f0000000-7f69f0211000 rw-p 00000000 00:00 0 
7f69f0211000-7f69f4000000 ---p 00000000 00:00 0 
7f69f4000000-7f69f43b2000 rw-p 00000000 00:00 0 
7f69f43b2000-7f69f8000000 ---p 00000000 00:00 0 
7f69f8000000-7f69f8021000 rw-p 00000000 00:00 0 
7f69f8021000-7f69fc000000 ---p 00000000 00:00 0 
7f69fc000000-7f69fc20e000 rw-p 00000000 00:00 0 
7f69fc20e000-7f6a00000000 ---p 00000000 00:00 0 
7f6a00000000-7f6a00021000 rw-p 00000000 00:00 0 
7f6a00021000-7f6a04000000 ---p 00000000 00:00 0 
7f6a04000000-7f6a04021000 rw-p 00000000 00:00 0 
7f6a04021000-7f6a08000000 ---p 00000000 00:00 0 
7f6a08000000-7f6a08021000 rw-p 00000000 00:00 0 
7f6a08021000-7f6a0c000000 ---p 00000000 00:00 0 
7f6a0c000000-7f6a0c021000 rw-p 00000000 00:00 0 
7f6a0c021000-7f6a10000000 ---p 00000000 00:00 0 
7f6a10000000-7f6a10021000 rw-p 00000000 00:00 0 
7f6a10021000-7f6a14000000 ---p 00000000 00:00 0 
7f6a14000000-7f6a14002000 rw-s 00000000 00:19 644                        /i915 (deleted)
7f6a14002000-7f6a14007000 rw-s 00000000 00:19 642                        /i915 (deleted)
7f6a14007000-7f6a14017000 rw-s 00000000 00:19 621                        /i915 (deleted)
7f6a14017000-7f6a1401b000 rw-s 00000000 00:19 620                        /i915 (deleted)
7f6a1401b000-7f6a14020000 rw-s 00000000 00:19 619                        /i915 (deleted)
7f6a14020000-7f6a14030000 rw-s 00000000 00:19 614                        /i915 (deleted)
7f6a14030000-7f6a1407b000 r--p 00000000 08:01 12193281                   /usr/share/fonts/truetype/noto/NotoSans-Regular.ttf
7f6a1407b000-7f6a140a4000 r--p 00000000 08:01 12590582                   /usr/share/locale/pt/LC_MESSAGES/gtk20-properties.mo
7f6a140a4000-7f6a140e6000 r--s 00000000 08:01 1048622                    /var/cache/fontconfig/0bd3dc0958fa2205aaaa8ebb13e2872b-le64.cache-4
7f6a140e6000-7f6a140e9000 ---p 00000000 00:00 0 
7f6a140e9000-7f6a141e7000 rw-p 00000000 00:00 0 
7f6a141e7000-7f6a141f1000 r-xp 00000000 08:01 11538800                   /usr/lib/x86_64-linux-gnu/libXcursor.so.1.0.2
7f6a141f1000-7f6a143f0000 ---p 0000a000 08:01 11538800                   /usr/lib/x86_64-linux-gnu/libXcursor.so.1.0.2
7f6a143f0000-7f6a143f1000 r--p 00009000 08:01 11538800                   /usr/lib/x86_64-linux-gnu/libXcursor.so.1.0.2
7f6a143f1000-7f6a143f2000 rw-p 0000a000 08:01 11538800                   /usr/lib/x86_64-linux-gnu/libXcursor.so.1.0.2
7f6a143f2000-7f6a143fc000 r-xp 00000000 08:01 11538826                   /usr/lib/x86_64-linux-gnu/libXrandr.so.2.2.0
7f6a143fc000-7f6a145fb000 ---p 0000a000 08:01 11538826                   /usr/lib/x86_64-linux-gnu/libXrandr.so.2.2.0
7f6a145fb000-7f6a145fc000 r--p 00009000 08:01 11538826                   /usr/lib/x86_64-linux-gnu/libXrandr.so.2.2.0
7f6a145fc000-7f6a145fd000 rw-p 0000a000 08:01 11538826                   /usr/lib/x86_64-linux-gnu/libXrandr.so.2.2.0
7f6a145fd000-7f6a1460c000 r-xp 00000000 08:01 11538816                   /usr/lib/x86_64-linux-gnu/libXi.so.6.1.0
7f6a1460c000-7f6a1480b000 ---p 0000f000 08:01 11538816                   /usr/lib/x86_64-linux-gnu/libXi.so.6.1.0
7f6a1480b000-7f6a1480c000 r--p 0000e000 08:01 11538816                   /usr/lib/x86_64-linux-gnu/libXi.so.6.1.0
7f6a1480c000-7f6a1480d000 rw-p 0000f000 08:01 11538816                   /usr/lib/x86_64-linux-gnu/libXi.so.6.1.0
7f6a1480d000-7f6a1480f000 r-xp 00000000 08:01 11538818                   /usr/lib/x86_64-linux-gnu/libXinerama.so.1.0.0
7f6a1480f000-7f6a14a0e000 ---p 00002000 08:01 11538818                   /usr/lib/x86_64-linux-gnu/libXinerama.so.1.0.0
7f6a14a0e000-7f6a14a0f000 r--p 00001000 08:01 11538818                   /usr/lib/x86_64-linux-gnu/libXinerama.so.1.0.0
7f6a14a0f000-7f6a14a10000 rw-p 00002000 08:01 11538818                   /usr/lib/x86_64-linux-gnu/libXinerama.so.1.0.0
7f6a14a10000-7f6a14a19000 r-xp 00000000 08:01 11538828                   /usr/lib/x86_64-linux-gnu/libXrender.so.1.3.0
7f6a14a19000-7f6a14c18000 ---p 00009000 08:01 11538828                   /usr/lib/x86_64-linux-gnu/libXrender.so.1.3.0
7f6a14c18000-7f6a14c19000 r--p 00008000 08:01 11538828                   /usr/lib/x86_64-linux-gnu/libXrender.so.1.3.0
7f6a14c19000-7f6a14c1a000 rw-p 00009000 08:01 11538828                   /usr/lib/x86_64-linux-gnu/libXrender.so.1.3.0
7f6a14c1a000-7f6a14c1f000 r-xp 00000000 08:01 11538808                   /usr/lib/x86_64-linux-gnu/libXfixes.so.3.1.0
7f6a14c1f000-7f6a14e1e000 ---p 00005000 08:01 11538808                   /usr/lib/x86_64-linux-gnu/libXfixes.so.3.1.0
7f6a14e1e000-7f6a14e1f000 r--p 00004000 08:01 11538808                   /usr/lib/x86_64-linux-gnu/libXfixes.so.3.1.0
7f6a14e1f000-7f6a14e20000 rw-p 00005000 08:01 11538808                   /usr/lib/x86_64-linux-gnu/libXfixes.so.3.1.0
7f6a14e20000-7f6a14e22000 r-xp 00000000 08:01 11538802                   /usr/lib/x86_64-linux-gnu/libXdamage.so.1.1.0
7f6a14e22000-7f6a15021000 ---p 00002000 08:01 11538802                   /usr/lib/x86_64-linux-gnu/libXdamage.so.1.1.0
7f6a15021000-7f6a15022000 r--p 00001000 08:01 11538802                   /usr/lib/x86_64-linux-gnu/libXdamage.so.1.1.0
7f6a15022000-7f6a15023000 rw-p 00002000 08:01 11538802                   /usr/lib/x86_64-linux-gnu/libXdamage.so.1.1.0
7f6a15023000-7f6a15025000 r-xp 00000000 08:01 11538798                   /usr/lib/x86_64-linux-gnu/libXcomposite.so.1.0.0
7f6a15025000-7f6a15224000 ---p 00002000 08:01 11538798                   /usr/lib/x86_64-linux-gnu/libXcomposite.so.1.0.0
7f6a15224000-7f6a15225000 r--p 00001000 08:01 11538798                   /usr/lib/x86_64-linux-gnu/libXcomposite.so.1.0.0
7f6a15225000-7f6a15226000 rw-p 00002000 08:01 11538798                   /usr/lib/x86_64-linux-gnu/libXcomposite.so.1.0.0
7f6a15226000-7f6a15229000 r-xp 00000000 08:01 11539344                   /usr/lib/x86_64-linux-gnu/libgmodule-2.0.so.0.5000.3
7f6a15229000-7f6a15428000 ---p 00003000 08:01 11539344                   /usr/lib/x86_64-linux-gnu/libgmodule-2.0.so.0.5000.3
7f6a15428000-7f6a15429000 r--p 00002000 08:01 11539344                   /usr/lib/x86_64-linux-gnu/libgmodule-2.0.so.0.5000.3
7f6a15429000-7f6a1542a000 rw-p 00003000 08:01 11539344                   /usr/lib/x86_64-linux-gnu/libgmodule-2.0.so.0.5000.3
7f6a1542a000-7f6a1549f000 r-xp 00000000 08:01 11538530                   /usr/lib/x86_64-linux-gnu/libGL.so.1.7.0
7f6a1549f000-7f6a1569f000 ---p 00075000 08:01 11538530                   /usr/lib/x86_64-linux-gnu/libGL.so.1.7.0
7f6a1569f000-7f6a156b9000 r--p 00075000 08:01 11538530                   /usr/lib/x86_64-linux-gnu/libGL.so.1.7.0
7f6a156b9000-7f6a156ba000 rw-p 0008f000 08:01 11538530                   /usr/lib/x86_64-linux-gnu/libGL.so.1.7.0
7f6a156ba000-7f6a156bb000 rw-p 00000000 00:00 0 
7f6a156bb000-7f6a156c0000 r-xp 00000000 08:01 11538844                   /usr/lib/x86_64-linux-gnu/libXxf86vm.so.1.0.0
7f6a156c0000-7f6a158bf000 ---p 00005000 08:01 11538844                   /usr/lib/x86_64-linux-gnu/libXxf86vm.so.1.0.0
7f6a158bf000-7f6a158c0000 r--p 00004000 08:01 11538844                   /usr/lib/x86_64-linux-gnu/libXxf86vm.so.1.0.0
7f6a158c0000-7f6a158c1000 rw-p 00005000 08:01 11538844                   /usr/lib/x86_64-linux-gnu/libXxf86vm.so.1.0.0
7f6a158c1000-7f6a159fb000 r-xp 00000000 08:01 11538789                   /usr/lib/x86_64-linux-gnu/libX11.so.6.3.0
7f6a159fb000-7f6a15bfb000 ---p 0013a000 08:01 11538789                   /usr/lib/x86_64-linux-gnu/libX11.so.6.3.0
7f6a15bfb000-7f6a15bfc000 r--p 0013a000 08:01 11538789                   /usr/lib/x86_64-linux-gnu/libX11.so.6.3.0
7f6a15bfc000-7f6a15c01000 rw-p 0013b000 08:01 11538789                   /usr/lib/x86_64-linux-gnu/libX11.so.6.3.0
7f6a15c01000-7f6a15c06000 r-xp 00000000 08:01 11538834                   /usr/lib/x86_64-linux-gnu/libXtst.so.6.1.0
7f6a15c06000-7f6a15e05000 ---p 00005000 08:01 11538834                   /usr/lib/x86_64-linux-gnu/libXtst.so.6.1.0
7f6a15e05000-7f6a15e06000 r--p 00004000 08:01 11538834                   /usr/lib/x86_64-linux-gnu/libXtst.so.6.1.0
7f6a15e06000-7f6a15e07000 rw-p 00005000 08:01 11538834                   /usr/lib/x86_64-linux-gnu/libXtst.so.6.1.0
7f6a15e07000-7f6a15f19000 r-xp 00000000 08:01 11539332                   /usr/lib/x86_64-linux-gnu/libglib-2.0.so.0.5000.3
7f6a15f19000-7f6a16118000 ---p 00112000 08:01 11539332                   /usr/lib/x86_64-linux-gnu/libglib-2.0.so.0.5000.3
7f6a16118000-7f6a16119000 r--p 00111000 08:01 11539332                   /usr/lib/x86_64-linux-gnu/libglib-2.0.so.0.5000.3
7f6a16119000-7f6a1611a000 rw-p 00112000 08:01 11539332                   /usr/lib/x86_64-linux-gnu/libglib-2.0.so.0.5000.3
7f6a1611a000-7f6a1611b000 rw-p 00000000 00:00 0 
7f6a1611b000-7f6a1611c000 r-xp 00000000 08:01 11539552                   /usr/lib/x86_64-linux-gnu/libgthread-2.0.so.0.5000.3
7f6a1611c000-7f6a1631b000 ---p 00001000 08:01 11539552                   /usr/lib/x86_64-linux-gnu/libgthread-2.0.so.0.5000.3
7f6a1631b000-7f6a1631c000 r--p 00000000 08:01 11539552                   /usr/lib/x86_64-linux-gnu/libgthread-2.0.so.0.5000.3
7f6a1631c000-7f6a1631d000 rw-p 00001000 08:01 11539552                   /usr/lib/x86_64-linux-gnu/libgthread-2.0.so.0.5000.3
7f6a1631d000-7f6a163c5000 r-xp 00000000 08:01 11539268                   /usr/lib/x86_64-linux-gnu/libfreetype.so.6.12.3
7f6a163c5000-7f6a165c5000 ---p 000a8000 08:01 11539268                   /usr/lib/x86_64-linux-gnu/libfreetype.so.6.12.3
7f6a165c5000-7f6a165cb000 r--p 000a8000 08:01 11539268                   /usr/lib/x86_64-linux-gnu/libfreetype.so.6.12.3
7f6a165cb000-7f6a165cc000 rw-p 000ae000 08:01 11539268                   /usr/lib/x86_64-linux-gnu/libfreetype.so.6.12.3
7f6a165cc000-7f6a16608000 r-xp 00000000 08:01 11539254                   /usr/lib/x86_64-linux-gnu/libfontconfig.so.1.8.0
7f6a16608000-7f6a16807000 ---p 0003c000 08:01 11539254                   /usr/lib/x86_64-linux-gnu/libfontconfig.so.1.8.0
7f6a16807000-7f6a16809000 r--p 0003b000 08:01 11539254                   /usr/lib/x86_64-linux-gnu/libfontconfig.so.1.8.0
7f6a16809000-7f6a1680a000 rw-p 0003d000 08:01 11539254                   /usr/lib/x86_64-linux-gnu/libfontconfig.so.1.8.0
7f6a1680a000-7f6a1685c000 r-xp 00000000 08:01 11539384                   /usr/lib/x86_64-linux-gnu/libgobject-2.0.so.0.5000.3
7f6a1685c000-7f6a16a5b000 ---p 00052000 08:01 11539384                   /usr/lib/x86_64-linux-gnu/libgobject-2.0.so.0.5000.3
7f6a16a5b000-7f6a16a5c000 r--p 00051000 08:01 11539384                   /usr/lib/x86_64-linux-gnu/libgobject-2.0.so.0.5000.3
7f6a16a5c000-7f6a16a5d000 rw-p 00052000 08:01 11539384                   /usr/lib/x86_64-linux-gnu/libgobject-2.0.so.0.5000.3
7f6a16a5d000-7f6a16aa6000 r-xp 00000000 08:01 11540004                   /usr/lib/x86_64-linux-gnu/libpango-1.0.so.0.4000.5
7f6a16aa6000-7f6a16ca5000 ---p 00049000 08:01 11540004                   /usr/lib/x86_64-linux-gnu/libpango-1.0.so.0.4000.5
7f6a16ca5000-7f6a16ca8000 r--p 00048000 08:01 11540004                   /usr/lib/x86_64-linux-gnu/libpango-1.0.so.0.4000.5
7f6a16ca8000-7f6a16ca9000 rw-p 0004b000 08:01 11540004                   /usr/lib/x86_64-linux-gnu/libpango-1.0.so.0.4000.5
7f6a16ca9000-7f6a16cbd000 r-xp 00000000 08:01 11540008                   /usr/lib/x86_64-linux-gnu/libpangoft2-1.0.so.0.4000.5
7f6a16cbd000-7f6a16ebd000 ---p 00014000 08:01 11540008                   /usr/lib/x86_64-linux-gnu/libpangoft2-1.0.so.0.4000.5
7f6a16ebd000-7f6a16ebe000 r--p 00014000 08:01 11540008                   /usr/lib/x86_64-linux-gnu/libpangoft2-1.0.so.0.4000.5
7f6a16ebe000-7f6a16ebf000 rw-p 00015000 08:01 11540008                   /usr/lib/x86_64-linux-gnu/libpangoft2-1.0.so.0.4000.5
7f6a16ebf000-7f6a1704c000 r-xp 00000000 08:01 11539320                   /usr/lib/x86_64-linux-gnu/libgio-2.0.so.0.5000.3
7f6a1704c000-7f6a1724c000 ---p 0018d000 08:01 11539320                   /usr/lib/x86_64-linux-gnu/libgio-2.0.so.0.5000.3
7f6a1724c000-7f6a17251000 r--p 0018d000 08:01 11539320                   /usr/lib/x86_64-linux-gnu/libgio-2.0.so.0.5000.3
7f6a17251000-7f6a17254000 rw-p 00192000 08:01 11539320                   /usr/lib/x86_64-linux-gnu/libgio-2.0.so.0.5000.3
7f6a17254000-7f6a17255000 rw-p 00000000 00:00 0 
7f6a17255000-7f6a17277000 r-xp 00000000 08:01 11539306                   /usr/lib/x86_64-linux-gnu/libgdk_pixbuf-2.0.so.0.3600.5
7f6a17277000-7f6a17477000 ---p 00022000 08:01 11539306                   /usr/lib/x86_64-linux-gnu/libgdk_pixbuf-2.0.so.0.3600.5
7f6a17477000-7f6a17478000 r--p 00022000 08:01 11539306                   /usr/lib/x86_64-linux-gnu/libgdk_pixbuf-2.0.so.0.3600.5
7f6a17478000-7f6a17479000 rw-p 00023000 08:01 11539306                   /usr/lib/x86_64-linux-gnu/libgdk_pixbuf-2.0.so.0.3600.5
7f6a17479000-7f6a17587000 r-xp 00000000 08:01 11538966                   /usr/lib/x86_64-linux-gnu/libcairo.so.2.11400.8
7f6a17587000-7f6a17787000 ---p 0010e000 08:01 11538966                   /usr/lib/x86_64-linux-gnu/libcairo.so.2.11400.8
7f6a17787000-7f6a1778a000 r--p 0010e000 08:01 11538966                   /usr/lib/x86_64-linux-gnu/libcairo.so.2.11400.8
7f6a1778a000-7f6a1778b000 rw-p 00111000 08:01 11538966                   /usr/lib/x86_64-linux-gnu/libcairo.so.2.11400.8
7f6a1778b000-7f6a1778d000 rw-p 00000000 00:00 0 
7f6a1778d000-7f6a177b0000 r-xp 00000000 08:01 11538888                   /usr/lib/x86_64-linux-gnu/libatk-1.0.so.0.22209.1
7f6a177b0000-7f6a179af000 ---p 00023000 08:01 11538888                   /usr/lib/x86_64-linux-gnu/libatk-1.0.so.0.22209.1
7f6a179af000-7f6a179b2000 r--p 00022000 08:01 11538888                   /usr/lib/x86_64-linux-gnu/libatk-1.0.so.0.22209.1
7f6a179b2000-7f6a179b3000 rw-p 00025000 08:01 11538888                   /usr/lib/x86_64-linux-gnu/libatk-1.0.so.0.22209.1
7f6a179b3000-7f6a17df3000 r-xp 00000000 08:01 11539558                   /usr/lib/x86_64-linux-gnu/libgtk-x11-2.0.so.0.2400.31
7f6a17df3000-7f6a17ff2000 ---p 00440000 08:01 11539558                   /usr/lib/x86_64-linux-gnu/libgtk-x11-2.0.so.0.2400.31
7f6a17ff2000-7f6a17ff9000 r--p 0043f000 08:01 11539558                   /usr/lib/x86_64-linux-gnu/libgtk-x11-2.0.so.0.2400.31
7f6a17ff9000-7f6a17ffd000 rw-p 00446000 08:01 11539558                   /usr/lib/x86_64-linux-gnu/libgtk-x11-2.0.so.0.2400.31
7f6a17ffd000-7f6a18000000 rw-p 00000000 00:00 0 
7f6a18000000-7f6a18021000 rw-p 00000000 00:00 0 
7f6a18021000-7f6a1c000000 ---p 00000000 00:00 0 
7f6a1c000000-7f6a1c00e000 rw-s 00000000 00:19 617                        /i915 (deleted)
7f6a1c00e000-7f6a1c01a000 rw-s 00000000 00:19 606                        /i915 (deleted)
7f6a1c01a000-7f6a1c15b000 rw-s 00000000 08:01 131145                     /home/hcls/.cache/mesa_shader_cache/index
7f6a1c15b000-7f6a1c20b000 r-xp 00000000 08:01 11539304                   /usr/lib/x86_64-linux-gnu/libgdk-x11-2.0.so.0.2400.31
7f6a1c20b000-7f6a1c40a000 ---p 000b0000 08:01 11539304                   /usr/lib/x86_64-linux-gnu/libgdk-x11-2.0.so.0.2400.31
7f6a1c40a000-7f6a1c40e000 r--p 000af000 08:01 11539304                   /usr/lib/x86_64-linux-gnu/libgdk-x11-2.0.so.0.2400.31
7f6a1c40e000-7f6a1c410000 rw-p 000b3000 08:01 11539304                   /usr/lib/x86_64-linux-gnu/libgdk-x11-2.0.so.0.2400.31
7f6a1c410000-7f6a20000000 rw-p 00000000 00:00 0 
7f6a20000000-7f6a20021000 rw-p 00000000 00:00 0 
7f6a20021000-7f6a24000000 ---p 00000000 00:00 0 
7f6a24000000-7f6a24001000 rw-s 00000000 00:19 601                        /i915 (deleted)
7f6a24001000-7f6a24002000 rw-s 00000000 00:19 602                        /i915 (deleted)
7f6a24002000-7f6a24015000 r--s 00346000 08:01 11544741                   /usr/lib/jvm/java-8-openjdk-amd64/jre/lib/resources.jar
7f6a24015000-7f6a24019000 r--s 00000000 08:01 1048621                    /var/cache/fontconfig/0fafd173547752dce4dee1a69e0b3c95-le64.cache-4
7f6a24019000-7f6a2401d000 r--s 00000000 08:01 1063484                    /var/cache/fontconfig/de156ccd2eddbdc19d37a45b8b2aac9c-le64.cache-4
7f6a2401d000-7f6a24023000 r--s 00000000 08:01 1048640                    /var/cache/fontconfig/3047814df9a2f067bd2d96a2b9c36e5a-le64.cache-4
7f6a24023000-7f6a24036000 r--s 00000000 08:01 1062050                    /var/cache/fontconfig/d52a8644073d54c13679302ca1180695-le64.cache-4
7f6a24036000-7f6a24042000 r--s 00000000 08:01 1063542                    /var/cache/fontconfig/d589a48862398ed80a3d6066f4f56f4c-le64.cache-4
7f6a24042000-7f6a24045000 r--s 00000000 08:01 1048635                    /var/cache/fontconfig/47e67d79d01846c7b6efd6b4f03a6092-le64.cache-4
7f6a24045000-7f6a24057000 r--s 00000000 08:01 1048623                    /var/cache/fontconfig/9b89f8e3dae116d678bbf48e5f21f69b-le64.cache-4
7f6a24057000-7f6a2405a000 r--s 00000000 08:01 1048643                    /var/cache/fontconfig/e13b20fdb08344e0e664864cc2ede53d-le64.cache-4
7f6a2405a000-7f6a2405f000 rw-s 00000000 00:19 605                        /i915 (deleted)
7f6a2405f000-7f6a24063000 rw-s 00000000 00:19 599                        /i915 (deleted)
7f6a24063000-7f6a24067000 rw-s 00000000 00:19 597                        /i915 (deleted)
7f6a24067000-7f6a24090000 r--p 00000000 08:01 12590723                   /usr/share/locale/pt_BR/LC_MESSAGES/gtk20-properties.mo
7f6a24090000-7f6a2409c000 r-xp 00000000 08:01 11540006                   /usr/lib/x86_64-linux-gnu/libpangocairo-1.0.so.0.4000.5
7f6a2409c000-7f6a2429b000 ---p 0000c000 08:01 11540006                   /usr/lib/x86_64-linux-gnu/libpangocairo-1.0.so.0.4000.5
7f6a2429b000-7f6a2429c000 r--p 0000b000 08:01 11540006                   /usr/lib/x86_64-linux-gnu/libpangocairo-1.0.so.0.4000.5
7f6a2429c000-7f6a2429d000 rw-p 0000c000 08:01 11540006                   /usr/lib/x86_64-linux-gnu/libpangocairo-1.0.so.0.4000.5
7f6a2429d000-7f6a2429e000 r--s 00000000 08:01 1048624                    /var/cache/fontconfig/16c2fda60d1b4b719f4b3d06fd951d25-le64.cache-4
7f6a2429e000-7f6a2429f000 r--s 00000000 08:01 1066469                    /var/cache/fontconfig/5df9eba3d3f2d3afe4369d5c874815ce-le64.cache-4
7f6a2429f000-7f6a242a4000 rw-s 00000000 00:19 596                        /i915 (deleted)
7f6a242a4000-7f6a242b3000 r--p 00000000 08:01 12590724                   /usr/share/locale/pt_BR/LC_MESSAGES/gtk20.mo
7f6a242b3000-7f6a242b8000 rw-s 00000000 00:19 593                        /i915 (deleted)
7f6a242b8000-7f6a242b9000 rwxp 00000000 00:00 0 
7f6a242b9000-7f6a242c5000 r-xp 00000000 08:01 11546954                   /usr/lib/jvm/java-8-openjdk-amd64/jre/lib/amd64/libprism_es2.so
7f6a242c5000-7f6a244c4000 ---p 0000c000 08:01 11546954                   /usr/lib/jvm/java-8-openjdk-amd64/jre/lib/amd64/libprism_es2.so
7f6a244c4000-7f6a244c5000 r--p 0000b000 08:01 11546954                   /usr/lib/jvm/java-8-openjdk-amd64/jre/lib/amd64/libprism_es2.so
7f6a244c5000-7f6a244c6000 rw-p 0000c000 08:01 11546954                   /usr/lib/jvm/java-8-openjdk-amd64/jre/lib/amd64/libprism_es2.so
7f6a244c6000-7f6a244c9000 ---p 00000000 00:00 0 
7f6a244c9000-7f6a245c7000 rw-p 00000000 00:00 0 
7f6a245c7000-7f6a2465d000 r--s 007ce000 08:01 12492546                   /usr/share/java/openjfx/jre/lib/ext/jfxrt.jar
7f6a2465d000-7f6a2465e000 ---p 00000000 00:00 0 
7f6a2465e000-7f6a2475e000 rw-p 00000000 00:00 0 
7f6a2475e000-7f6a24761000 ---p 00000000 00:00 0 
7f6a24761000-7f6a2485f000 rw-p 00000000 00:00 0 
7f6a2485f000-7f6a24862000 ---p 00000000 00:00 0 
7f6a24862000-7f6a24960000 rw-p 00000000 00:00 0 
7f6a24960000-7f6a24963000 ---p 00000000 00:00 0 
7f6a24963000-7f6a24a61000 rw-p 00000000 00:00 0 
7f6a24a61000-7f6a24a64000 ---p 00000000 00:00 0 
7f6a24a64000-7f6a24b62000 rw-p 00000000 00:00 0 
7f6a24b62000-7f6a24b65000 ---p 00000000 00:00 0 
7f6a24b65000-7f6a24c63000 rw-p 00000000 00:00 0 
7f6a24c63000-7f6a24dfe000 r--p 00000000 08:01 11148955                   /usr/lib/locale/locale-archive
7f6a24dfe000-7f6a24e01000 ---p 00000000 00:00 0 
7f6a24e01000-7f6a24eff000 rw-p 00000000 00:00 0 
7f6a24eff000-7f6a24f02000 ---p 00000000 00:00 0 
7f6a24f02000-7f6a25000000 rw-p 00000000 00:00 0 
7f6a25000000-7f6a254c0000 rwxp 00000000 00:00 0 
7f6a254c0000-7f6a34000000 ---p 00000000 00:00 0 
7f6a34000000-7f6a34251000 rw-p 00000000 00:00 0 
7f6a34251000-7f6a38000000 ---p 00000000 00:00 0 
7f6a38000000-7f6a38005000 rw-s 00000000 00:19 584                        /i915 (deleted)
7f6a38005000-7f6a3800c000 r--s 00000000 08:01 11538097                   /usr/lib/x86_64-linux-gnu/gconv/gconv-modules.cache
7f6a3800c000-7f6a3801b000 r--p 00000000 08:01 12590766                   /usr/share/locale/pt_BR/LC_MESSAGES/libc.mo
7f6a3801b000-7f6a38026000 r--s 000bc000 08:01 6965326                    /home/hcls/NetBeansProjects/SIGEPES/lib/PostgreSQLDriver/postgresql-42.2.5.jar
7f6a38026000-7f6a38041000 r--s 00394000 08:01 11803240                   /usr/lib/jvm/java-8-openjdk-amd64/jre/lib/ext/cldrdata.jar
7f6a38041000-7f6a3805c000 r--s 001d6000 08:01 11803245                   /usr/lib/jvm/java-8-openjdk-amd64/jre/lib/ext/nashorn.jar
7f6a3805c000-7f6a3805d000 ---p 00000000 00:00 0 
7f6a3805d000-7f6a3913e000 rw-p 00000000 00:00 0 
7f6a3913e000-7f6a3930d000 r--s 03c33000 08:01 11544742                   /usr/lib/jvm/java-8-openjdk-amd64/jre/lib/rt.jar
7f6a3930d000-7f6a39f42000 rw-p 00000000 00:00 0 
7f6a39f42000-7f6a39f43000 ---p 00000000 00:00 0 
7f6a39f43000-7f6a3a043000 rw-p 00000000 00:00 0 
7f6a3a043000-7f6a3a044000 ---p 00000000 00:00 0 
7f6a3a044000-7f6a3a144000 rw-p 00000000 00:00 0 
7f6a3a144000-7f6a3a145000 ---p 00000000 00:00 0 
7f6a3a145000-7f6a3a245000 rw-p 00000000 00:00 0 
7f6a3a245000-7f6a3a246000 ---p 00000000 00:00 0 
7f6a3a246000-7f6a3a36e000 rw-p 00000000 00:00 0 
7f6a3a36e000-7f6a3a5c6000 ---p 00000000 00:00 0 
7f6a3a5c6000-7f6a3a5ee000 rw-p 00000000 00:00 0 
7f6a3a5ee000-7f6a3a845000 ---p 00000000 00:00 0 
7f6a3a845000-7f6a3a869000 rw-p 00000000 00:00 0 
7f6a3a869000-7f6a3a985000 ---p 00000000 00:00 0 
7f6a3a985000-7f6a3a999000 rw-p 00000000 00:00 0 
7f6a3a999000-7f6a3ad46000 ---p 00000000 00:00 0 
7f6a3ad46000-7f6a3ad4e000 r-xp 00000000 08:01 11544729                   /usr/lib/jvm/java-8-openjdk-amd64/jre/lib/amd64/libzip.so
7f6a3ad4e000-7f6a3af4d000 ---p 00008000 08:01 11544729                   /usr/lib/jvm/java-8-openjdk-amd64/jre/lib/amd64/libzip.so
7f6a3af4d000-7f6a3af4e000 r--p 00007000 08:01 11544729                   /usr/lib/jvm/java-8-openjdk-amd64/jre/lib/amd64/libzip.so
7f6a3af4e000-7f6a3af4f000 rw-p 00008000 08:01 11544729                   /usr/lib/jvm/java-8-openjdk-amd64/jre/lib/amd64/libzip.so
7f6a3af4f000-7f6a3af59000 r-xp 00000000 08:01 11539920                   /usr/lib/x86_64-linux-gnu/libnss_files-2.24.so
7f6a3af59000-7f6a3b159000 ---p 0000a000 08:01 11539920                   /usr/lib/x86_64-linux-gnu/libnss_files-2.24.so
7f6a3b159000-7f6a3b15a000 r--p 0000a000 08:01 11539920                   /usr/lib/x86_64-linux-gnu/libnss_files-2.24.so
7f6a3b15a000-7f6a3b15b000 rw-p 0000b000 08:01 11539920                   /usr/lib/x86_64-linux-gnu/libnss_files-2.24.so
7f6a3b15b000-7f6a3b161000 rw-p 00000000 00:00 0 
7f6a3b161000-7f6a3b16c000 r-xp 00000000 08:01 11539926                   /usr/lib/x86_64-linux-gnu/libnss_nis-2.24.so
7f6a3b16c000-7f6a3b36b000 ---p 0000b000 08:01 11539926                   /usr/lib/x86_64-linux-gnu/libnss_nis-2.24.so
7f6a3b36b000-7f6a3b36c000 r--p 0000a000 08:01 11539926                   /usr/lib/x86_64-linux-gnu/libnss_nis-2.24.so
7f6a3b36c000-7f6a3b36d000 rw-p 0000b000 08:01 11539926                   /usr/lib/x86_64-linux-gnu/libnss_nis-2.24.so
7f6a3b36d000-7f6a3b381000 r-xp 00000000 08:01 11539908                   /usr/lib/x86_64-linux-gnu/libnsl-2.24.so
7f6a3b381000-7f6a3b581000 ---p 00014000 08:01 11539908                   /usr/lib/x86_64-linux-gnu/libnsl-2.24.so
7f6a3b581000-7f6a3b582000 r--p 00014000 08:01 11539908                   /usr/lib/x86_64-linux-gnu/libnsl-2.24.so
7f6a3b582000-7f6a3b583000 rw-p 00015000 08:01 11539908                   /usr/lib/x86_64-linux-gnu/libnsl-2.24.so
7f6a3b583000-7f6a3b585000 rw-p 00000000 00:00 0 
7f6a3b585000-7f6a3b58c000 r-xp 00000000 08:01 11539914                   /usr/lib/x86_64-linux-gnu/libnss_compat-2.24.so
7f6a3b58c000-7f6a3b78b000 ---p 00007000 08:01 11539914                   /usr/lib/x86_64-linux-gnu/libnss_compat-2.24.so
7f6a3b78b000-7f6a3b78c000 r--p 00006000 08:01 11539914                   /usr/lib/x86_64-linux-gnu/libnss_compat-2.24.so
7f6a3b78c000-7f6a3b78d000 rw-p 00007000 08:01 11539914                   /usr/lib/x86_64-linux-gnu/libnss_compat-2.24.so
7f6a3b78d000-7f6a3b7ba000 r-xp 00000000 08:01 11544710                   /usr/lib/jvm/java-8-openjdk-amd64/jre/lib/amd64/libjava.so
7f6a3b7ba000-7f6a3b9ba000 ---p 0002d000 08:01 11544710                   /usr/lib/jvm/java-8-openjdk-amd64/jre/lib/amd64/libjava.so
7f6a3b9ba000-7f6a3b9bb000 r--p 0002d000 08:01 11544710                   /usr/lib/jvm/java-8-openjdk-amd64/jre/lib/amd64/libjava.so
7f6a3b9bb000-7f6a3b9bd000 rw-p 0002e000 08:01 11544710                   /usr/lib/jvm/java-8-openjdk-amd64/jre/lib/amd64/libjava.so
7f6a3b9bd000-7f6a3b9cc000 r-xp 00000000 08:01 11544728                   /usr/lib/jvm/java-8-openjdk-amd64/jre/lib/amd64/libverify.so
7f6a3b9cc000-7f6a3bbcc000 ---p 0000f000 08:01 11544728                   /usr/lib/jvm/java-8-openjdk-amd64/jre/lib/amd64/libverify.so
7f6a3bbcc000-7f6a3bbce000 r--p 0000f000 08:01 11544728                   /usr/lib/jvm/java-8-openjdk-amd64/jre/lib/amd64/libverify.so
7f6a3bbce000-7f6a3bbcf000 rw-p 00011000 08:01 11544728                   /usr/lib/jvm/java-8-openjdk-amd64/jre/lib/amd64/libverify.so
7f6a3bbcf000-7f6a3bbd6000 r-xp 00000000 08:01 11540170                   /usr/lib/x86_64-linux-gnu/librt-2.24.so
7f6a3bbd6000-7f6a3bdd5000 ---p 00007000 08:01 11540170                   /usr/lib/x86_64-linux-gnu/librt-2.24.so
7f6a3bdd5000-7f6a3bdd6000 r--p 00006000 08:01 11540170                   /usr/lib/x86_64-linux-gnu/librt-2.24.so
7f6a3bdd6000-7f6a3bdd7000 rw-p 00007000 08:01 11540170                   /usr/lib/x86_64-linux-gnu/librt-2.24.so
7f6a3bdd7000-7f6a3bded000 r-xp 00000000 08:01 11539278                   /usr/lib/x86_64-linux-gnu/libgcc_s.so.1
7f6a3bded000-7f6a3bfec000 ---p 00016000 08:01 11539278                   /usr/lib/x86_64-linux-gnu/libgcc_s.so.1
7f6a3bfec000-7f6a3bfed000 r--p 00015000 08:01 11539278                   /usr/lib/x86_64-linux-gnu/libgcc_s.so.1
7f6a3bfed000-7f6a3bfee000 rw-p 00016000 08:01 11539278                   /usr/lib/x86_64-linux-gnu/libgcc_s.so.1
7f6a3bfee000-7f6a3c0f1000 r-xp 00000000 08:01 11539784                   /usr/lib/x86_64-linux-gnu/libm-2.24.so
7f6a3c0f1000-7f6a3c2f0000 ---p 00103000 08:01 11539784                   /usr/lib/x86_64-linux-gnu/libm-2.24.so
7f6a3c2f0000-7f6a3c2f1000 r--p 00102000 08:01 11539784                   /usr/lib/x86_64-linux-gnu/libm-2.24.so
7f6a3c2f1000-7f6a3c2f2000 rw-p 00103000 08:01 11539784                   /usr/lib/x86_64-linux-gnu/libm-2.24.so
7f6a3c2f2000-7f6a3c464000 r-xp 00000000 08:01 11540273                   /usr/lib/x86_64-linux-gnu/libstdc++.so.6.0.22
7f6a3c464000-7f6a3c664000 ---p 00172000 08:01 11540273                   /usr/lib/x86_64-linux-gnu/libstdc++.so.6.0.22
7f6a3c664000-7f6a3c66e000 r--p 00172000 08:01 11540273                   /usr/lib/x86_64-linux-gnu/libstdc++.so.6.0.22
7f6a3c66e000-7f6a3c670000 rw-p 0017c000 08:01 11540273                   /usr/lib/x86_64-linux-gnu/libstdc++.so.6.0.22
7f6a3c670000-7f6a3c674000 rw-p 00000000 00:00 0 
7f6a3c674000-7f6a3d2d3000 r-xp 00000000 08:01 11675652                   /usr/lib/jvm/java-8-openjdk-amd64/jre/lib/amd64/server/libjvm.so
7f6a3d2d3000-7f6a3d4d2000 ---p 00c5f000 08:01 11675652                   /usr/lib/jvm/java-8-openjdk-amd64/jre/lib/amd64/server/libjvm.so
7f6a3d4d2000-7f6a3d566000 r--p 00c5e000 08:01 11675652                   /usr/lib/jvm/java-8-openjdk-amd64/jre/lib/amd64/server/libjvm.so
7f6a3d566000-7f6a3d58f000 rw-p 00cf2000 08:01 11675652                   /usr/lib/jvm/java-8-openjdk-amd64/jre/lib/amd64/server/libjvm.so
7f6a3d58f000-7f6a3d5bf000 rw-p 00000000 00:00 0 
7f6a3d5bf000-7f6a3d754000 r-xp 00000000 08:01 11538954                   /usr/lib/x86_64-linux-gnu/libc-2.24.so
7f6a3d754000-7f6a3d954000 ---p 00195000 08:01 11538954                   /usr/lib/x86_64-linux-gnu/libc-2.24.so
7f6a3d954000-7f6a3d958000 r--p 00195000 08:01 11538954                   /usr/lib/x86_64-linux-gnu/libc-2.24.so
7f6a3d958000-7f6a3d95a000 rw-p 00199000 08:01 11538954                   /usr/lib/x86_64-linux-gnu/libc-2.24.so
7f6a3d95a000-7f6a3d95e000 rw-p 00000000 00:00 0 
7f6a3d95e000-7f6a3d961000 r-xp 00000000 08:01 11539093                   /usr/lib/x86_64-linux-gnu/libdl-2.24.so
7f6a3d961000-7f6a3db60000 ---p 00003000 08:01 11539093                   /usr/lib/x86_64-linux-gnu/libdl-2.24.so
7f6a3db60000-7f6a3db61000 r--p 00002000 08:01 11539093                   /usr/lib/x86_64-linux-gnu/libdl-2.24.so
7f6a3db61000-7f6a3db62000 rw-p 00003000 08:01 11539093                   /usr/lib/x86_64-linux-gnu/libdl-2.24.so
7f6a3db62000-7f6a3db6f000 r-xp 00000000 08:01 11544696                   /usr/lib/jvm/java-8-openjdk-amd64/jre/lib/amd64/jli/libjli.so
7f6a3db6f000-7f6a3dd6f000 ---p 0000d000 08:01 11544696                   /usr/lib/jvm/java-8-openjdk-amd64/jre/lib/amd64/jli/libjli.so
7f6a3dd6f000-7f6a3dd70000 r--p 0000d000 08:01 11544696                   /usr/lib/jvm/java-8-openjdk-amd64/jre/lib/amd64/jli/libjli.so
7f6a3dd70000-7f6a3dd71000 rw-p 0000e000 08:01 11544696                   /usr/lib/jvm/java-8-openjdk-amd64/jre/lib/amd64/jli/libjli.so
7f6a3dd71000-7f6a3dd8a000 r-xp 00000000 08:01 11540534                   /usr/lib/x86_64-linux-gnu/libz.so.1.2.8
7f6a3dd8a000-7f6a3df89000 ---p 00019000 08:01 11540534                   /usr/lib/x86_64-linux-gnu/libz.so.1.2.8
7f6a3df89000-7f6a3df8a000 r--p 00018000 08:01 11540534                   /usr/lib/x86_64-linux-gnu/libz.so.1.2.8
7f6a3df8a000-7f6a3df8b000 rw-p 00019000 08:01 11540534                   /usr/lib/x86_64-linux-gnu/libz.so.1.2.8
7f6a3df8b000-7f6a3dfa3000 r-xp 00000000 08:01 11540110                   /usr/lib/x86_64-linux-gnu/libpthread-2.24.so
7f6a3dfa3000-7f6a3e1a2000 ---p 00018000 08:01 11540110                   /usr/lib/x86_64-linux-gnu/libpthread-2.24.so
7f6a3e1a2000-7f6a3e1a3000 r--p 00017000 08:01 11540110                   /usr/lib/x86_64-linux-gnu/libpthread-2.24.so
7f6a3e1a3000-7f6a3e1a4000 rw-p 00018000 08:01 11540110                   /usr/lib/x86_64-linux-gnu/libpthread-2.24.so
7f6a3e1a4000-7f6a3e1a8000 rw-p 00000000 00:00 0 
7f6a3e1a8000-7f6a3e1cb000 r-xp 00000000 08:01 11538502                   /usr/lib/x86_64-linux-gnu/ld-2.24.so
7f6a3e1cb000-7f6a3e1cf000 rw-s 00000000 00:19 587                        /i915 (deleted)
7f6a3e1cf000-7f6a3e1d5000 r--s 0003b000 08:01 11803247                   /usr/lib/jvm/java-8-openjdk-amd64/jre/lib/ext/sunjce_provider.jar
7f6a3e1d5000-7f6a3e1df000 r--s 00116000 08:01 11803244                   /usr/lib/jvm/java-8-openjdk-amd64/jre/lib/ext/localedata.jar
7f6a3e1df000-7f6a3e2a9000 rw-p 00000000 00:00 0 
7f6a3e2a9000-7f6a3e2ac000 ---p 00000000 00:00 0 
7f6a3e2ac000-7f6a3e3ac000 rw-p 00000000 00:00 0 
7f6a3e3ac000-7f6a3e3b0000 rw-s 00000000 00:19 585                        /i915 (deleted)
7f6a3e3b0000-7f6a3e3b2000 r--s 00008000 08:01 11803246                   /usr/lib/jvm/java-8-openjdk-amd64/jre/lib/ext/sunec.jar
7f6a3e3b2000-7f6a3e3b5000 r--s 00038000 08:01 11803248                   /usr/lib/jvm/java-8-openjdk-amd64/jre/lib/ext/sunpkcs11.jar
7f6a3e3b5000-7f6a3e3b7000 r--s 00007000 08:01 12484069                   /usr/share/java/java-atk-wrapper.jar
7f6a3e3b7000-7f6a3e3b9000 r--s 00001000 08:01 11803241                   /usr/lib/jvm/java-8-openjdk-amd64/jre/lib/ext/dnsns.jar
7f6a3e3b9000-7f6a3e3bc000 r--s 0000f000 08:01 11803242                   /usr/lib/jvm/java-8-openjdk-amd64/jre/lib/ext/icedtea-sound.jar
7f6a3e3bc000-7f6a3e3bd000 r--s 00010000 08:01 11803249                   /usr/lib/jvm/java-8-openjdk-amd64/jre/lib/ext/zipfs.jar
7f6a3e3bd000-7f6a3e3be000 r--s 0000a000 08:01 11803243                   /usr/lib/jvm/java-8-openjdk-amd64/jre/lib/ext/jaccess.jar
7f6a3e3be000-7f6a3e3c6000 rw-s 00000000 08:01 11933918                   /tmp/hsperfdata_hcls/10266
7f6a3e3c6000-7f6a3e3c7000 rw-p 00000000 00:00 0 
7f6a3e3c7000-7f6a3e3c8000 r--p 00000000 00:00 0 
7f6a3e3c8000-7f6a3e3cb000 rw-p 00000000 00:00 0 
7f6a3e3cb000-7f6a3e3cc000 r--p 00023000 08:01 11538502                   /usr/lib/x86_64-linux-gnu/ld-2.24.so
7f6a3e3cc000-7f6a3e3cd000 rw-p 00024000 08:01 11538502                   /usr/lib/x86_64-linux-gnu/ld-2.24.so
7f6a3e3cd000-7f6a3e3ce000 rw-p 00000000 00:00 0 
7ffe54122000-7ffe54143000 rw-p 00000000 00:00 0                          [stack]
7ffe5417e000-7ffe54181000 r--p 00000000 00:00 0                          [vvar]
7ffe54181000-7ffe54183000 r-xp 00000000 00:00 0                          [vdso]
ffffffffff600000-ffffffffff601000 r-xp 00000000 00:00 0                  [vsyscall]

VM Arguments:
jvm_args: -Dfile.encoding=UTF-8 
java_command: sigepes.Login
java_class_path (initial): /home/hcls/NetBeansProjects/SIGEPES/lib/PostgreSQLDriver/postgresql-42.2.5.jar:/home/hcls/NetBeansProjects/SIGEPES/build/classes
Launcher Type: SUN_STANDARD

Environment Variables:
PATH=/usr/local/bin:/usr/bin:/bin:/usr/local/games:/usr/games:/sbin:/usr/sbin:/home/hcls/Android/Sdk/emulator:/home/hcls/Android/Sdk/tools:/home/hcls/Android/Sdk/tools/bin:/home/hcls/Android/Sdk/platform-tools:/usr/lib/dart/bin
SHELL=/bin/bash
DISPLAY=:0

Signal Handlers:
SIGSEGV: [libjvm.so+0xa74b40], sa_mask[0]=11111111011111111101111111111110, sa_flags=SA_RESTART|SA_SIGINFO
SIGBUS: [libjvm.so+0xa74b40], sa_mask[0]=11111111011111111101111111111110, sa_flags=SA_RESTART|SA_SIGINFO
SIGFPE: [libjvm.so+0x8bd510], sa_mask[0]=11111111011111111101111111111110, sa_flags=SA_RESTART|SA_SIGINFO
SIGPIPE: SIG_IGN, sa_mask[0]=00000000000010000000000000000000, sa_flags=SA_RESTART
SIGXFSZ: [libjvm.so+0x8bd510], sa_mask[0]=11111111011111111101111111111110, sa_flags=SA_RESTART|SA_SIGINFO
SIGILL: [libjvm.so+0x8bd510], sa_mask[0]=11111111011111111101111111111110, sa_flags=SA_RESTART|SA_SIGINFO
SIGUSR1: SIG_DFL, sa_mask[0]=00000000000000000000000000000000, sa_flags=none
SIGUSR2: [libjvm.so+0x8bd3c0], sa_mask[0]=00100000000000000000000000000000, sa_flags=SA_RESTART|SA_SIGINFO
SIGHUP: SIG_IGN, sa_mask[0]=00000000000000000000000000000000, sa_flags=none
SIGINT: SIG_IGN, sa_mask[0]=00000000000000000000000000000000, sa_flags=none
SIGTERM: [libjvm.so+0x8bd870], sa_mask[0]=11111111011111111101111111111110, sa_flags=SA_RESTART|SA_SIGINFO
SIGQUIT: [libjvm.so+0x8bd870], sa_mask[0]=11111111011111111101111111111110, sa_flags=SA_RESTART|SA_SIGINFO


---------------  S Y S T E M  ---------------

OS:DISTRIB_ID=Deepin
DISTRIB_RELEASE="15.11"
DISTRIB_DESCRIPTION="Deepin 15.11 "
DISTRIB_CODENAME=stable

uname:Linux 4.15.0-30deepin-generic #31 SMP Fri Nov 30 04:29:02 UTC 2018 x86_64
libc:glibc 2.24 NPTL 2.24 
rlimit: STACK 8192k, CORE 0k, NPROC 30435, NOFILE 1048576, AS infinity
load average:2,27 0,93 0,43

/proc/meminfo:
MemTotal:        7848392 kB
MemFree:         2847240 kB
MemAvailable:    4845408 kB
Buffers:          372232 kB
Cached:          2034996 kB
SwapCached:            0 kB
Active:          3099224 kB
Inactive:        1572200 kB
Active(anon):    2279552 kB
Inactive(anon):   240580 kB
Active(file):     819672 kB
Inactive(file):  1331620 kB
Unevictable:          64 kB
Mlocked:              64 kB
SwapTotal:             0 kB
SwapFree:              0 kB
Dirty:             16084 kB
Writeback:             0 kB
AnonPages:       2264148 kB
Mapped:           587944 kB
Shmem:            255856 kB
Slab:             201340 kB
SReclaimable:     136320 kB
SUnreclaim:        65020 kB
KernelStack:       12784 kB
PageTables:        50652 kB
NFS_Unstable:          0 kB
Bounce:                0 kB
WritebackTmp:          0 kB
CommitLimit:     3924196 kB
Committed_AS:    8883492 kB
VmallocTotal:   34359738367 kB
VmallocUsed:           0 kB
VmallocChunk:          0 kB
HardwareCorrupted:     0 kB
AnonHugePages:         0 kB
ShmemHugePages:        0 kB
ShmemPmdMapped:        0 kB
CmaTotal:              0 kB
CmaFree:               0 kB
HugePages_Total:       0
HugePages_Free:        0
HugePages_Rsvd:        0
HugePages_Surp:        0
Hugepagesize:       2048 kB
DirectMap4k:      184380 kB
DirectMap2M:     5783552 kB
DirectMap1G:     2097152 kB


CPU:total 4 (initial active 4) (2 cores per cpu, 2 threads per core) family 6 model 69 stepping 1, cmov, cx8, fxsr, mmx, sse, sse2, sse3, ssse3, sse4.1, sse4.2, popcnt, avx, avx2, aes, clmul, erms, lzcnt, ht, tsc, tscinvbit, bmi1, bmi2

/proc/cpuinfo:
processor	: 0
vendor_id	: GenuineIntel
cpu family	: 6
model		: 69
model name	: Intel(R) Core(TM) i5-4300U CPU @ 1.90GHz
stepping	: 1
microcode	: 0x25
cpu MHz		: 2594.078
cache size	: 3072 KB
physical id	: 0
siblings	: 4
core id		: 0
cpu cores	: 2
apicid		: 0
initial apicid	: 0
fpu		: yes
fpu_exception	: yes
cpuid level	: 13
wp		: yes
flags		: fpu vme de pse tsc msr pae mce cx8 apic sep mtrr pge mca cmov pat pse36 clflush dts acpi mmx fxsr sse sse2 ss ht tm pbe syscall nx pdpe1gb rdtscp lm constant_tsc arch_perfmon pebs bts rep_good nopl xtopology nonstop_tsc cpuid aperfmperf pni pclmulqdq dtes64 monitor ds_cpl vmx smx est tm2 ssse3 sdbg fma cx16 xtpr pdcm pcid sse4_1 sse4_2 x2apic movbe popcnt tsc_deadline_timer aes xsave avx f16c rdrand lahf_lm abm cpuid_fault epb invpcid_single pti ssbd ibrs ibpb stibp tpr_shadow vnmi flexpriority ept vpid fsgsbase tsc_adjust bmi1 avx2 smep bmi2 erms invpcid xsaveopt dtherm ida arat pln pts
bugs		: cpu_meltdown spectre_v1 spectre_v2 spec_store_bypass
bogomips	: 4988.60
clflush size	: 64
cache_alignment	: 64
address sizes	: 39 bits physical, 48 bits virtual
power management:

processor	: 1
vendor_id	: GenuineIntel
cpu family	: 6
model		: 69
model name	: Intel(R) Core(TM) i5-4300U CPU @ 1.90GHz
stepping	: 1
microcode	: 0x25
cpu MHz		: 2594.075
cache size	: 3072 KB
physical id	: 0
siblings	: 4
core id		: 0
cpu cores	: 4
apicid		: 1
initial apicid	: 1
fpu		: yes
fpu_exception	: yes
cpuid level	: 13
wp		: yes
flags		: fpu vme de pse tsc msr pae mce cx8 apic sep mtrr pge mca cmov pat pse36 clflush dts acpi mmx fxsr sse sse2 ss ht tm pbe syscall nx pdpe1gb rdtscp lm constant_tsc arch_perfmon pebs bts rep_good nopl xtopology nonstop_tsc cpuid aperfmperf pni pclmulqdq dtes64 monitor ds_cpl vmx smx est tm2 ssse3 sdbg fma cx16 xtpr pdcm pcid sse4_1 sse4_2 x2apic movbe popcnt tsc_deadline_timer aes xsave avx f16c rdrand lahf_lm abm cpuid_fault epb invpcid_single pti ssbd ibrs ibpb stibp tpr_shadow vnmi flexpriority ept vpid fsgsbase tsc_adjust bmi1 avx2 smep bmi2 erms invpcid xsaveopt dtherm ida arat pln pts
bugs		: cpu_meltdown spectre_v1 spectre_v2 spec_store_bypass
bogomips	: 4988.60
clflush size	: 64
cache_alignment	: 64
address sizes	: 39 bits physical, 48 bits virtual
power management:

processor	: 2
vendor_id	: GenuineIntel
cpu family	: 6
model		: 69
model name	: Intel(R) Core(TM) i5-4300U CPU @ 1.90GHz
stepping	: 1
microcode	: 0x25
cpu MHz		: 2594.075
cache size	: 3072 KB
physical id	: 0
siblings	: 4
core id		: 1
cpu cores	: 6
apicid		: 2
initial apicid	: 2
fpu		: yes
fpu_exception	: yes
cpuid level	: 13
wp		: yes
flags		: fpu vme de pse tsc msr pae mce cx8 apic sep mtrr pge mca cmov pat pse36 clflush dts acpi mmx fxsr sse sse2 ss ht tm pbe syscall nx pdpe1gb rdtscp lm constant_tsc arch_perfmon pebs bts rep_good nopl xtopology nonstop_tsc cpuid aperfmperf pni pclmulqdq dtes64 monitor ds_cpl vmx smx est tm2 ssse3 sdbg fma cx16 xtpr pdcm pcid sse4_1 sse4_2 x2apic movbe popcnt tsc_deadline_timer aes xsave avx f16c rdrand lahf_lm abm cpuid_fault epb invpcid_single pti ssbd ibrs ibpb stibp tpr_shadow vnmi flexpriority ept vpid fsgsbase tsc_adjust bmi1 avx2 smep bmi2 erms invpcid xsaveopt dtherm ida arat pln pts
bugs		: cpu_meltdown spectre_v1 spectre_v2 spec_store_bypass
bogomips	: 4988.60
clflush size	: 64
cache_alignment	: 64
address sizes	: 39 bits physical, 48 bits virtual
power management:

processor	: 3
vendor_id	: GenuineIntel
cpu family	: 6
model		: 69
model name	: Intel(R) Core(TM) i5-4300U CPU @ 1.90GHz
stepping	: 1
microcode	: 0x25
cpu MHz		: 2594.076
cache size	: 3072 KB
physical id	: 0
siblings	: 4
core id		: 1
cpu cores	: 2
apicid		: 3
initial apicid	: 3
fpu		: yes
fpu_exception	: yes
cpuid level	: 13
wp		: yes
flags		: fpu vme de pse tsc msr pae mce cx8 apic sep mtrr pge mca cmov pat pse36 clflush dts acpi mmx fxsr sse sse2 ss ht tm pbe syscall nx pdpe1gb rdtscp lm constant_tsc arch_perfmon pebs bts rep_good nopl xtopology nonstop_tsc cpuid aperfmperf pni pclmulqdq dtes64 monitor ds_cpl vmx smx est tm2 ssse3 sdbg fma cx16 xtpr pdcm pcid sse4_1 sse4_2 x2apic movbe popcnt tsc_deadline_timer aes xsave avx f16c rdrand lahf_lm abm cpuid_fault epb invpcid_single pti ssbd ibrs ibpb stibp tpr_shadow vnmi flexpriority ept vpid fsgsbase tsc_adjust bmi1 avx2 smep bmi2 erms invpcid xsaveopt dtherm ida arat pln pts
bugs		: cpu_meltdown spectre_v1 spectre_v2 spec_store_bypass
bogomips	: 4988.60
clflush size	: 64
cache_alignment	: 64
address sizes	: 39 bits physical, 48 bits virtual
power management:



Memory: 4k page, physical 7848392k(2848216k free), swap 0k(0k free)

vm_info: OpenJDK 64-Bit Server VM (25.181-b13) for linux-amd64 JRE (1.8.0_181-8u181-b13-2~deb9u1-b13), built on Oct 22 2018 18:05:23 by "pbuilder" with gcc 6.3.0 20170516

time: Sat Jan 11 15:51:16 2020
elapsed time: 8 seconds (0d 0h 0m 8s)

