#
# A fatal error has been detected by the Java Runtime Environment:
#
#  SIGSEGV (0xb) at pc=0x00007f0d0fda107d, pid=11473, tid=0x00007f0cb0958700
#
# JRE version: OpenJDK Runtime Environment (8.0_181-b13) (build 1.8.0_181-8u181-b13-2~deb9u1-b13)
# Java VM: OpenJDK 64-Bit Server VM (25.181-b13 mixed mode linux-amd64 compressed oops)
# Problematic frame:
# V  [libjvm.so+0x68107d]
#
# Failed to write core dump. Core dumps have been disabled. To enable core dumping, try "ulimit -c unlimited" before starting Java again
#
# If you would like to submit a bug report, please visit:
#   http://bugreport.java.com/bugreport/crash.jsp
#

---------------  T H R E A D  ---------------

Current thread (0x00007f0d08279000):  JavaThread "JavaFX Application Thread" [_thread_in_vm, id=11495, stack(0x00007f0cb0858000,0x00007f0cb0959000)]

siginfo: si_signo: 11 (SIGSEGV), si_code: 128 (SI_KERNEL), si_addr: 0x0000000000000000

Registers:
RAX=0x0000000000000000, RBX=0x00007f0d08279000, RCX=0x00007f0d0823acf8, RDX=0x006f7475646f7270
RSP=0x00007f0cb0957230, RBP=0x00007f0cb09573b0, RSI=0x00007f0cb09573d0, RDI=0x00007f0d082791e0
R8 =0x00007f0cb0957400, R9 =0x00007f0d08279000, R10=0x00007f0ca4000ac0, R11=0x00007f0cf945df80
R12=0x00007f0d082791e0, R13=0x00007f0d08279000, R14=0x00007f0cb0957490, R15=0x006f7475646f7270
RIP=0x00007f0d0fda107d, EFLAGS=0x0000000000010202, CSGSFS=0x002b000000000033, ERR=0x0000000000000000
  TRAPNO=0x000000000000000d

Top of Stack: (sp=0x00007f0cb0957230)
0x00007f0cb0957230:   00007f0cb0957340 00007f0d0fd881d3
0x00007f0cb0957240:   00007f0cb0957350 00007f0cb0957280
0x00007f0cb0957250:   00007f0d0000000e 00007f0d082791e0
0x00007f0cb0957260:   00007f0cb0957270 00007f0cb09573d0
0x00007f0cb0957270:   00007f0d0c91fcc0 00007f0d08279000
0x00007f0cb0957280:   00007f0d0c91fcc0 00007f0d08279000
0x00007f0cb0957290:   00007f0d08278ad0 00007f0cc4008b60
0x00007f0cb09572a0:   00007f0cc4008b70 00007f0cc4008f48
0x00007f0cb09572b0:   00000000000003d8 00000000000000d8
0x00007f0cb09572c0:   00007f0d0c91fcc0 00007f0d08279000
0x00007f0cb09572d0:   000000000c915c30 00000000dc208508
0x00007f0cb09572e0:   0000000000000000 00007f0cf90183db
0x00007f0cb09572f0:   00007f0d0c91fcc0 00007f0d08279000
0x00007f0cb0957300:   0000000000000000 00000000dc2084c8
0x00007f0cb0957310:   00007f0c0000006f 00007f0c0000000a
0x00007f0cb0957320:   00000000d869e850 00007f0d00000000
0x00007f0cb0957330:   00007f0cb0957420 00007f0cb09573e0
0x00007f0cb0957340:   00007f0cb09574d0 0000000100000180
0x00007f0cb0957350:   0000000000000002 00007f0cb0957308
0x00007f0cb0957360:   00007f0cb0957349 0000000800000005
0x00007f0cb0957370:   00007f0d00000000 90a5602167737f00
0x00007f0cb0957380:   00007f0cb0957390 00007f0d08279000
0x00007f0cb0957390:   00007f0d082791e0 00007f0d0823acf8
0x00007f0cb09573a0:   00007f0cb0957490 006f7475646f7270
0x00007f0cb09573b0:   00007f0cb0957480 00007f0d0fda46aa
0x00007f0cb09573c0:   00007f0ca433bcb0 00007f0cb0957400
0x00007f0cb09573d0:   000000000000000e 00007f0c00000000
0x00007f0cb09573e0:   00007f0d08279000 0000000000000000
0x00007f0cb09573f0:   0000000000000067 90a5602167737f00
0x00007f0cb0957400:   00007f0d1058a938 00007f0d112b27e0
0x00007f0cb0957410:   0000000008257540 00007f0c00000063
0x00007f0cb0957420:   0000000000000000 0000003000000018 

Instructions: (pc=0x00007f0d0fda107d)
0x00007f0d0fda105d:   ff 48 89 b5 b8 fe ff ff 64 48 8b 04 25 28 00 00
0x00007f0d0fda106d:   00 48 89 45 c8 31 c0 48 85 d2 0f 84 3b 03 00 00
0x00007f0d0fda107d:   4c 8b 32 4d 85 f6 0f 84 2f 03 00 00 49 8b b9 20
0x00007f0d0fda108d:   01 00 00 48 89 cb 4d 89 c4 e8 f5 4c ff ff 4c 89 

Register to memory mapping:

RAX=0x0000000000000000 is an unknown value
RBX=0x00007f0d08279000 is a thread
RCX=0x00007f0d0823acf8 is an unknown value
RDX=0x006f7475646f7270 is an unknown value
RSP=0x00007f0cb0957230 is pointing into the stack for thread: 0x00007f0d08279000
RBP=0x00007f0cb09573b0 is pointing into the stack for thread: 0x00007f0d08279000
RSI=0x00007f0cb09573d0 is pointing into the stack for thread: 0x00007f0d08279000
RDI=0x00007f0d082791e0 is an unknown value
R8 =0x00007f0cb0957400 is pointing into the stack for thread: 0x00007f0d08279000
R9 =0x00007f0d08279000 is a thread
R10=0x00007f0ca4000ac0 is an unknown value
R11=0x00007f0cf945df80 is at entry_point+32 in (nmethod*)0x00007f0cf945de10
R12=0x00007f0d082791e0 is an unknown value
R13=0x00007f0d08279000 is a thread
R14=0x00007f0cb0957490 is pointing into the stack for thread: 0x00007f0d08279000
R15=0x006f7475646f7270 is an unknown value


Stack: [0x00007f0cb0858000,0x00007f0cb0959000],  sp=0x00007f0cb0957230,  free space=1020k
Native frames: (J=compiled Java code, j=interpreted, Vv=VM code, C=native code)
V  [libjvm.so+0x68107d]
V  [libjvm.so+0x6846aa]
C  [libglass.so+0x12d33]  JNIEnv_::CallVoidMethod(_jobject*, _jmethodID*, ...)+0x93
C  [libglass.so+0x1ccf6]  WindowContextBase::process_key(_GdkEventKey*)+0x226
C  [libglass.so+0x1a9c0]  WindowContextBase::im_filter_keypress(_GdkEventKey*)+0x1f0
C  [libglass.so+0x23094]
C  [libgdk-x11-2.0.so.0+0x5acbc]

Java frames: (J=compiled Java code, j=interpreted, Vv=VM code)
j  com.sun.glass.ui.gtk.GtkApplication._runLoop(Ljava/lang/Runnable;Z)V+0
j  com.sun.glass.ui.gtk.GtkApplication.lambda$null$5(Ljava/lang/Runnable;Z)V+7
j  com.sun.glass.ui.gtk.GtkApplication$$Lambda$41.run()V+12
j  java.lang.Thread.run()V+11
v  ~StubRoutines::call_stub

---------------  P R O C E S S  ---------------

Java Threads: ( => current thread )
  0x00007f0ca425e000 JavaThread "Prism Font Disposer" daemon [_thread_blocked, id=11498, stack(0x00007f0caae49000,0x00007f0caaf4a000)]
  0x00007f0d0827d000 JavaThread "JavaFX-Launcher" [_thread_blocked, id=11497, stack(0x00007f0cb0616000,0x00007f0cb0717000)]
=>0x00007f0d08279000 JavaThread "JavaFX Application Thread" [_thread_in_vm, id=11495, stack(0x00007f0cb0858000,0x00007f0cb0959000)]
  0x00007f0d08275000 JavaThread "Thread-1" daemon [_thread_blocked, id=11494, stack(0x00007f0cb0959000,0x00007f0cb0a5a000)]
  0x00007f0d0822b000 JavaThread "QuantumRenderer-0" daemon [_thread_blocked, id=11492, stack(0x00007f0cd7964000,0x00007f0cd7a65000)]
  0x00007f0d080c0000 JavaThread "Service Thread" daemon [_thread_blocked, id=11490, stack(0x00007f0cd7bfc000,0x00007f0cd7cfd000)]
  0x00007f0d080bd000 JavaThread "C1 CompilerThread2" daemon [_thread_blocked, id=11489, stack(0x00007f0cd7cfd000,0x00007f0cd7dfe000)]
  0x00007f0d080bb000 JavaThread "C2 CompilerThread1" daemon [_thread_blocked, id=11488, stack(0x00007f0cd7dfe000,0x00007f0cd7eff000)]
  0x00007f0d080b8000 JavaThread "C2 CompilerThread0" daemon [_thread_blocked, id=11487, stack(0x00007f0cd7eff000,0x00007f0cd8000000)]
  0x00007f0d080b6800 JavaThread "Signal Dispatcher" daemon [_thread_blocked, id=11486, stack(0x00007f0cf4063000,0x00007f0cf4164000)]
  0x00007f0d08084800 JavaThread "Finalizer" daemon [_thread_blocked, id=11485, stack(0x00007f0cf42ff000,0x00007f0cf4400000)]
  0x00007f0d08081800 JavaThread "Reference Handler" daemon [_thread_blocked, id=11484, stack(0x00007f0cf4400000,0x00007f0cf4501000)]
  0x00007f0d0800a800 JavaThread "main" [_thread_blocked, id=11476, stack(0x00007f0d11355000,0x00007f0d11456000)]

Other Threads:
  0x00007f0d08078000 VMThread [stack: 0x00007f0cf4501000,0x00007f0cf4602000] [id=11483]
  0x00007f0d080c2800 WatcherThread [stack: 0x00007f0cd7afb000,0x00007f0cd7bfc000] [id=11491]

VM state:not at safepoint (normal execution)

VM Mutex/Monitor currently owned by a thread: None

Heap:
 PSYoungGen      total 66560K, used 27970K [0x00000000d8100000, 0x00000000dc700000, 0x0000000100000000)
  eden space 61440K, 37% used [0x00000000d8100000,0x00000000d9753c98,0x00000000dbd00000)
  from space 5120K, 99% used [0x00000000dc200000,0x00000000dc6fcc50,0x00000000dc700000)
  to   space 5120K, 0% used [0x00000000dbd00000,0x00000000dbd00000,0x00000000dc200000)
 ParOldGen       total 81920K, used 2665K [0x0000000088200000, 0x000000008d200000, 0x00000000d8100000)
  object space 81920K, 3% used [0x0000000088200000,0x000000008849a418,0x000000008d200000)
 Metaspace       used 15005K, capacity 15806K, committed 15872K, reserved 1062912K
  class space    used 2099K, capacity 2292K, committed 2304K, reserved 1048576K

Card table byte_map: [0x00007f0d0d672000,0x00007f0d0da32000] byte_map_base: 0x00007f0d0d231000

Marking Bits: (ParMarkBitMap*) 0x00007f0d1064e3a0
 Begin Bits: [0x00007f0cf5410000, 0x00007f0cf7208000)
 End Bits:   [0x00007f0cf7208000, 0x00007f0cf9000000)

Polling page: 0x00007f0d11473000

CodeCache: size=245760Kb used=5022Kb max_used=5022Kb free=240737Kb
 bounds [0x00007f0cf9000000, 0x00007f0cf94f0000, 0x00007f0d08000000]
 total_blobs=2207 nmethods=1596 adapters=525
 compilation: enabled

Compilation events (10 events):
Event: 8,324 Thread 0x00007f0d080bd000 nmethod 1590 0x00007f0cf94e73d0 code [0x00007f0cf94e7540, 0x00007f0cf94e76d0]
Event: 8,324 Thread 0x00007f0d080bd000 1594       3       javafx.scene.Node::getLayoutBounds (11 bytes)
Event: 8,325 Thread 0x00007f0d080bd000 nmethod 1594 0x00007f0cf94e7750 code [0x00007f0cf94e78c0, 0x00007f0cf94e7c48]
Event: 8,325 Thread 0x00007f0d080bd000 1592       3       java.lang.Double::<init> (10 bytes)
Event: 8,325 Thread 0x00007f0d080bd000 nmethod 1592 0x00007f0cf94e7d10 code [0x00007f0cf94e7e80, 0x00007f0cf94e8090]
Event: 8,325 Thread 0x00007f0d080bd000 1588       3       sun.reflect.DelegatingMethodAccessorImpl::invoke (10 bytes)
Event: 8,325 Thread 0x00007f0d080bd000 nmethod 1588 0x00007f0cf94e8190 code [0x00007f0cf94e8300, 0x00007f0cf94e8528]
Event: 8,325 Thread 0x00007f0d080bd000 1585       3       java.lang.CharacterDataLatin1::getPropertiesEx (11 bytes)
Event: 8,325 Thread 0x00007f0d080bd000 nmethod 1585 0x00007f0cf94e8610 code [0x00007f0cf94e8780, 0x00007f0cf94e8910]
Event: 8,325 Thread 0x00007f0d080bd000 1591       3       javafx.beans.binding.BooleanExpression::getValue (8 bytes)

GC Heap History (4 events):
Event: 0,579 GC heap before
{Heap before GC invocations=1 (full 0):
 PSYoungGen      total 35840K, used 30720K [0x00000000d8100000, 0x00000000da900000, 0x0000000100000000)
  eden space 30720K, 100% used [0x00000000d8100000,0x00000000d9f00000,0x00000000d9f00000)
  from space 5120K, 0% used [0x00000000da400000,0x00000000da400000,0x00000000da900000)
  to   space 5120K, 0% used [0x00000000d9f00000,0x00000000d9f00000,0x00000000da400000)
 ParOldGen       total 81920K, used 0K [0x0000000088200000, 0x000000008d200000, 0x00000000d8100000)
  object space 81920K, 0% used [0x0000000088200000,0x0000000088200000,0x000000008d200000)
 Metaspace       used 9887K, capacity 10206K, committed 10368K, reserved 1058816K
  class space    used 1231K, capacity 1345K, committed 1408K, reserved 1048576K
Event: 0,587 GC heap after
Heap after GC invocations=1 (full 0):
 PSYoungGen      total 35840K, used 5088K [0x00000000d8100000, 0x00000000dc700000, 0x0000000100000000)
  eden space 30720K, 0% used [0x00000000d8100000,0x00000000d8100000,0x00000000d9f00000)
  from space 5120K, 99% used [0x00000000d9f00000,0x00000000da3f8200,0x00000000da400000)
  to   space 5120K, 0% used [0x00000000dc200000,0x00000000dc200000,0x00000000dc700000)
 ParOldGen       total 81920K, used 978K [0x0000000088200000, 0x000000008d200000, 0x00000000d8100000)
  object space 81920K, 1% used [0x0000000088200000,0x00000000882f49c0,0x000000008d200000)
 Metaspace       used 9887K, capacity 10206K, committed 10368K, reserved 1058816K
  class space    used 1231K, capacity 1345K, committed 1408K, reserved 1048576K
}
Event: 0,973 GC heap before
{Heap before GC invocations=2 (full 0):
 PSYoungGen      total 35840K, used 35676K [0x00000000d8100000, 0x00000000dc700000, 0x0000000100000000)
  eden space 30720K, 99% used [0x00000000d8100000,0x00000000d9edef90,0x00000000d9f00000)
  from space 5120K, 99% used [0x00000000d9f00000,0x00000000da3f8200,0x00000000da400000)
  to   space 5120K, 0% used [0x00000000dc200000,0x00000000dc200000,0x00000000dc700000)
 ParOldGen       total 81920K, used 978K [0x0000000088200000, 0x000000008d200000, 0x00000000d8100000)
  object space 81920K, 1% used [0x0000000088200000,0x00000000882f49c0,0x000000008d200000)
 Metaspace       used 14124K, capacity 14684K, committed 14976K, reserved 1062912K
  class space    used 2024K, capacity 2154K, committed 2176K, reserved 1048576K
Event: 0,984 GC heap after
Heap after GC invocations=2 (full 0):
 PSYoungGen      total 66560K, used 5107K [0x00000000d8100000, 0x00000000dc700000, 0x0000000100000000)
  eden space 61440K, 0% used [0x00000000d8100000,0x00000000d8100000,0x00000000dbd00000)
  from space 5120K, 99% used [0x00000000dc200000,0x00000000dc6fcc50,0x00000000dc700000)
  to   space 5120K, 0% used [0x00000000dbd00000,0x00000000dbd00000,0x00000000dc200000)
 ParOldGen       total 81920K, used 2665K [0x0000000088200000, 0x000000008d200000, 0x00000000d8100000)
  object space 81920K, 3% used [0x0000000088200000,0x000000008849a418,0x000000008d200000)
 Metaspace       used 14124K, capacity 14684K, committed 14976K, reserved 1062912K
  class space    used 2024K, capacity 2154K, committed 2176K, reserved 1048576K
}

Deoptimization events (10 events):
Event: 0,733 Thread 0x00007f0d08279000 Uncommon trap: reason=class_check action=maybe_recompile pc=0x00007f0cf92a2ef4 method=java.io.DataInputStream.readShort()S @ 4
Event: 0,733 Thread 0x00007f0d08279000 Uncommon trap: reason=class_check action=maybe_recompile pc=0x00007f0cf92a2ef4 method=java.io.DataInputStream.readShort()S @ 4
Event: 0,739 Thread 0x00007f0d08279000 Uncommon trap: reason=class_check action=maybe_recompile pc=0x00007f0cf91152e0 method=java.lang.String.equals(Ljava/lang/Object;)Z @ 8
Event: 0,739 Thread 0x00007f0d08279000 Uncommon trap: reason=class_check action=maybe_recompile pc=0x00007f0cf91152e0 method=java.lang.String.equals(Ljava/lang/Object;)Z @ 8
Event: 0,739 Thread 0x00007f0d08279000 Uncommon trap: reason=class_check action=maybe_recompile pc=0x00007f0cf91152e0 method=java.lang.String.equals(Ljava/lang/Object;)Z @ 8
Event: 0,742 Thread 0x00007f0d08279000 Uncommon trap: reason=class_check action=maybe_recompile pc=0x00007f0cf91152e0 method=java.lang.String.equals(Ljava/lang/Object;)Z @ 8
Event: 1,023 Thread 0x00007f0d08279000 Uncommon trap: reason=unstable_if action=reinterpret pc=0x00007f0cf93012e4 method=jdk.internal.org.objectweb.asm.Type.getArgumentsAndReturnSizes(Ljava/lang/String;)I @ 47
Event: 3,749 Thread 0x00007f0d0822b000 Uncommon trap: reason=unstable_if action=reinterpret pc=0x00007f0cf93ffda0 method=java.lang.StrictMath.floorOrCeil(DDDD)D @ 115
Event: 5,944 Thread 0x00007f0d08279000 Uncommon trap: reason=unstable_if action=reinterpret pc=0x00007f0cf9274420 method=java.lang.CharacterData.of(I)Ljava/lang/CharacterData; @ 4
Event: 8,284 Thread 0x00007f0d08279000 Uncommon trap: reason=unstable_if action=reinterpret pc=0x00007f0cf948fdb8 method=java.lang.StrictMath.floorOrCeil(DDDD)D @ 38

Classes redefined (0 events):
No events

Internal exceptions (10 events):
Event: 0,145 Thread 0x00007f0d0800a800 Exception <a 'java/security/PrivilegedActionException'> (0x00000000d83b3538) thrown at [/build/openjdk-8-8u181-b13/src/hotspot/src/share/vm/prims/jvm.cpp, line 1435]
Event: 0,145 Thread 0x00007f0d0800a800 Exception <a 'java/security/PrivilegedActionException'> (0x00000000d83b3748) thrown at [/build/openjdk-8-8u181-b13/src/hotspot/src/share/vm/prims/jvm.cpp, line 1435]
Event: 0,145 Thread 0x00007f0d0800a800 Exception <a 'java/security/PrivilegedActionException'> (0x00000000d83b4220) thrown at [/build/openjdk-8-8u181-b13/src/hotspot/src/share/vm/prims/jvm.cpp, line 1435]
Event: 0,145 Thread 0x00007f0d0800a800 Exception <a 'java/security/PrivilegedActionException'> (0x00000000d83b4430) thrown at [/build/openjdk-8-8u181-b13/src/hotspot/src/share/vm/prims/jvm.cpp, line 1435]
Event: 0,145 Thread 0x00007f0d0800a800 Exception <a 'java/lang/NullPointerException'> (0x00000000d83b59d8) thrown at [/build/openjdk-8-8u181-b13/src/hotspot/src/share/vm/interpreter/linkResolver.cpp, line 1185]
Event: 0,415 Thread 0x00007f0d08279000 Exception <a 'java/lang/NullPointerException'> (0x00000000d95b4908) thrown at [/build/openjdk-8-8u181-b13/src/hotspot/src/share/vm/interpreter/linkResolver.cpp, line 1185]
Event: 0,415 Thread 0x00007f0d08279000 Exception <a 'java/lang/NullPointerException'> (0x00000000d95b4908) thrown at [/build/openjdk-8-8u181-b13/src/hotspot/src/share/vm/prims/jvm.cpp, line 1439]
Event: 0,590 Thread 0x00007f0d08279000 Exception <a 'java/lang/ArrayIndexOutOfBoundsException'> (0x00000000d81060d0) thrown at [/build/openjdk-8-8u181-b13/src/hotspot/src/share/vm/runtime/sharedRuntime.cpp, line 605]
Event: 0,591 Thread 0x00007f0d08279000 Exception <a 'java/lang/ArrayIndexOutOfBoundsException'> (0x00000000d8106dd0) thrown at [/build/openjdk-8-8u181-b13/src/hotspot/src/share/vm/runtime/sharedRuntime.cpp, line 605]
Event: 0,591 Thread 0x00007f0d08279000 Exception <a 'java/lang/ArrayIndexOutOfBoundsException'> (0x00000000d8108178) thrown at [/build/openjdk-8-8u181-b13/src/hotspot/src/share/vm/runtime/sharedRuntime.cpp, line 605]

Events (10 events):
Event: 8,280 loading class Controler/PrincipalController done
Event: 8,280 loading class javafx/scene/input/KeyEvent
Event: 8,280 loading class javafx/scene/input/KeyEvent done
Event: 8,280 loading class Controler/PrincipalController
Event: 8,280 loading class Controler/PrincipalController done
Event: 8,284 Thread 0x00007f0d08279000 Uncommon trap: trap_request=0xffffff65 fr.pc=0x00007f0cf948fdb8
Event: 8,284 Thread 0x00007f0d08279000 DEOPT PACKING pc=0x00007f0cf948fdb8 sp=0x00007f0cb09556e0
Event: 8,284 Thread 0x00007f0d08279000 DEOPT UNPACKING pc=0x00007f0cf904547a sp=0x00007f0cb0955668 mode 2
Event: 8,325 loading class com/sun/javafx/scene/KeyboardShortcutsHandler$1
Event: 8,325 loading class com/sun/javafx/scene/KeyboardShortcutsHandler$1 done


Dynamic libraries:
88200000-8d200000 rw-p 00000000 00:00 0 
8d200000-d8100000 ---p 00000000 00:00 0 
d8100000-dc700000 rw-p 00000000 00:00 0 
dc700000-100000000 ---p 00000000 00:00 0 
100000000-100240000 rw-p 00000000 00:00 0 
100240000-140000000 ---p 00000000 00:00 0 
5633cb62a000-5633cb62b000 r-xp 00000000 08:01 11412056                   /usr/lib/jvm/java-8-openjdk-amd64/jre/bin/java
5633cb82a000-5633cb82b000 r--p 00000000 08:01 11412056                   /usr/lib/jvm/java-8-openjdk-amd64/jre/bin/java
5633cb82b000-5633cb82c000 rw-p 00001000 08:01 11412056                   /usr/lib/jvm/java-8-openjdk-amd64/jre/bin/java
5633cbab2000-5633cbad3000 rw-p 00000000 00:00 0                          [heap]
7f0c98000000-7f0c98021000 rw-p 00000000 00:00 0 
7f0c98021000-7f0c9c000000 ---p 00000000 00:00 0 
7f0ca0000000-7f0ca0021000 rw-p 00000000 00:00 0 
7f0ca0021000-7f0ca4000000 ---p 00000000 00:00 0 
7f0ca4000000-7f0ca43cd000 rw-p 00000000 00:00 0 
7f0ca43cd000-7f0ca8000000 ---p 00000000 00:00 0 
7f0caa802000-7f0caa807000 rw-s 00000000 00:19 807                        /i915 (deleted)
7f0caa807000-7f0caa9c7000 rw-s 00000000 00:19 799                        /i915 (deleted)
7f0caa9c7000-7f0caa9d7000 rw-s 00000000 00:19 798                        /i915 (deleted)
7f0caa9d7000-7f0caa9e7000 rw-s 00000000 00:19 795                        /i915 (deleted)
7f0caa9e7000-7f0caa9ec000 rw-s 00000000 00:19 791                        /i915 (deleted)
7f0caa9ec000-7f0caabac000 rw-s 102e72000 00:06 332                       /dev/dri/card0
7f0caabac000-7f0caac0c000 rw-s 00000000 00:19 789                        /i915 (deleted)
7f0caac0c000-7f0caac1a000 rw-s 00000000 00:19 788                        /i915 (deleted)
7f0caac1a000-7f0caac2a000 rw-s 00000000 00:19 785                        /i915 (deleted)
7f0caac2a000-7f0caac36000 rw-s 00000000 00:19 780                        /i915 (deleted)
7f0caac36000-7f0caad76000 rw-p 00000000 00:00 0 
7f0caad76000-7f0caae36000 ---p 00000000 00:00 0 
7f0caae36000-7f0caae49000 r--s 00346000 08:01 11544741                   /usr/lib/jvm/java-8-openjdk-amd64/jre/lib/resources.jar
7f0caae49000-7f0caae4c000 ---p 00000000 00:00 0 
7f0caae4c000-7f0caaf4a000 rw-p 00000000 00:00 0 
7f0caaf4a000-7f0caaf95000 r--p 00000000 08:01 12193281                   /usr/share/fonts/truetype/noto/NotoSans-Regular.ttf
7f0caaf95000-7f0cab195000 rw-p 00000000 00:00 0 
7f0cab195000-7f0cab1c5000 r-xp 00000000 08:01 11538424                   /usr/lib/x86_64-linux-gnu/gtk-2.0/2.10.0/engines/libmurrine.so
7f0cab1c5000-7f0cab3c5000 ---p 00030000 08:01 11538424                   /usr/lib/x86_64-linux-gnu/gtk-2.0/2.10.0/engines/libmurrine.so
7f0cab3c5000-7f0cab3c6000 r--p 00030000 08:01 11538424                   /usr/lib/x86_64-linux-gnu/gtk-2.0/2.10.0/engines/libmurrine.so
7f0cab3c6000-7f0cab3c7000 rw-p 00031000 08:01 11538424                   /usr/lib/x86_64-linux-gnu/gtk-2.0/2.10.0/engines/libmurrine.so
7f0cab3c7000-7f0cab3c9000 r-xp 00000000 08:01 11538417                   /usr/lib/x86_64-linux-gnu/gtk-2.0/2.10.0/engines/libadwaita.so
7f0cab3c9000-7f0cab5c9000 ---p 00002000 08:01 11538417                   /usr/lib/x86_64-linux-gnu/gtk-2.0/2.10.0/engines/libadwaita.so
7f0cab5c9000-7f0cab5ca000 r--p 00002000 08:01 11538417                   /usr/lib/x86_64-linux-gnu/gtk-2.0/2.10.0/engines/libadwaita.so
7f0cab5ca000-7f0cab5cb000 rw-p 00003000 08:01 11538417                   /usr/lib/x86_64-linux-gnu/gtk-2.0/2.10.0/engines/libadwaita.so
7f0cab5cb000-7f0cab5d5000 r-xp 00000000 08:01 11538425                   /usr/lib/x86_64-linux-gnu/gtk-2.0/2.10.0/engines/libpixmap.so
7f0cab5d5000-7f0cab7d4000 ---p 0000a000 08:01 11538425                   /usr/lib/x86_64-linux-gnu/gtk-2.0/2.10.0/engines/libpixmap.so
7f0cab7d4000-7f0cab7d5000 r--p 00009000 08:01 11538425                   /usr/lib/x86_64-linux-gnu/gtk-2.0/2.10.0/engines/libpixmap.so
7f0cab7d5000-7f0cab7d6000 rw-p 0000a000 08:01 11538425                   /usr/lib/x86_64-linux-gnu/gtk-2.0/2.10.0/engines/libpixmap.so
7f0cab7d6000-7f0cab7ff000 r--p 00000000 08:01 12590582                   /usr/share/locale/pt/LC_MESSAGES/gtk20-properties.mo
7f0cab7ff000-7f0cab800000 ---p 00000000 00:00 0 
7f0cab800000-7f0cac000000 rw-p 00000000 00:00 0 
7f0cac000000-7f0cac021000 rw-p 00000000 00:00 0 
7f0cac021000-7f0cb0000000 ---p 00000000 00:00 0 
7f0cb0000000-7f0cb0004000 rw-s 00000000 00:19 792                        /i915 (deleted)
7f0cb0004000-7f0cb0008000 r--s 00000000 08:01 1048621                    /var/cache/fontconfig/0fafd173547752dce4dee1a69e0b3c95-le64.cache-4
7f0cb0008000-7f0cb000c000 r--s 00000000 08:01 1063484                    /var/cache/fontconfig/de156ccd2eddbdc19d37a45b8b2aac9c-le64.cache-4
7f0cb000c000-7f0cb0011000 r-xp 00000000 08:01 11546948                   /usr/lib/jvm/java-8-openjdk-amd64/jre/lib/amd64/libjavafx_font_freetype.so
7f0cb0011000-7f0cb0210000 ---p 00005000 08:01 11546948                   /usr/lib/jvm/java-8-openjdk-amd64/jre/lib/amd64/libjavafx_font_freetype.so
7f0cb0210000-7f0cb0211000 r--p 00004000 08:01 11546948                   /usr/lib/jvm/java-8-openjdk-amd64/jre/lib/amd64/libjavafx_font_freetype.so
7f0cb0211000-7f0cb0212000 rw-p 00005000 08:01 11546948                   /usr/lib/jvm/java-8-openjdk-amd64/jre/lib/amd64/libjavafx_font_freetype.so
7f0cb0212000-7f0cb0215000 r-xp 00000000 08:01 11546947                   /usr/lib/jvm/java-8-openjdk-amd64/jre/lib/amd64/libjavafx_font.so
7f0cb0215000-7f0cb0414000 ---p 00003000 08:01 11546947                   /usr/lib/jvm/java-8-openjdk-amd64/jre/lib/amd64/libjavafx_font.so
7f0cb0414000-7f0cb0415000 r--p 00002000 08:01 11546947                   /usr/lib/jvm/java-8-openjdk-amd64/jre/lib/amd64/libjavafx_font.so
7f0cb0415000-7f0cb0416000 rw-p 00003000 08:01 11546947                   /usr/lib/jvm/java-8-openjdk-amd64/jre/lib/amd64/libjavafx_font.so
7f0cb0416000-7f0cb0616000 rw-p 00000000 00:00 0 
7f0cb0616000-7f0cb0619000 ---p 00000000 00:00 0 
7f0cb0619000-7f0cb0717000 rw-p 00000000 00:00 0 
7f0cb0717000-7f0cb0858000 rw-s 00000000 08:01 131145                     /home/hcls/.cache/mesa_shader_cache/index
7f0cb0858000-7f0cb085b000 ---p 00000000 00:00 0 
7f0cb085b000-7f0cb0959000 rw-p 00000000 00:00 0 
7f0cb0959000-7f0cb095c000 ---p 00000000 00:00 0 
7f0cb095c000-7f0cb0a5a000 rw-p 00000000 00:00 0 
7f0cb0a5a000-7f0cb0a83000 r-xp 00000000 08:01 11546945                   /usr/lib/jvm/java-8-openjdk-amd64/jre/lib/amd64/libglass.so
7f0cb0a83000-7f0cb0c83000 ---p 00029000 08:01 11546945                   /usr/lib/jvm/java-8-openjdk-amd64/jre/lib/amd64/libglass.so
7f0cb0c83000-7f0cb0c84000 r--p 00029000 08:01 11546945                   /usr/lib/jvm/java-8-openjdk-amd64/jre/lib/amd64/libglass.so
7f0cb0c84000-7f0cb0c85000 rw-p 0002a000 08:01 11546945                   /usr/lib/jvm/java-8-openjdk-amd64/jre/lib/amd64/libglass.so
7f0cb0c85000-7f0cb0c86000 rw-p 00000000 00:00 0 
7f0cb0c86000-7f0cb0c87000 ---p 00000000 00:00 0 
7f0cb0c87000-7f0cb1487000 rw-p 00000000 00:00 0 
7f0cb1487000-7f0cb148f000 r-xp 00000000 08:01 11540024                   /usr/lib/x86_64-linux-gnu/libpciaccess.so.0.11.1
7f0cb148f000-7f0cb168f000 ---p 00008000 08:01 11540024                   /usr/lib/x86_64-linux-gnu/libpciaccess.so.0.11.1
7f0cb168f000-7f0cb1690000 r--p 00008000 08:01 11540024                   /usr/lib/x86_64-linux-gnu/libpciaccess.so.0.11.1
7f0cb1690000-7f0cb1691000 rw-p 00009000 08:01 11540024                   /usr/lib/x86_64-linux-gnu/libpciaccess.so.0.11.1
7f0cb1691000-7f0cb169c000 r-xp 00000000 08:01 11539116                   /usr/lib/x86_64-linux-gnu/libdrm_radeon.so.1.0.1
7f0cb169c000-7f0cb189b000 ---p 0000b000 08:01 11539116                   /usr/lib/x86_64-linux-gnu/libdrm_radeon.so.1.0.1
7f0cb189b000-7f0cb189c000 r--p 0000a000 08:01 11539116                   /usr/lib/x86_64-linux-gnu/libdrm_radeon.so.1.0.1
7f0cb189c000-7f0cb189d000 rw-p 0000b000 08:01 11539116                   /usr/lib/x86_64-linux-gnu/libdrm_radeon.so.1.0.1
7f0cb189d000-7f0cb18a4000 r-xp 00000000 08:01 11539114                   /usr/lib/x86_64-linux-gnu/libdrm_nouveau.so.2.0.0
7f0cb18a4000-7f0cb1aa3000 ---p 00007000 08:01 11539114                   /usr/lib/x86_64-linux-gnu/libdrm_nouveau.so.2.0.0
7f0cb1aa3000-7f0cb1aa4000 r--p 00006000 08:01 11539114                   /usr/lib/x86_64-linux-gnu/libdrm_nouveau.so.2.0.0
7f0cb1aa4000-7f0cb1aa5000 rw-p 00007000 08:01 11539114                   /usr/lib/x86_64-linux-gnu/libdrm_nouveau.so.2.0.0
7f0cb1aa5000-7f0cb1ac8000 r-xp 00000000 08:01 11539112                   /usr/lib/x86_64-linux-gnu/libdrm_intel.so.1.0.0
7f0cb1ac8000-7f0cb1cc7000 ---p 00023000 08:01 11539112                   /usr/lib/x86_64-linux-gnu/libdrm_intel.so.1.0.0
7f0cb1cc7000-7f0cb1cc8000 r--p 00022000 08:01 11539112                   /usr/lib/x86_64-linux-gnu/libdrm_intel.so.1.0.0
7f0cb1cc8000-7f0cb1cc9000 rw-p 00023000 08:01 11539112                   /usr/lib/x86_64-linux-gnu/libdrm_intel.so.1.0.0
7f0cb1cc9000-7f0cb25f8000 r-xp 00000000 08:01 11537778                   /usr/lib/x86_64-linux-gnu/dri/i965_dri.so
7f0cb25f8000-7f0cb27f7000 ---p 0092f000 08:01 11537778                   /usr/lib/x86_64-linux-gnu/dri/i965_dri.so
7f0cb27f7000-7f0cb2851000 r--p 0092e000 08:01 11537778                   /usr/lib/x86_64-linux-gnu/dri/i965_dri.so
7f0cb2851000-7f0cb285c000 rw-p 00988000 08:01 11537778                   /usr/lib/x86_64-linux-gnu/dri/i965_dri.so
7f0cb285c000-7f0cb290f000 rw-p 00000000 00:00 0 
7f0cb290f000-7f0cb291f000 r-xp 00000000 08:01 11539108                   /usr/lib/x86_64-linux-gnu/libdrm.so.2.4.0
7f0cb291f000-7f0cb2b1e000 ---p 00010000 08:01 11539108                   /usr/lib/x86_64-linux-gnu/libdrm.so.2.4.0
7f0cb2b1e000-7f0cb2b1f000 r--p 0000f000 08:01 11539108                   /usr/lib/x86_64-linux-gnu/libdrm.so.2.4.0
7f0cb2b1f000-7f0cb2b20000 rw-p 00010000 08:01 11539108                   /usr/lib/x86_64-linux-gnu/libdrm.so.2.4.0
7f0cb2b20000-7f0cb2b24000 r-xp 00000000 08:01 11540466                   /usr/lib/x86_64-linux-gnu/libxcb-dri2.so.0.0.0
7f0cb2b24000-7f0cb2d23000 ---p 00004000 08:01 11540466                   /usr/lib/x86_64-linux-gnu/libxcb-dri2.so.0.0.0
7f0cb2d23000-7f0cb2d24000 r--p 00003000 08:01 11540466                   /usr/lib/x86_64-linux-gnu/libxcb-dri2.so.0.0.0
7f0cb2d24000-7f0cb2d25000 rw-p 00004000 08:01 11540466                   /usr/lib/x86_64-linux-gnu/libxcb-dri2.so.0.0.0
7f0cb2d25000-7f0cb2d3d000 r-xp 00000000 08:01 11540472                   /usr/lib/x86_64-linux-gnu/libxcb-glx.so.0.0.0
7f0cb2d3d000-7f0cb2f3d000 ---p 00018000 08:01 11540472                   /usr/lib/x86_64-linux-gnu/libxcb-glx.so.0.0.0
7f0cb2f3d000-7f0cb2f3f000 r--p 00018000 08:01 11540472                   /usr/lib/x86_64-linux-gnu/libxcb-glx.so.0.0.0
7f0cb2f3f000-7f0cb2f40000 rw-p 0001a000 08:01 11540472                   /usr/lib/x86_64-linux-gnu/libxcb-glx.so.0.0.0
7f0cb2f40000-7f0cb2f41000 r-xp 00000000 08:01 11538787                   /usr/lib/x86_64-linux-gnu/libX11-xcb.so.1.0.0
7f0cb2f41000-7f0cb3140000 ---p 00001000 08:01 11538787                   /usr/lib/x86_64-linux-gnu/libX11-xcb.so.1.0.0
7f0cb3140000-7f0cb3141000 r--p 00000000 08:01 11538787                   /usr/lib/x86_64-linux-gnu/libX11-xcb.so.1.0.0
7f0cb3141000-7f0cb3142000 rw-p 00001000 08:01 11538787                   /usr/lib/x86_64-linux-gnu/libX11-xcb.so.1.0.0
7f0cb3142000-7f0cb316e000 r-xp 00000000 08:01 11539326                   /usr/lib/x86_64-linux-gnu/libglapi.so.0.0.0
7f0cb316e000-7f0cb336d000 ---p 0002c000 08:01 11539326                   /usr/lib/x86_64-linux-gnu/libglapi.so.0.0.0
7f0cb336d000-7f0cb3371000 r--p 0002b000 08:01 11539326                   /usr/lib/x86_64-linux-gnu/libglapi.so.0.0.0
7f0cb3371000-7f0cb3372000 rw-p 0002f000 08:01 11539326                   /usr/lib/x86_64-linux-gnu/libglapi.so.0.0.0
7f0cb3372000-7f0cb3373000 rw-p 00000000 00:00 0 
7f0cb3373000-7f0cb3374000 r-xp 00000000 08:01 11540522                   /usr/lib/x86_64-linux-gnu/libxshmfence.so.1.0.0
7f0cb3374000-7f0cb3573000 ---p 00001000 08:01 11540522                   /usr/lib/x86_64-linux-gnu/libxshmfence.so.1.0.0
7f0cb3573000-7f0cb3574000 r--p 00000000 08:01 11540522                   /usr/lib/x86_64-linux-gnu/libxshmfence.so.1.0.0
7f0cb3574000-7f0cb3575000 rw-p 00001000 08:01 11540522                   /usr/lib/x86_64-linux-gnu/libxshmfence.so.1.0.0
7f0cb3575000-7f0cb357b000 r-xp 00000000 08:01 11540492                   /usr/lib/x86_64-linux-gnu/libxcb-sync.so.1.0.0
7f0cb357b000-7f0cb377a000 ---p 00006000 08:01 11540492                   /usr/lib/x86_64-linux-gnu/libxcb-sync.so.1.0.0
7f0cb377a000-7f0cb377b000 r--p 00005000 08:01 11540492                   /usr/lib/x86_64-linux-gnu/libxcb-sync.so.1.0.0
7f0cb377b000-7f0cb377c000 rw-p 00006000 08:01 11540492                   /usr/lib/x86_64-linux-gnu/libxcb-sync.so.1.0.0
7f0cb377c000-7f0cb377e000 r-xp 00000000 08:01 11540480                   /usr/lib/x86_64-linux-gnu/libxcb-present.so.0.0.0
7f0cb377e000-7f0cb397d000 ---p 00002000 08:01 11540480                   /usr/lib/x86_64-linux-gnu/libxcb-present.so.0.0.0
7f0cb397d000-7f0cb397e000 r--p 00001000 08:01 11540480                   /usr/lib/x86_64-linux-gnu/libxcb-present.so.0.0.0
7f0cb397e000-7f0cb397f000 rw-p 00002000 08:01 11540480                   /usr/lib/x86_64-linux-gnu/libxcb-present.so.0.0.0
7f0cb397f000-7f0cb3986000 r-xp 00000000 08:01 11540496                   /usr/lib/x86_64-linux-gnu/libxcb-xfixes.so.0.0.0
7f0cb3986000-7f0cb3b85000 ---p 00007000 08:01 11540496                   /usr/lib/x86_64-linux-gnu/libxcb-xfixes.so.0.0.0
7f0cb3b85000-7f0cb3b86000 r--p 00006000 08:01 11540496                   /usr/lib/x86_64-linux-gnu/libxcb-xfixes.so.0.0.0
7f0cb3b86000-7f0cb3b87000 rw-p 00007000 08:01 11540496                   /usr/lib/x86_64-linux-gnu/libxcb-xfixes.so.0.0.0
7f0cb3b87000-7f0cb3b89000 r-xp 00000000 08:01 11540468                   /usr/lib/x86_64-linux-gnu/libxcb-dri3.so.0.0.0
7f0cb3b89000-7f0cb3d88000 ---p 00002000 08:01 11540468                   /usr/lib/x86_64-linux-gnu/libxcb-dri3.so.0.0.0
7f0cb3d88000-7f0cb3d89000 r--p 00001000 08:01 11540468                   /usr/lib/x86_64-linux-gnu/libxcb-dri3.so.0.0.0
7f0cb3d89000-7f0cb3d8a000 rw-p 00002000 08:01 11540468                   /usr/lib/x86_64-linux-gnu/libxcb-dri3.so.0.0.0
7f0cb3d8a000-7f0cb3dfc000 r-xp 00000000 08:01 11538539                   /usr/lib/x86_64-linux-gnu/libGLX_mesa.so.0.0.0
7f0cb3dfc000-7f0cb3ffb000 ---p 00072000 08:01 11538539                   /usr/lib/x86_64-linux-gnu/libGLX_mesa.so.0.0.0
7f0cb3ffb000-7f0cb3ffe000 r--p 00071000 08:01 11538539                   /usr/lib/x86_64-linux-gnu/libGLX_mesa.so.0.0.0
7f0cb3ffe000-7f0cb3fff000 rw-p 00074000 08:01 11538539                   /usr/lib/x86_64-linux-gnu/libGLX_mesa.so.0.0.0
7f0cb3fff000-7f0cb4000000 rw-p 00000000 00:00 0 
7f0cb4000000-7f0cb58bb000 rw-p 00000000 00:00 0 
7f0cb58bb000-7f0cb8000000 ---p 00000000 00:00 0 
7f0cb8000000-7f0cb8002000 rw-s 00000000 00:19 707                        /i915 (deleted)
7f0cb8002000-7f0cb8143000 rw-s 00000000 08:01 131145                     /home/hcls/.cache/mesa_shader_cache/index
7f0cb8143000-7f0cb8147000 r-xp 00000000 08:01 11540371                   /usr/lib/x86_64-linux-gnu/libuuid.so.1.3.0
7f0cb8147000-7f0cb8346000 ---p 00004000 08:01 11540371                   /usr/lib/x86_64-linux-gnu/libuuid.so.1.3.0
7f0cb8346000-7f0cb8347000 r--p 00003000 08:01 11540371                   /usr/lib/x86_64-linux-gnu/libuuid.so.1.3.0
7f0cb8347000-7f0cb8348000 rw-p 00004000 08:01 11540371                   /usr/lib/x86_64-linux-gnu/libuuid.so.1.3.0
7f0cb8348000-7f0cb835b000 r-xp 00000000 08:01 11538944                   /usr/lib/x86_64-linux-gnu/libbsd.so.0.8.3
7f0cb835b000-7f0cb855b000 ---p 00013000 08:01 11538944                   /usr/lib/x86_64-linux-gnu/libbsd.so.0.8.3
7f0cb855b000-7f0cb855c000 r--p 00013000 08:01 11538944                   /usr/lib/x86_64-linux-gnu/libbsd.so.0.8.3
7f0cb855c000-7f0cb855d000 rw-p 00014000 08:01 11538944                   /usr/lib/x86_64-linux-gnu/libbsd.so.0.8.3
7f0cb855d000-7f0cb855e000 rw-p 00000000 00:00 0 
7f0cb855e000-7f0cb8565000 r-xp 00000000 08:01 11539034                   /usr/lib/x86_64-linux-gnu/libdatrie.so.1.3.3
7f0cb8565000-7f0cb8764000 ---p 00007000 08:01 11539034                   /usr/lib/x86_64-linux-gnu/libdatrie.so.1.3.3
7f0cb8764000-7f0cb8765000 r--p 00006000 08:01 11539034                   /usr/lib/x86_64-linux-gnu/libdatrie.so.1.3.3
7f0cb8765000-7f0cb8766000 rw-p 00007000 08:01 11539034                   /usr/lib/x86_64-linux-gnu/libdatrie.so.1.3.3
7f0cb8766000-7f0cb8791000 r-xp 00000000 08:01 11539479                   /usr/lib/x86_64-linux-gnu/libgraphite2.so.3.0.1
7f0cb8791000-7f0cb8990000 ---p 0002b000 08:01 11539479                   /usr/lib/x86_64-linux-gnu/libgraphite2.so.3.0.1
7f0cb8990000-7f0cb8992000 r--p 0002a000 08:01 11539479                   /usr/lib/x86_64-linux-gnu/libgraphite2.so.3.0.1
7f0cb8992000-7f0cb8993000 rw-p 0002c000 08:01 11539479                   /usr/lib/x86_64-linux-gnu/libgraphite2.so.3.0.1
7f0cb8993000-7f0cb89d4000 r-xp 00000000 08:01 11538929                   /usr/lib/x86_64-linux-gnu/libblkid.so.1.1.0
7f0cb89d4000-7f0cb8bd3000 ---p 00041000 08:01 11538929                   /usr/lib/x86_64-linux-gnu/libblkid.so.1.1.0
7f0cb8bd3000-7f0cb8bd7000 r--p 00040000 08:01 11538929                   /usr/lib/x86_64-linux-gnu/libblkid.so.1.1.0
7f0cb8bd7000-7f0cb8bd8000 rw-p 00044000 08:01 11538929                   /usr/lib/x86_64-linux-gnu/libblkid.so.1.1.0
7f0cb8bd8000-7f0cb8bd9000 rw-p 00000000 00:00 0 
7f0cb8bd9000-7f0cb8bde000 r-xp 00000000 08:01 11538804                   /usr/lib/x86_64-linux-gnu/libXdmcp.so.6.0.0
7f0cb8bde000-7f0cb8ddd000 ---p 00005000 08:01 11538804                   /usr/lib/x86_64-linux-gnu/libXdmcp.so.6.0.0
7f0cb8ddd000-7f0cb8dde000 r--p 00004000 08:01 11538804                   /usr/lib/x86_64-linux-gnu/libXdmcp.so.6.0.0
7f0cb8dde000-7f0cb8ddf000 rw-p 00005000 08:01 11538804                   /usr/lib/x86_64-linux-gnu/libXdmcp.so.6.0.0
7f0cb8ddf000-7f0cb8de2000 r-xp 00000000 08:01 11538793                   /usr/lib/x86_64-linux-gnu/libXau.so.6.0.0
7f0cb8de2000-7f0cb8fe1000 ---p 00003000 08:01 11538793                   /usr/lib/x86_64-linux-gnu/libXau.so.6.0.0
7f0cb8fe1000-7f0cb8fe2000 r--p 00002000 08:01 11538793                   /usr/lib/x86_64-linux-gnu/libXau.so.6.0.0
7f0cb8fe2000-7f0cb8fe3000 rw-p 00003000 08:01 11538793                   /usr/lib/x86_64-linux-gnu/libXau.so.6.0.0
7f0cb8fe3000-7f0cb9053000 r-xp 00000000 08:01 11538541                   /usr/lib/x86_64-linux-gnu/libGLdispatch.so.0.0.0
7f0cb9053000-7f0cb9253000 ---p 00070000 08:01 11538541                   /usr/lib/x86_64-linux-gnu/libGLdispatch.so.0.0.0
7f0cb9253000-7f0cb927c000 r--p 00070000 08:01 11538541                   /usr/lib/x86_64-linux-gnu/libGLdispatch.so.0.0.0
7f0cb927c000-7f0cb927d000 rw-p 00099000 08:01 11538541                   /usr/lib/x86_64-linux-gnu/libGLdispatch.so.0.0.0
7f0cb927d000-7f0cb929d000 rw-p 00000000 00:00 0 
7f0cb929d000-7f0cb92ad000 r-xp 00000000 08:01 11538536                   /usr/lib/x86_64-linux-gnu/libGLX.so.0.0.0
7f0cb92ad000-7f0cb94ad000 ---p 00010000 08:01 11538536                   /usr/lib/x86_64-linux-gnu/libGLX.so.0.0.0
7f0cb94ad000-7f0cb94ae000 r--p 00010000 08:01 11538536                   /usr/lib/x86_64-linux-gnu/libGLX.so.0.0.0
7f0cb94ae000-7f0cb94af000 rw-p 00011000 08:01 11538536                   /usr/lib/x86_64-linux-gnu/libGLX.so.0.0.0
7f0cb94af000-7f0cb94cf000 rw-p 00000000 00:00 0 
7f0cb94cf000-7f0cb9541000 r-xp 00000000 08:01 11540029                   /usr/lib/x86_64-linux-gnu/libpcre.so.3.13.3
7f0cb9541000-7f0cb9740000 ---p 00072000 08:01 11540029                   /usr/lib/x86_64-linux-gnu/libpcre.so.3.13.3
7f0cb9740000-7f0cb9741000 r--p 00071000 08:01 11540029                   /usr/lib/x86_64-linux-gnu/libpcre.so.3.13.3
7f0cb9741000-7f0cb9742000 rw-p 00072000 08:01 11540029                   /usr/lib/x86_64-linux-gnu/libpcre.so.3.13.3
7f0cb9742000-7f0cb9769000 r-xp 00000000 08:01 11539190                   /usr/lib/x86_64-linux-gnu/libexpat.so.1.6.2
7f0cb9769000-7f0cb9969000 ---p 00027000 08:01 11539190                   /usr/lib/x86_64-linux-gnu/libexpat.so.1.6.2
7f0cb9969000-7f0cb996b000 r--p 00027000 08:01 11539190                   /usr/lib/x86_64-linux-gnu/libexpat.so.1.6.2
7f0cb996b000-7f0cb996c000 rw-p 00029000 08:01 11539190                   /usr/lib/x86_64-linux-gnu/libexpat.so.1.6.2
7f0cb996c000-7f0cb9973000 r-xp 00000000 08:01 11539210                   /usr/lib/x86_64-linux-gnu/libffi.so.6.0.4
7f0cb9973000-7f0cb9b73000 ---p 00007000 08:01 11539210                   /usr/lib/x86_64-linux-gnu/libffi.so.6.0.4
7f0cb9b73000-7f0cb9b74000 r--p 00007000 08:01 11539210                   /usr/lib/x86_64-linux-gnu/libffi.so.6.0.4
7f0cb9b74000-7f0cb9b75000 rw-p 00008000 08:01 11539210                   /usr/lib/x86_64-linux-gnu/libffi.so.6.0.4
7f0cb9b75000-7f0cb9b7d000 r-xp 00000000 08:01 11540304                   /usr/lib/x86_64-linux-gnu/libthai.so.0.3.0
7f0cb9b7d000-7f0cb9d7d000 ---p 00008000 08:01 11540304                   /usr/lib/x86_64-linux-gnu/libthai.so.0.3.0
7f0cb9d7d000-7f0cb9d7e000 r--p 00008000 08:01 11540304                   /usr/lib/x86_64-linux-gnu/libthai.so.0.3.0
7f0cb9d7e000-7f0cb9d7f000 rw-p 00009000 08:01 11540304                   /usr/lib/x86_64-linux-gnu/libthai.so.0.3.0
7f0cb9d7f000-7f0cb9e12000 r-xp 00000000 08:01 11539576                   /usr/lib/x86_64-linux-gnu/libharfbuzz.so.0.10400.2
7f0cb9e12000-7f0cba011000 ---p 00093000 08:01 11539576                   /usr/lib/x86_64-linux-gnu/libharfbuzz.so.0.10400.2
7f0cba011000-7f0cba013000 r--p 00092000 08:01 11539576                   /usr/lib/x86_64-linux-gnu/libharfbuzz.so.0.10400.2
7f0cba013000-7f0cba014000 rw-p 00094000 08:01 11539576                   /usr/lib/x86_64-linux-gnu/libharfbuzz.so.0.10400.2
7f0cba014000-7f0cba05e000 r-xp 00000000 08:01 11539817                   /usr/lib/x86_64-linux-gnu/libmount.so.1.1.0
7f0cba05e000-7f0cba25e000 ---p 0004a000 08:01 11539817                   /usr/lib/x86_64-linux-gnu/libmount.so.1.1.0
7f0cba25e000-7f0cba25f000 r--p 0004a000 08:01 11539817                   /usr/lib/x86_64-linux-gnu/libmount.so.1.1.0
7f0cba25f000-7f0cba260000 rw-p 0004b000 08:01 11539817                   /usr/lib/x86_64-linux-gnu/libmount.so.1.1.0
7f0cba260000-7f0cba262000 rw-p 00000000 00:00 0 
7f0cba262000-7f0cba276000 r-xp 00000000 08:01 11540155                   /usr/lib/x86_64-linux-gnu/libresolv-2.24.so
7f0cba276000-7f0cba475000 ---p 00014000 08:01 11540155                   /usr/lib/x86_64-linux-gnu/libresolv-2.24.so
7f0cba475000-7f0cba476000 r--p 00013000 08:01 11540155                   /usr/lib/x86_64-linux-gnu/libresolv-2.24.so
7f0cba476000-7f0cba477000 rw-p 00014000 08:01 11540155                   /usr/lib/x86_64-linux-gnu/libresolv-2.24.so
7f0cba477000-7f0cba479000 rw-p 00000000 00:00 0 
7f0cba479000-7f0cba49e000 r-xp 00000000 08:01 11540203                   /usr/lib/x86_64-linux-gnu/libselinux.so.1
7f0cba49e000-7f0cba69d000 ---p 00025000 08:01 11540203                   /usr/lib/x86_64-linux-gnu/libselinux.so.1
7f0cba69d000-7f0cba69e000 r--p 00024000 08:01 11540203                   /usr/lib/x86_64-linux-gnu/libselinux.so.1
7f0cba69e000-7f0cba69f000 rw-p 00025000 08:01 11540203                   /usr/lib/x86_64-linux-gnu/libselinux.so.1
7f0cba69f000-7f0cba6a1000 rw-p 00000000 00:00 0 
7f0cba6a1000-7f0cba6ad000 r-xp 00000000 08:01 11540486                   /usr/lib/x86_64-linux-gnu/libxcb-render.so.0.0.0
7f0cba6ad000-7f0cba8ad000 ---p 0000c000 08:01 11540486                   /usr/lib/x86_64-linux-gnu/libxcb-render.so.0.0.0
7f0cba8ad000-7f0cba8ae000 r--p 0000c000 08:01 11540486                   /usr/lib/x86_64-linux-gnu/libxcb-render.so.0.0.0
7f0cba8ae000-7f0cba8af000 rw-p 0000d000 08:01 11540486                   /usr/lib/x86_64-linux-gnu/libxcb-render.so.0.0.0
7f0cba8af000-7f0cba8d6000 r-xp 00000000 08:01 11540504                   /usr/lib/x86_64-linux-gnu/libxcb.so.1.1.0
7f0cba8d6000-7f0cbaad5000 ---p 00027000 08:01 11540504                   /usr/lib/x86_64-linux-gnu/libxcb.so.1.1.0
7f0cbaad5000-7f0cbaad6000 r--p 00026000 08:01 11540504                   /usr/lib/x86_64-linux-gnu/libxcb.so.1.1.0
7f0cbaad6000-7f0cbaad7000 rw-p 00027000 08:01 11540504                   /usr/lib/x86_64-linux-gnu/libxcb.so.1.1.0
7f0cbaad7000-7f0cbaad9000 r-xp 00000000 08:01 11540490                   /usr/lib/x86_64-linux-gnu/libxcb-shm.so.0.0.0
7f0cbaad9000-7f0cbacd9000 ---p 00002000 08:01 11540490                   /usr/lib/x86_64-linux-gnu/libxcb-shm.so.0.0.0
7f0cbacd9000-7f0cbacda000 r--p 00002000 08:01 11540490                   /usr/lib/x86_64-linux-gnu/libxcb-shm.so.0.0.0
7f0cbacda000-7f0cbacdb000 rw-p 00003000 08:01 11540490                   /usr/lib/x86_64-linux-gnu/libxcb-shm.so.0.0.0
7f0cbacdb000-7f0cbad0c000 r-xp 00000000 08:01 11540076                   /usr/lib/x86_64-linux-gnu/libpng16.so.16.28.0
7f0cbad0c000-7f0cbaf0c000 ---p 00031000 08:01 11540076                   /usr/lib/x86_64-linux-gnu/libpng16.so.16.28.0
7f0cbaf0c000-7f0cbaf0d000 r--p 00031000 08:01 11540076                   /usr/lib/x86_64-linux-gnu/libpng16.so.16.28.0
7f0cbaf0d000-7f0cbaf0e000 rw-p 00032000 08:01 11540076                   /usr/lib/x86_64-linux-gnu/libpng16.so.16.28.0
7f0cbaf0e000-7f0cbafac000 r-xp 00000000 08:01 11540059                   /usr/lib/x86_64-linux-gnu/libpixman-1.so.0.34.0
7f0cbafac000-7f0cbb1ac000 ---p 0009e000 08:01 11540059                   /usr/lib/x86_64-linux-gnu/libpixman-1.so.0.34.0
7f0cbb1ac000-7f0cbb1b4000 r--p 0009e000 08:01 11540059                   /usr/lib/x86_64-linux-gnu/libpixman-1.so.0.34.0
7f0cbb1b4000-7f0cbb1b5000 rw-p 000a6000 08:01 11540059                   /usr/lib/x86_64-linux-gnu/libpixman-1.so.0.34.0
7f0cbb1b5000-7f0cbb1c6000 r-xp 00000000 08:01 11538806                   /usr/lib/x86_64-linux-gnu/libXext.so.6.4.0
7f0cbb1c6000-7f0cbb3c5000 ---p 00011000 08:01 11538806                   /usr/lib/x86_64-linux-gnu/libXext.so.6.4.0
7f0cbb3c5000-7f0cbb3c6000 r--p 00010000 08:01 11538806                   /usr/lib/x86_64-linux-gnu/libXext.so.6.4.0
7f0cbb3c6000-7f0cbb3c7000 rw-p 00011000 08:01 11538806                   /usr/lib/x86_64-linux-gnu/libXext.so.6.4.0
7f0cbb3c7000-7f0cbb3d1000 r-xp 00000000 08:01 11538800                   /usr/lib/x86_64-linux-gnu/libXcursor.so.1.0.2
7f0cbb3d1000-7f0cbb5d0000 ---p 0000a000 08:01 11538800                   /usr/lib/x86_64-linux-gnu/libXcursor.so.1.0.2
7f0cbb5d0000-7f0cbb5d1000 r--p 00009000 08:01 11538800                   /usr/lib/x86_64-linux-gnu/libXcursor.so.1.0.2
7f0cbb5d1000-7f0cbb5d2000 rw-p 0000a000 08:01 11538800                   /usr/lib/x86_64-linux-gnu/libXcursor.so.1.0.2
7f0cbb5d2000-7f0cbb5dc000 r-xp 00000000 08:01 11538826                   /usr/lib/x86_64-linux-gnu/libXrandr.so.2.2.0
7f0cbb5dc000-7f0cbb7db000 ---p 0000a000 08:01 11538826                   /usr/lib/x86_64-linux-gnu/libXrandr.so.2.2.0
7f0cbb7db000-7f0cbb7dc000 r--p 00009000 08:01 11538826                   /usr/lib/x86_64-linux-gnu/libXrandr.so.2.2.0
7f0cbb7dc000-7f0cbb7dd000 rw-p 0000a000 08:01 11538826                   /usr/lib/x86_64-linux-gnu/libXrandr.so.2.2.0
7f0cbb7dd000-7f0cbb7ec000 r-xp 00000000 08:01 11538816                   /usr/lib/x86_64-linux-gnu/libXi.so.6.1.0
7f0cbb7ec000-7f0cbb9eb000 ---p 0000f000 08:01 11538816                   /usr/lib/x86_64-linux-gnu/libXi.so.6.1.0
7f0cbb9eb000-7f0cbb9ec000 r--p 0000e000 08:01 11538816                   /usr/lib/x86_64-linux-gnu/libXi.so.6.1.0
7f0cbb9ec000-7f0cbb9ed000 rw-p 0000f000 08:01 11538816                   /usr/lib/x86_64-linux-gnu/libXi.so.6.1.0
7f0cbb9ed000-7f0cbb9ef000 r-xp 00000000 08:01 11538818                   /usr/lib/x86_64-linux-gnu/libXinerama.so.1.0.0
7f0cbb9ef000-7f0cbbbee000 ---p 00002000 08:01 11538818                   /usr/lib/x86_64-linux-gnu/libXinerama.so.1.0.0
7f0cbbbee000-7f0cbbbef000 r--p 00001000 08:01 11538818                   /usr/lib/x86_64-linux-gnu/libXinerama.so.1.0.0
7f0cbbbef000-7f0cbbbf0000 rw-p 00002000 08:01 11538818                   /usr/lib/x86_64-linux-gnu/libXinerama.so.1.0.0
7f0cbbbf0000-7f0cbbbf9000 r-xp 00000000 08:01 11538828                   /usr/lib/x86_64-linux-gnu/libXrender.so.1.3.0
7f0cbbbf9000-7f0cbbdf8000 ---p 00009000 08:01 11538828                   /usr/lib/x86_64-linux-gnu/libXrender.so.1.3.0
7f0cbbdf8000-7f0cbbdf9000 r--p 00008000 08:01 11538828                   /usr/lib/x86_64-linux-gnu/libXrender.so.1.3.0
7f0cbbdf9000-7f0cbbdfa000 rw-p 00009000 08:01 11538828                   /usr/lib/x86_64-linux-gnu/libXrender.so.1.3.0
7f0cbbdfa000-7f0cbbdff000 r-xp 00000000 08:01 11538808                   /usr/lib/x86_64-linux-gnu/libXfixes.so.3.1.0
7f0cbbdff000-7f0cbbffe000 ---p 00005000 08:01 11538808                   /usr/lib/x86_64-linux-gnu/libXfixes.so.3.1.0
7f0cbbffe000-7f0cbbfff000 r--p 00004000 08:01 11538808                   /usr/lib/x86_64-linux-gnu/libXfixes.so.3.1.0
7f0cbbfff000-7f0cbc000000 rw-p 00005000 08:01 11538808                   /usr/lib/x86_64-linux-gnu/libXfixes.so.3.1.0
7f0cbc000000-7f0cbc021000 rw-p 00000000 00:00 0 
7f0cbc021000-7f0cc0000000 ---p 00000000 00:00 0 
7f0cc0000000-7f0cc0021000 rw-p 00000000 00:00 0 
7f0cc0021000-7f0cc4000000 ---p 00000000 00:00 0 
7f0cc4000000-7f0cc4209000 rw-p 00000000 00:00 0 
7f0cc4209000-7f0cc8000000 ---p 00000000 00:00 0 
7f0cc8000000-7f0cc83a3000 rw-p 00000000 00:00 0 
7f0cc83a3000-7f0ccc000000 ---p 00000000 00:00 0 
7f0ccc000000-7f0ccc235000 rw-p 00000000 00:00 0 
7f0ccc235000-7f0cd0000000 ---p 00000000 00:00 0 
7f0cd0000000-7f0cd0021000 rw-p 00000000 00:00 0 
7f0cd0021000-7f0cd4000000 ---p 00000000 00:00 0 
7f0cd4000000-7f0cd4001000 rw-s 00000000 00:19 774                        /i915 (deleted)
7f0cd4001000-7f0cd4002000 rw-s 00000000 00:19 581                        /i915 (deleted)
7f0cd4002000-7f0cd4044000 r--s 00000000 08:01 1048622                    /var/cache/fontconfig/0bd3dc0958fa2205aaaa8ebb13e2872b-le64.cache-4
7f0cd4044000-7f0cd4045000 r--s 00000000 08:01 1048624                    /var/cache/fontconfig/16c2fda60d1b4b719f4b3d06fd951d25-le64.cache-4
7f0cd4045000-7f0cd404b000 r--s 00000000 08:01 1048640                    /var/cache/fontconfig/3047814df9a2f067bd2d96a2b9c36e5a-le64.cache-4
7f0cd404b000-7f0cd405e000 r--s 00000000 08:01 1062050                    /var/cache/fontconfig/d52a8644073d54c13679302ca1180695-le64.cache-4
7f0cd405e000-7f0cd406a000 r--s 00000000 08:01 1063542                    /var/cache/fontconfig/d589a48862398ed80a3d6066f4f56f4c-le64.cache-4
7f0cd406a000-7f0cd406d000 r--s 00000000 08:01 1048635                    /var/cache/fontconfig/47e67d79d01846c7b6efd6b4f03a6092-le64.cache-4
7f0cd406d000-7f0cd407f000 r--s 00000000 08:01 1048623                    /var/cache/fontconfig/9b89f8e3dae116d678bbf48e5f21f69b-le64.cache-4
7f0cd407f000-7f0cd4082000 r--s 00000000 08:01 1048643                    /var/cache/fontconfig/e13b20fdb08344e0e664864cc2ede53d-le64.cache-4
7f0cd4082000-7f0cd4083000 r--s 00000000 08:01 1066469                    /var/cache/fontconfig/5df9eba3d3f2d3afe4369d5c874815ce-le64.cache-4
7f0cd4083000-7f0cd4088000 rw-s 00000000 00:19 779                        /i915 (deleted)
7f0cd4088000-7f0cd408c000 rw-s 00000000 00:19 772                        /i915 (deleted)
7f0cd408c000-7f0cd40b5000 r--p 00000000 08:01 12590723                   /usr/share/locale/pt_BR/LC_MESSAGES/gtk20-properties.mo
7f0cd40b5000-7f0cd40b7000 r-xp 00000000 08:01 11538802                   /usr/lib/x86_64-linux-gnu/libXdamage.so.1.1.0
7f0cd40b7000-7f0cd42b6000 ---p 00002000 08:01 11538802                   /usr/lib/x86_64-linux-gnu/libXdamage.so.1.1.0
7f0cd42b6000-7f0cd42b7000 r--p 00001000 08:01 11538802                   /usr/lib/x86_64-linux-gnu/libXdamage.so.1.1.0
7f0cd42b7000-7f0cd42b8000 rw-p 00002000 08:01 11538802                   /usr/lib/x86_64-linux-gnu/libXdamage.so.1.1.0
7f0cd42b8000-7f0cd42ba000 r-xp 00000000 08:01 11538798                   /usr/lib/x86_64-linux-gnu/libXcomposite.so.1.0.0
7f0cd42ba000-7f0cd44b9000 ---p 00002000 08:01 11538798                   /usr/lib/x86_64-linux-gnu/libXcomposite.so.1.0.0
7f0cd44b9000-7f0cd44ba000 r--p 00001000 08:01 11538798                   /usr/lib/x86_64-linux-gnu/libXcomposite.so.1.0.0
7f0cd44ba000-7f0cd44bb000 rw-p 00002000 08:01 11538798                   /usr/lib/x86_64-linux-gnu/libXcomposite.so.1.0.0
7f0cd44bb000-7f0cd44be000 r-xp 00000000 08:01 11539344                   /usr/lib/x86_64-linux-gnu/libgmodule-2.0.so.0.5000.3
7f0cd44be000-7f0cd46bd000 ---p 00003000 08:01 11539344                   /usr/lib/x86_64-linux-gnu/libgmodule-2.0.so.0.5000.3
7f0cd46bd000-7f0cd46be000 r--p 00002000 08:01 11539344                   /usr/lib/x86_64-linux-gnu/libgmodule-2.0.so.0.5000.3
7f0cd46be000-7f0cd46bf000 rw-p 00003000 08:01 11539344                   /usr/lib/x86_64-linux-gnu/libgmodule-2.0.so.0.5000.3
7f0cd46bf000-7f0cd4734000 r-xp 00000000 08:01 11538530                   /usr/lib/x86_64-linux-gnu/libGL.so.1.7.0
7f0cd4734000-7f0cd4934000 ---p 00075000 08:01 11538530                   /usr/lib/x86_64-linux-gnu/libGL.so.1.7.0
7f0cd4934000-7f0cd494e000 r--p 00075000 08:01 11538530                   /usr/lib/x86_64-linux-gnu/libGL.so.1.7.0
7f0cd494e000-7f0cd494f000 rw-p 0008f000 08:01 11538530                   /usr/lib/x86_64-linux-gnu/libGL.so.1.7.0
7f0cd494f000-7f0cd4950000 rw-p 00000000 00:00 0 
7f0cd4950000-7f0cd4955000 r-xp 00000000 08:01 11538844                   /usr/lib/x86_64-linux-gnu/libXxf86vm.so.1.0.0
7f0cd4955000-7f0cd4b54000 ---p 00005000 08:01 11538844                   /usr/lib/x86_64-linux-gnu/libXxf86vm.so.1.0.0
7f0cd4b54000-7f0cd4b55000 r--p 00004000 08:01 11538844                   /usr/lib/x86_64-linux-gnu/libXxf86vm.so.1.0.0
7f0cd4b55000-7f0cd4b56000 rw-p 00005000 08:01 11538844                   /usr/lib/x86_64-linux-gnu/libXxf86vm.so.1.0.0
7f0cd4b56000-7f0cd4c90000 r-xp 00000000 08:01 11538789                   /usr/lib/x86_64-linux-gnu/libX11.so.6.3.0
7f0cd4c90000-7f0cd4e90000 ---p 0013a000 08:01 11538789                   /usr/lib/x86_64-linux-gnu/libX11.so.6.3.0
7f0cd4e90000-7f0cd4e91000 r--p 0013a000 08:01 11538789                   /usr/lib/x86_64-linux-gnu/libX11.so.6.3.0
7f0cd4e91000-7f0cd4e96000 rw-p 0013b000 08:01 11538789                   /usr/lib/x86_64-linux-gnu/libX11.so.6.3.0
7f0cd4e96000-7f0cd4e9b000 r-xp 00000000 08:01 11538834                   /usr/lib/x86_64-linux-gnu/libXtst.so.6.1.0
7f0cd4e9b000-7f0cd509a000 ---p 00005000 08:01 11538834                   /usr/lib/x86_64-linux-gnu/libXtst.so.6.1.0
7f0cd509a000-7f0cd509b000 r--p 00004000 08:01 11538834                   /usr/lib/x86_64-linux-gnu/libXtst.so.6.1.0
7f0cd509b000-7f0cd509c000 rw-p 00005000 08:01 11538834                   /usr/lib/x86_64-linux-gnu/libXtst.so.6.1.0
7f0cd509c000-7f0cd51ae000 r-xp 00000000 08:01 11539332                   /usr/lib/x86_64-linux-gnu/libglib-2.0.so.0.5000.3
7f0cd51ae000-7f0cd53ad000 ---p 00112000 08:01 11539332                   /usr/lib/x86_64-linux-gnu/libglib-2.0.so.0.5000.3
7f0cd53ad000-7f0cd53ae000 r--p 00111000 08:01 11539332                   /usr/lib/x86_64-linux-gnu/libglib-2.0.so.0.5000.3
7f0cd53ae000-7f0cd53af000 rw-p 00112000 08:01 11539332                   /usr/lib/x86_64-linux-gnu/libglib-2.0.so.0.5000.3
7f0cd53af000-7f0cd53b0000 rw-p 00000000 00:00 0 
7f0cd53b0000-7f0cd53b1000 r-xp 00000000 08:01 11539552                   /usr/lib/x86_64-linux-gnu/libgthread-2.0.so.0.5000.3
7f0cd53b1000-7f0cd55b0000 ---p 00001000 08:01 11539552                   /usr/lib/x86_64-linux-gnu/libgthread-2.0.so.0.5000.3
7f0cd55b0000-7f0cd55b1000 r--p 00000000 08:01 11539552                   /usr/lib/x86_64-linux-gnu/libgthread-2.0.so.0.5000.3
7f0cd55b1000-7f0cd55b2000 rw-p 00001000 08:01 11539552                   /usr/lib/x86_64-linux-gnu/libgthread-2.0.so.0.5000.3
7f0cd55b2000-7f0cd565a000 r-xp 00000000 08:01 11539268                   /usr/lib/x86_64-linux-gnu/libfreetype.so.6.12.3
7f0cd565a000-7f0cd585a000 ---p 000a8000 08:01 11539268                   /usr/lib/x86_64-linux-gnu/libfreetype.so.6.12.3
7f0cd585a000-7f0cd5860000 r--p 000a8000 08:01 11539268                   /usr/lib/x86_64-linux-gnu/libfreetype.so.6.12.3
7f0cd5860000-7f0cd5861000 rw-p 000ae000 08:01 11539268                   /usr/lib/x86_64-linux-gnu/libfreetype.so.6.12.3
7f0cd5861000-7f0cd589d000 r-xp 00000000 08:01 11539254                   /usr/lib/x86_64-linux-gnu/libfontconfig.so.1.8.0
7f0cd589d000-7f0cd5a9c000 ---p 0003c000 08:01 11539254                   /usr/lib/x86_64-linux-gnu/libfontconfig.so.1.8.0
7f0cd5a9c000-7f0cd5a9e000 r--p 0003b000 08:01 11539254                   /usr/lib/x86_64-linux-gnu/libfontconfig.so.1.8.0
7f0cd5a9e000-7f0cd5a9f000 rw-p 0003d000 08:01 11539254                   /usr/lib/x86_64-linux-gnu/libfontconfig.so.1.8.0
7f0cd5a9f000-7f0cd5af1000 r-xp 00000000 08:01 11539384                   /usr/lib/x86_64-linux-gnu/libgobject-2.0.so.0.5000.3
7f0cd5af1000-7f0cd5cf0000 ---p 00052000 08:01 11539384                   /usr/lib/x86_64-linux-gnu/libgobject-2.0.so.0.5000.3
7f0cd5cf0000-7f0cd5cf1000 r--p 00051000 08:01 11539384                   /usr/lib/x86_64-linux-gnu/libgobject-2.0.so.0.5000.3
7f0cd5cf1000-7f0cd5cf2000 rw-p 00052000 08:01 11539384                   /usr/lib/x86_64-linux-gnu/libgobject-2.0.so.0.5000.3
7f0cd5cf2000-7f0cd5d3b000 r-xp 00000000 08:01 11540004                   /usr/lib/x86_64-linux-gnu/libpango-1.0.so.0.4000.5
7f0cd5d3b000-7f0cd5f3a000 ---p 00049000 08:01 11540004                   /usr/lib/x86_64-linux-gnu/libpango-1.0.so.0.4000.5
7f0cd5f3a000-7f0cd5f3d000 r--p 00048000 08:01 11540004                   /usr/lib/x86_64-linux-gnu/libpango-1.0.so.0.4000.5
7f0cd5f3d000-7f0cd5f3e000 rw-p 0004b000 08:01 11540004                   /usr/lib/x86_64-linux-gnu/libpango-1.0.so.0.4000.5
7f0cd5f3e000-7f0cd5f52000 r-xp 00000000 08:01 11540008                   /usr/lib/x86_64-linux-gnu/libpangoft2-1.0.so.0.4000.5
7f0cd5f52000-7f0cd6152000 ---p 00014000 08:01 11540008                   /usr/lib/x86_64-linux-gnu/libpangoft2-1.0.so.0.4000.5
7f0cd6152000-7f0cd6153000 r--p 00014000 08:01 11540008                   /usr/lib/x86_64-linux-gnu/libpangoft2-1.0.so.0.4000.5
7f0cd6153000-7f0cd6154000 rw-p 00015000 08:01 11540008                   /usr/lib/x86_64-linux-gnu/libpangoft2-1.0.so.0.4000.5
7f0cd6154000-7f0cd62e1000 r-xp 00000000 08:01 11539320                   /usr/lib/x86_64-linux-gnu/libgio-2.0.so.0.5000.3
7f0cd62e1000-7f0cd64e1000 ---p 0018d000 08:01 11539320                   /usr/lib/x86_64-linux-gnu/libgio-2.0.so.0.5000.3
7f0cd64e1000-7f0cd64e6000 r--p 0018d000 08:01 11539320                   /usr/lib/x86_64-linux-gnu/libgio-2.0.so.0.5000.3
7f0cd64e6000-7f0cd64e9000 rw-p 00192000 08:01 11539320                   /usr/lib/x86_64-linux-gnu/libgio-2.0.so.0.5000.3
7f0cd64e9000-7f0cd64ea000 rw-p 00000000 00:00 0 
7f0cd64ea000-7f0cd650c000 r-xp 00000000 08:01 11539306                   /usr/lib/x86_64-linux-gnu/libgdk_pixbuf-2.0.so.0.3600.5
7f0cd650c000-7f0cd670c000 ---p 00022000 08:01 11539306                   /usr/lib/x86_64-linux-gnu/libgdk_pixbuf-2.0.so.0.3600.5
7f0cd670c000-7f0cd670d000 r--p 00022000 08:01 11539306                   /usr/lib/x86_64-linux-gnu/libgdk_pixbuf-2.0.so.0.3600.5
7f0cd670d000-7f0cd670e000 rw-p 00023000 08:01 11539306                   /usr/lib/x86_64-linux-gnu/libgdk_pixbuf-2.0.so.0.3600.5
7f0cd670e000-7f0cd681c000 r-xp 00000000 08:01 11538966                   /usr/lib/x86_64-linux-gnu/libcairo.so.2.11400.8
7f0cd681c000-7f0cd6a1c000 ---p 0010e000 08:01 11538966                   /usr/lib/x86_64-linux-gnu/libcairo.so.2.11400.8
7f0cd6a1c000-7f0cd6a1f000 r--p 0010e000 08:01 11538966                   /usr/lib/x86_64-linux-gnu/libcairo.so.2.11400.8
7f0cd6a1f000-7f0cd6a20000 rw-p 00111000 08:01 11538966                   /usr/lib/x86_64-linux-gnu/libcairo.so.2.11400.8
7f0cd6a20000-7f0cd6a22000 rw-p 00000000 00:00 0 
7f0cd6a22000-7f0cd6a45000 r-xp 00000000 08:01 11538888                   /usr/lib/x86_64-linux-gnu/libatk-1.0.so.0.22209.1
7f0cd6a45000-7f0cd6c44000 ---p 00023000 08:01 11538888                   /usr/lib/x86_64-linux-gnu/libatk-1.0.so.0.22209.1
7f0cd6c44000-7f0cd6c47000 r--p 00022000 08:01 11538888                   /usr/lib/x86_64-linux-gnu/libatk-1.0.so.0.22209.1
7f0cd6c47000-7f0cd6c48000 rw-p 00025000 08:01 11538888                   /usr/lib/x86_64-linux-gnu/libatk-1.0.so.0.22209.1
7f0cd6c48000-7f0cd6c54000 r-xp 00000000 08:01 11540006                   /usr/lib/x86_64-linux-gnu/libpangocairo-1.0.so.0.4000.5
7f0cd6c54000-7f0cd6e53000 ---p 0000c000 08:01 11540006                   /usr/lib/x86_64-linux-gnu/libpangocairo-1.0.so.0.4000.5
7f0cd6e53000-7f0cd6e54000 r--p 0000b000 08:01 11540006                   /usr/lib/x86_64-linux-gnu/libpangocairo-1.0.so.0.4000.5
7f0cd6e54000-7f0cd6e55000 rw-p 0000c000 08:01 11540006                   /usr/lib/x86_64-linux-gnu/libpangocairo-1.0.so.0.4000.5
7f0cd6e55000-7f0cd6f05000 r-xp 00000000 08:01 11539304                   /usr/lib/x86_64-linux-gnu/libgdk-x11-2.0.so.0.2400.31
7f0cd6f05000-7f0cd7104000 ---p 000b0000 08:01 11539304                   /usr/lib/x86_64-linux-gnu/libgdk-x11-2.0.so.0.2400.31
7f0cd7104000-7f0cd7108000 r--p 000af000 08:01 11539304                   /usr/lib/x86_64-linux-gnu/libgdk-x11-2.0.so.0.2400.31
7f0cd7108000-7f0cd710a000 rw-p 000b3000 08:01 11539304                   /usr/lib/x86_64-linux-gnu/libgdk-x11-2.0.so.0.2400.31
7f0cd710a000-7f0cd754a000 r-xp 00000000 08:01 11539558                   /usr/lib/x86_64-linux-gnu/libgtk-x11-2.0.so.0.2400.31
7f0cd754a000-7f0cd7749000 ---p 00440000 08:01 11539558                   /usr/lib/x86_64-linux-gnu/libgtk-x11-2.0.so.0.2400.31
7f0cd7749000-7f0cd7750000 r--p 0043f000 08:01 11539558                   /usr/lib/x86_64-linux-gnu/libgtk-x11-2.0.so.0.2400.31
7f0cd7750000-7f0cd7754000 rw-p 00446000 08:01 11539558                   /usr/lib/x86_64-linux-gnu/libgtk-x11-2.0.so.0.2400.31
7f0cd7754000-7f0cd7757000 rw-p 00000000 00:00 0 
7f0cd7757000-7f0cd7763000 r-xp 00000000 08:01 11546954                   /usr/lib/jvm/java-8-openjdk-amd64/jre/lib/amd64/libprism_es2.so
7f0cd7763000-7f0cd7962000 ---p 0000c000 08:01 11546954                   /usr/lib/jvm/java-8-openjdk-amd64/jre/lib/amd64/libprism_es2.so
7f0cd7962000-7f0cd7963000 r--p 0000b000 08:01 11546954                   /usr/lib/jvm/java-8-openjdk-amd64/jre/lib/amd64/libprism_es2.so
7f0cd7963000-7f0cd7964000 rw-p 0000c000 08:01 11546954                   /usr/lib/jvm/java-8-openjdk-amd64/jre/lib/amd64/libprism_es2.so
7f0cd7964000-7f0cd7967000 ---p 00000000 00:00 0 
7f0cd7967000-7f0cd7a65000 rw-p 00000000 00:00 0 
7f0cd7a65000-7f0cd7afb000 r--s 007ce000 08:01 12492546                   /usr/share/java/openjfx/jre/lib/ext/jfxrt.jar
7f0cd7afb000-7f0cd7afc000 ---p 00000000 00:00 0 
7f0cd7afc000-7f0cd7bfc000 rw-p 00000000 00:00 0 
7f0cd7bfc000-7f0cd7bff000 ---p 00000000 00:00 0 
7f0cd7bff000-7f0cd7cfd000 rw-p 00000000 00:00 0 
7f0cd7cfd000-7f0cd7d00000 ---p 00000000 00:00 0 
7f0cd7d00000-7f0cd7dfe000 rw-p 00000000 00:00 0 
7f0cd7dfe000-7f0cd7e01000 ---p 00000000 00:00 0 
7f0cd7e01000-7f0cd7eff000 rw-p 00000000 00:00 0 
7f0cd7eff000-7f0cd7f02000 ---p 00000000 00:00 0 
7f0cd7f02000-7f0cd8000000 rw-p 00000000 00:00 0 
7f0cd8000000-7f0cd8021000 rw-p 00000000 00:00 0 
7f0cd8021000-7f0cdc000000 ---p 00000000 00:00 0 
7f0cdc000000-7f0cdc021000 rw-p 00000000 00:00 0 
7f0cdc021000-7f0ce0000000 ---p 00000000 00:00 0 
7f0ce0000000-7f0ce0021000 rw-p 00000000 00:00 0 
7f0ce0021000-7f0ce4000000 ---p 00000000 00:00 0 
7f0ce4000000-7f0ce4021000 rw-p 00000000 00:00 0 
7f0ce4021000-7f0ce8000000 ---p 00000000 00:00 0 
7f0ce8000000-7f0ce8021000 rw-p 00000000 00:00 0 
7f0ce8021000-7f0cec000000 ---p 00000000 00:00 0 
7f0cec000000-7f0cec021000 rw-p 00000000 00:00 0 
7f0cec021000-7f0cf0000000 ---p 00000000 00:00 0 
7f0cf0000000-7f0cf0021000 rw-p 00000000 00:00 0 
7f0cf0021000-7f0cf4000000 ---p 00000000 00:00 0 
7f0cf4000000-7f0cf4004000 rw-s 00000000 00:19 770                        /i915 (deleted)
7f0cf4004000-7f0cf4009000 rw-s 00000000 00:19 769                        /i915 (deleted)
7f0cf4009000-7f0cf4018000 r--p 00000000 08:01 12590724                   /usr/share/locale/pt_BR/LC_MESSAGES/gtk20.mo
7f0cf4018000-7f0cf401d000 rw-s 00000000 00:19 751                        /i915 (deleted)
7f0cf401d000-7f0cf401e000 rwxp 00000000 00:00 0 
7f0cf401e000-7f0cf402d000 r--p 00000000 08:01 12590766                   /usr/share/locale/pt_BR/LC_MESSAGES/libc.mo
7f0cf402d000-7f0cf4048000 r--s 00394000 08:01 11803240                   /usr/lib/jvm/java-8-openjdk-amd64/jre/lib/ext/cldrdata.jar
7f0cf4048000-7f0cf4063000 r--s 001d6000 08:01 11803245                   /usr/lib/jvm/java-8-openjdk-amd64/jre/lib/ext/nashorn.jar
7f0cf4063000-7f0cf4066000 ---p 00000000 00:00 0 
7f0cf4066000-7f0cf4164000 rw-p 00000000 00:00 0 
7f0cf4164000-7f0cf42ff000 r--p 00000000 08:01 11148955                   /usr/lib/locale/locale-archive
7f0cf42ff000-7f0cf4302000 ---p 00000000 00:00 0 
7f0cf4302000-7f0cf4400000 rw-p 00000000 00:00 0 
7f0cf4400000-7f0cf4403000 ---p 00000000 00:00 0 
7f0cf4403000-7f0cf4501000 rw-p 00000000 00:00 0 
7f0cf4501000-7f0cf4502000 ---p 00000000 00:00 0 
7f0cf4502000-7f0cf9000000 rw-p 00000000 00:00 0 
7f0cf9000000-7f0cf94f0000 rwxp 00000000 00:00 0 
7f0cf94f0000-7f0d08000000 ---p 00000000 00:00 0 
7f0d08000000-7f0d08289000 rw-p 00000000 00:00 0 
7f0d08289000-7f0d0c000000 ---p 00000000 00:00 0 
7f0d0c000000-7f0d0c005000 rw-s 00000000 00:19 730                        /i915 (deleted)
7f0d0c005000-7f0d0c00c000 r--s 00000000 08:01 11538097                   /usr/lib/x86_64-linux-gnu/gconv/gconv-modules.cache
7f0d0c00c000-7f0d0c017000 r--s 000bc000 08:01 6965326                    /home/hcls/NetBeansProjects/SIGEPES/lib/PostgreSQLDriver/postgresql-42.2.5.jar
7f0d0c017000-7f0d0c1ea000 rw-p 00000000 00:00 0 
7f0d0c1ea000-7f0d0c3b9000 r--s 03c33000 08:01 11544742                   /usr/lib/jvm/java-8-openjdk-amd64/jre/lib/rt.jar
7f0d0c3b9000-7f0d0cfee000 rw-p 00000000 00:00 0 
7f0d0cfee000-7f0d0cfef000 ---p 00000000 00:00 0 
7f0d0cfef000-7f0d0d0ef000 rw-p 00000000 00:00 0 
7f0d0d0ef000-7f0d0d0f0000 ---p 00000000 00:00 0 
7f0d0d0f0000-7f0d0d1f0000 rw-p 00000000 00:00 0 
7f0d0d1f0000-7f0d0d1f1000 ---p 00000000 00:00 0 
7f0d0d1f1000-7f0d0d2f1000 rw-p 00000000 00:00 0 
7f0d0d2f1000-7f0d0d2f2000 ---p 00000000 00:00 0 
7f0d0d2f2000-7f0d0d41a000 rw-p 00000000 00:00 0 
7f0d0d41a000-7f0d0d672000 ---p 00000000 00:00 0 
7f0d0d672000-7f0d0d69a000 rw-p 00000000 00:00 0 
7f0d0d69a000-7f0d0d8f1000 ---p 00000000 00:00 0 
7f0d0d8f1000-7f0d0d915000 rw-p 00000000 00:00 0 
7f0d0d915000-7f0d0da31000 ---p 00000000 00:00 0 
7f0d0da31000-7f0d0da46000 rw-p 00000000 00:00 0 
7f0d0da46000-7f0d0ddf2000 ---p 00000000 00:00 0 
7f0d0ddf2000-7f0d0ddfa000 r-xp 00000000 08:01 11544729                   /usr/lib/jvm/java-8-openjdk-amd64/jre/lib/amd64/libzip.so
7f0d0ddfa000-7f0d0dff9000 ---p 00008000 08:01 11544729                   /usr/lib/jvm/java-8-openjdk-amd64/jre/lib/amd64/libzip.so
7f0d0dff9000-7f0d0dffa000 r--p 00007000 08:01 11544729                   /usr/lib/jvm/java-8-openjdk-amd64/jre/lib/amd64/libzip.so
7f0d0dffa000-7f0d0dffb000 rw-p 00008000 08:01 11544729                   /usr/lib/jvm/java-8-openjdk-amd64/jre/lib/amd64/libzip.so
7f0d0dffb000-7f0d0e005000 r-xp 00000000 08:01 11539920                   /usr/lib/x86_64-linux-gnu/libnss_files-2.24.so
7f0d0e005000-7f0d0e205000 ---p 0000a000 08:01 11539920                   /usr/lib/x86_64-linux-gnu/libnss_files-2.24.so
7f0d0e205000-7f0d0e206000 r--p 0000a000 08:01 11539920                   /usr/lib/x86_64-linux-gnu/libnss_files-2.24.so
7f0d0e206000-7f0d0e207000 rw-p 0000b000 08:01 11539920                   /usr/lib/x86_64-linux-gnu/libnss_files-2.24.so
7f0d0e207000-7f0d0e20d000 rw-p 00000000 00:00 0 
7f0d0e20d000-7f0d0e218000 r-xp 00000000 08:01 11539926                   /usr/lib/x86_64-linux-gnu/libnss_nis-2.24.so
7f0d0e218000-7f0d0e417000 ---p 0000b000 08:01 11539926                   /usr/lib/x86_64-linux-gnu/libnss_nis-2.24.so
7f0d0e417000-7f0d0e418000 r--p 0000a000 08:01 11539926                   /usr/lib/x86_64-linux-gnu/libnss_nis-2.24.so
7f0d0e418000-7f0d0e419000 rw-p 0000b000 08:01 11539926                   /usr/lib/x86_64-linux-gnu/libnss_nis-2.24.so
7f0d0e419000-7f0d0e42d000 r-xp 00000000 08:01 11539908                   /usr/lib/x86_64-linux-gnu/libnsl-2.24.so
7f0d0e42d000-7f0d0e62d000 ---p 00014000 08:01 11539908                   /usr/lib/x86_64-linux-gnu/libnsl-2.24.so
7f0d0e62d000-7f0d0e62e000 r--p 00014000 08:01 11539908                   /usr/lib/x86_64-linux-gnu/libnsl-2.24.so
7f0d0e62e000-7f0d0e62f000 rw-p 00015000 08:01 11539908                   /usr/lib/x86_64-linux-gnu/libnsl-2.24.so
7f0d0e62f000-7f0d0e631000 rw-p 00000000 00:00 0 
7f0d0e631000-7f0d0e638000 r-xp 00000000 08:01 11539914                   /usr/lib/x86_64-linux-gnu/libnss_compat-2.24.so
7f0d0e638000-7f0d0e837000 ---p 00007000 08:01 11539914                   /usr/lib/x86_64-linux-gnu/libnss_compat-2.24.so
7f0d0e837000-7f0d0e838000 r--p 00006000 08:01 11539914                   /usr/lib/x86_64-linux-gnu/libnss_compat-2.24.so
7f0d0e838000-7f0d0e839000 rw-p 00007000 08:01 11539914                   /usr/lib/x86_64-linux-gnu/libnss_compat-2.24.so
7f0d0e839000-7f0d0e866000 r-xp 00000000 08:01 11544710                   /usr/lib/jvm/java-8-openjdk-amd64/jre/lib/amd64/libjava.so
7f0d0e866000-7f0d0ea66000 ---p 0002d000 08:01 11544710                   /usr/lib/jvm/java-8-openjdk-amd64/jre/lib/amd64/libjava.so
7f0d0ea66000-7f0d0ea67000 r--p 0002d000 08:01 11544710                   /usr/lib/jvm/java-8-openjdk-amd64/jre/lib/amd64/libjava.so
7f0d0ea67000-7f0d0ea69000 rw-p 0002e000 08:01 11544710                   /usr/lib/jvm/java-8-openjdk-amd64/jre/lib/amd64/libjava.so
7f0d0ea69000-7f0d0ea78000 r-xp 00000000 08:01 11544728                   /usr/lib/jvm/java-8-openjdk-amd64/jre/lib/amd64/libverify.so
7f0d0ea78000-7f0d0ec78000 ---p 0000f000 08:01 11544728                   /usr/lib/jvm/java-8-openjdk-amd64/jre/lib/amd64/libverify.so
7f0d0ec78000-7f0d0ec7a000 r--p 0000f000 08:01 11544728                   /usr/lib/jvm/java-8-openjdk-amd64/jre/lib/amd64/libverify.so
7f0d0ec7a000-7f0d0ec7b000 rw-p 00011000 08:01 11544728                   /usr/lib/jvm/java-8-openjdk-amd64/jre/lib/amd64/libverify.so
7f0d0ec7b000-7f0d0ec82000 r-xp 00000000 08:01 11540170                   /usr/lib/x86_64-linux-gnu/librt-2.24.so
7f0d0ec82000-7f0d0ee81000 ---p 00007000 08:01 11540170                   /usr/lib/x86_64-linux-gnu/librt-2.24.so
7f0d0ee81000-7f0d0ee82000 r--p 00006000 08:01 11540170                   /usr/lib/x86_64-linux-gnu/librt-2.24.so
7f0d0ee82000-7f0d0ee83000 rw-p 00007000 08:01 11540170                   /usr/lib/x86_64-linux-gnu/librt-2.24.so
7f0d0ee83000-7f0d0ee99000 r-xp 00000000 08:01 11539278                   /usr/lib/x86_64-linux-gnu/libgcc_s.so.1
7f0d0ee99000-7f0d0f098000 ---p 00016000 08:01 11539278                   /usr/lib/x86_64-linux-gnu/libgcc_s.so.1
7f0d0f098000-7f0d0f099000 r--p 00015000 08:01 11539278                   /usr/lib/x86_64-linux-gnu/libgcc_s.so.1
7f0d0f099000-7f0d0f09a000 rw-p 00016000 08:01 11539278                   /usr/lib/x86_64-linux-gnu/libgcc_s.so.1
7f0d0f09a000-7f0d0f19d000 r-xp 00000000 08:01 11539784                   /usr/lib/x86_64-linux-gnu/libm-2.24.so
7f0d0f19d000-7f0d0f39c000 ---p 00103000 08:01 11539784                   /usr/lib/x86_64-linux-gnu/libm-2.24.so
7f0d0f39c000-7f0d0f39d000 r--p 00102000 08:01 11539784                   /usr/lib/x86_64-linux-gnu/libm-2.24.so
7f0d0f39d000-7f0d0f39e000 rw-p 00103000 08:01 11539784                   /usr/lib/x86_64-linux-gnu/libm-2.24.so
7f0d0f39e000-7f0d0f510000 r-xp 00000000 08:01 11540273                   /usr/lib/x86_64-linux-gnu/libstdc++.so.6.0.22
7f0d0f510000-7f0d0f710000 ---p 00172000 08:01 11540273                   /usr/lib/x86_64-linux-gnu/libstdc++.so.6.0.22
7f0d0f710000-7f0d0f71a000 r--p 00172000 08:01 11540273                   /usr/lib/x86_64-linux-gnu/libstdc++.so.6.0.22
7f0d0f71a000-7f0d0f71c000 rw-p 0017c000 08:01 11540273                   /usr/lib/x86_64-linux-gnu/libstdc++.so.6.0.22
7f0d0f71c000-7f0d0f720000 rw-p 00000000 00:00 0 
7f0d0f720000-7f0d1037f000 r-xp 00000000 08:01 11675652                   /usr/lib/jvm/java-8-openjdk-amd64/jre/lib/amd64/server/libjvm.so
7f0d1037f000-7f0d1057e000 ---p 00c5f000 08:01 11675652                   /usr/lib/jvm/java-8-openjdk-amd64/jre/lib/amd64/server/libjvm.so
7f0d1057e000-7f0d10612000 r--p 00c5e000 08:01 11675652                   /usr/lib/jvm/java-8-openjdk-amd64/jre/lib/amd64/server/libjvm.so
7f0d10612000-7f0d1063b000 rw-p 00cf2000 08:01 11675652                   /usr/lib/jvm/java-8-openjdk-amd64/jre/lib/amd64/server/libjvm.so
7f0d1063b000-7f0d1066b000 rw-p 00000000 00:00 0 
7f0d1066b000-7f0d10800000 r-xp 00000000 08:01 11538954                   /usr/lib/x86_64-linux-gnu/libc-2.24.so
7f0d10800000-7f0d10a00000 ---p 00195000 08:01 11538954                   /usr/lib/x86_64-linux-gnu/libc-2.24.so
7f0d10a00000-7f0d10a04000 r--p 00195000 08:01 11538954                   /usr/lib/x86_64-linux-gnu/libc-2.24.so
7f0d10a04000-7f0d10a06000 rw-p 00199000 08:01 11538954                   /usr/lib/x86_64-linux-gnu/libc-2.24.so
7f0d10a06000-7f0d10a0a000 rw-p 00000000 00:00 0 
7f0d10a0a000-7f0d10a0d000 r-xp 00000000 08:01 11539093                   /usr/lib/x86_64-linux-gnu/libdl-2.24.so
7f0d10a0d000-7f0d10c0c000 ---p 00003000 08:01 11539093                   /usr/lib/x86_64-linux-gnu/libdl-2.24.so
7f0d10c0c000-7f0d10c0d000 r--p 00002000 08:01 11539093                   /usr/lib/x86_64-linux-gnu/libdl-2.24.so
7f0d10c0d000-7f0d10c0e000 rw-p 00003000 08:01 11539093                   /usr/lib/x86_64-linux-gnu/libdl-2.24.so
7f0d10c0e000-7f0d10c1b000 r-xp 00000000 08:01 11544696                   /usr/lib/jvm/java-8-openjdk-amd64/jre/lib/amd64/jli/libjli.so
7f0d10c1b000-7f0d10e1b000 ---p 0000d000 08:01 11544696                   /usr/lib/jvm/java-8-openjdk-amd64/jre/lib/amd64/jli/libjli.so
7f0d10e1b000-7f0d10e1c000 r--p 0000d000 08:01 11544696                   /usr/lib/jvm/java-8-openjdk-amd64/jre/lib/amd64/jli/libjli.so
7f0d10e1c000-7f0d10e1d000 rw-p 0000e000 08:01 11544696                   /usr/lib/jvm/java-8-openjdk-amd64/jre/lib/amd64/jli/libjli.so
7f0d10e1d000-7f0d10e36000 r-xp 00000000 08:01 11540534                   /usr/lib/x86_64-linux-gnu/libz.so.1.2.8
7f0d10e36000-7f0d11035000 ---p 00019000 08:01 11540534                   /usr/lib/x86_64-linux-gnu/libz.so.1.2.8
7f0d11035000-7f0d11036000 r--p 00018000 08:01 11540534                   /usr/lib/x86_64-linux-gnu/libz.so.1.2.8
7f0d11036000-7f0d11037000 rw-p 00019000 08:01 11540534                   /usr/lib/x86_64-linux-gnu/libz.so.1.2.8
7f0d11037000-7f0d1104f000 r-xp 00000000 08:01 11540110                   /usr/lib/x86_64-linux-gnu/libpthread-2.24.so
7f0d1104f000-7f0d1124e000 ---p 00018000 08:01 11540110                   /usr/lib/x86_64-linux-gnu/libpthread-2.24.so
7f0d1124e000-7f0d1124f000 r--p 00017000 08:01 11540110                   /usr/lib/x86_64-linux-gnu/libpthread-2.24.so
7f0d1124f000-7f0d11250000 rw-p 00018000 08:01 11540110                   /usr/lib/x86_64-linux-gnu/libpthread-2.24.so
7f0d11250000-7f0d11254000 rw-p 00000000 00:00 0 
7f0d11254000-7f0d11277000 r-xp 00000000 08:01 11538502                   /usr/lib/x86_64-linux-gnu/ld-2.24.so
7f0d11277000-7f0d1127b000 rw-s 00000000 00:19 736                        /i915 (deleted)
7f0d1127b000-7f0d11281000 r--s 0003b000 08:01 11803247                   /usr/lib/jvm/java-8-openjdk-amd64/jre/lib/ext/sunjce_provider.jar
7f0d11281000-7f0d1128b000 r--s 00116000 08:01 11803244                   /usr/lib/jvm/java-8-openjdk-amd64/jre/lib/ext/localedata.jar
7f0d1128b000-7f0d11355000 rw-p 00000000 00:00 0 
7f0d11355000-7f0d11358000 ---p 00000000 00:00 0 
7f0d11358000-7f0d11458000 rw-p 00000000 00:00 0 
7f0d11458000-7f0d1145c000 rw-s 00000000 00:19 734                        /i915 (deleted)
7f0d1145c000-7f0d1145e000 r--s 00008000 08:01 11803246                   /usr/lib/jvm/java-8-openjdk-amd64/jre/lib/ext/sunec.jar
7f0d1145e000-7f0d11461000 r--s 00038000 08:01 11803248                   /usr/lib/jvm/java-8-openjdk-amd64/jre/lib/ext/sunpkcs11.jar
7f0d11461000-7f0d11463000 r--s 00007000 08:01 12484069                   /usr/share/java/java-atk-wrapper.jar
7f0d11463000-7f0d11465000 r--s 00001000 08:01 11803241                   /usr/lib/jvm/java-8-openjdk-amd64/jre/lib/ext/dnsns.jar
7f0d11465000-7f0d11468000 r--s 0000f000 08:01 11803242                   /usr/lib/jvm/java-8-openjdk-amd64/jre/lib/ext/icedtea-sound.jar
7f0d11468000-7f0d11469000 r--s 00010000 08:01 11803249                   /usr/lib/jvm/java-8-openjdk-amd64/jre/lib/ext/zipfs.jar
7f0d11469000-7f0d1146a000 r--s 0000a000 08:01 11803243                   /usr/lib/jvm/java-8-openjdk-amd64/jre/lib/ext/jaccess.jar
7f0d1146a000-7f0d11472000 rw-s 00000000 08:01 11933919                   /tmp/hsperfdata_hcls/11473
7f0d11472000-7f0d11473000 rw-p 00000000 00:00 0 
7f0d11473000-7f0d11474000 r--p 00000000 00:00 0 
7f0d11474000-7f0d11477000 rw-p 00000000 00:00 0 
7f0d11477000-7f0d11478000 r--p 00023000 08:01 11538502                   /usr/lib/x86_64-linux-gnu/ld-2.24.so
7f0d11478000-7f0d11479000 rw-p 00024000 08:01 11538502                   /usr/lib/x86_64-linux-gnu/ld-2.24.so
7f0d11479000-7f0d1147a000 rw-p 00000000 00:00 0 
7fff40aa9000-7fff40aca000 rw-p 00000000 00:00 0                          [stack]
7fff40ad0000-7fff40ad3000 r--p 00000000 00:00 0                          [vvar]
7fff40ad3000-7fff40ad5000 r-xp 00000000 00:00 0                          [vdso]
ffffffffff600000-ffffffffff601000 r-xp 00000000 00:00 0                  [vsyscall]

VM Arguments:
jvm_args: -Dfile.encoding=UTF-8 
java_command: sigepes.Login
java_class_path (initial): /home/hcls/NetBeansProjects/SIGEPES/lib/PostgreSQLDriver/postgresql-42.2.5.jar:/home/hcls/NetBeansProjects/SIGEPES/build/classes
Launcher Type: SUN_STANDARD

Environment Variables:
PATH=/usr/local/bin:/usr/bin:/bin:/usr/local/games:/usr/games:/sbin:/usr/sbin:/home/hcls/Android/Sdk/emulator:/home/hcls/Android/Sdk/tools:/home/hcls/Android/Sdk/tools/bin:/home/hcls/Android/Sdk/platform-tools:/usr/lib/dart/bin
SHELL=/bin/bash
DISPLAY=:0

Signal Handlers:
SIGSEGV: [libjvm.so+0xa74b40], sa_mask[0]=11111111011111111101111111111110, sa_flags=SA_RESTART|SA_SIGINFO
SIGBUS: [libjvm.so+0xa74b40], sa_mask[0]=11111111011111111101111111111110, sa_flags=SA_RESTART|SA_SIGINFO
SIGFPE: [libjvm.so+0x8bd510], sa_mask[0]=11111111011111111101111111111110, sa_flags=SA_RESTART|SA_SIGINFO
SIGPIPE: SIG_IGN, sa_mask[0]=00000000000010000000000000000000, sa_flags=SA_RESTART
SIGXFSZ: [libjvm.so+0x8bd510], sa_mask[0]=11111111011111111101111111111110, sa_flags=SA_RESTART|SA_SIGINFO
SIGILL: [libjvm.so+0x8bd510], sa_mask[0]=11111111011111111101111111111110, sa_flags=SA_RESTART|SA_SIGINFO
SIGUSR1: SIG_DFL, sa_mask[0]=00000000000000000000000000000000, sa_flags=none
SIGUSR2: [libjvm.so+0x8bd3c0], sa_mask[0]=00100000000000000000000000000000, sa_flags=SA_RESTART|SA_SIGINFO
SIGHUP: SIG_IGN, sa_mask[0]=00000000000000000000000000000000, sa_flags=none
SIGINT: SIG_IGN, sa_mask[0]=00000000000000000000000000000000, sa_flags=none
SIGTERM: [libjvm.so+0x8bd870], sa_mask[0]=11111111011111111101111111111110, sa_flags=SA_RESTART|SA_SIGINFO
SIGQUIT: [libjvm.so+0x8bd870], sa_mask[0]=11111111011111111101111111111110, sa_flags=SA_RESTART|SA_SIGINFO


---------------  S Y S T E M  ---------------

OS:DISTRIB_ID=Deepin
DISTRIB_RELEASE="15.11"
DISTRIB_DESCRIPTION="Deepin 15.11 "
DISTRIB_CODENAME=stable

uname:Linux 4.15.0-30deepin-generic #31 SMP Fri Nov 30 04:29:02 UTC 2018 x86_64
libc:glibc 2.24 NPTL 2.24 
rlimit: STACK 8192k, CORE 0k, NPROC 30435, NOFILE 1048576, AS infinity
load average:0,81 0,78 0,64

/proc/meminfo:
MemTotal:        7848392 kB
MemFree:         2377772 kB
MemAvailable:    4576368 kB
Buffers:          374912 kB
Cached:          2221504 kB
SwapCached:            0 kB
Active:          3437712 kB
Inactive:        1693644 kB
Active(anon):    2551960 kB
Inactive(anon):   229820 kB
Active(file):     885752 kB
Inactive(file):  1463824 kB
Unevictable:          64 kB
Mlocked:              64 kB
SwapTotal:             0 kB
SwapFree:              0 kB
Dirty:               280 kB
Writeback:             0 kB
AnonPages:       2535060 kB
Mapped:           615592 kB
Shmem:            246672 kB
Slab:             208408 kB
SReclaimable:     140608 kB
SUnreclaim:        67800 kB
KernelStack:       13280 kB
PageTables:        52308 kB
NFS_Unstable:          0 kB
Bounce:                0 kB
WritebackTmp:          0 kB
CommitLimit:     3924196 kB
Committed_AS:    9265160 kB
VmallocTotal:   34359738367 kB
VmallocUsed:           0 kB
VmallocChunk:          0 kB
HardwareCorrupted:     0 kB
AnonHugePages:         0 kB
ShmemHugePages:        0 kB
ShmemPmdMapped:        0 kB
CmaTotal:              0 kB
CmaFree:               0 kB
HugePages_Total:       0
HugePages_Free:        0
HugePages_Rsvd:        0
HugePages_Surp:        0
Hugepagesize:       2048 kB
DirectMap4k:      184380 kB
DirectMap2M:     5783552 kB
DirectMap1G:     2097152 kB


CPU:total 4 (initial active 4) (2 cores per cpu, 2 threads per core) family 6 model 69 stepping 1, cmov, cx8, fxsr, mmx, sse, sse2, sse3, ssse3, sse4.1, sse4.2, popcnt, avx, avx2, aes, clmul, erms, lzcnt, ht, tsc, tscinvbit, bmi1, bmi2

/proc/cpuinfo:
processor	: 0
vendor_id	: GenuineIntel
cpu family	: 6
model		: 69
model name	: Intel(R) Core(TM) i5-4300U CPU @ 1.90GHz
stepping	: 1
microcode	: 0x25
cpu MHz		: 2594.078
cache size	: 3072 KB
physical id	: 0
siblings	: 4
core id		: 0
cpu cores	: 2
apicid		: 0
initial apicid	: 0
fpu		: yes
fpu_exception	: yes
cpuid level	: 13
wp		: yes
flags		: fpu vme de pse tsc msr pae mce cx8 apic sep mtrr pge mca cmov pat pse36 clflush dts acpi mmx fxsr sse sse2 ss ht tm pbe syscall nx pdpe1gb rdtscp lm constant_tsc arch_perfmon pebs bts rep_good nopl xtopology nonstop_tsc cpuid aperfmperf pni pclmulqdq dtes64 monitor ds_cpl vmx smx est tm2 ssse3 sdbg fma cx16 xtpr pdcm pcid sse4_1 sse4_2 x2apic movbe popcnt tsc_deadline_timer aes xsave avx f16c rdrand lahf_lm abm cpuid_fault epb invpcid_single pti ssbd ibrs ibpb stibp tpr_shadow vnmi flexpriority ept vpid fsgsbase tsc_adjust bmi1 avx2 smep bmi2 erms invpcid xsaveopt dtherm ida arat pln pts
bugs		: cpu_meltdown spectre_v1 spectre_v2 spec_store_bypass
bogomips	: 4988.60
clflush size	: 64
cache_alignment	: 64
address sizes	: 39 bits physical, 48 bits virtual
power management:

processor	: 1
vendor_id	: GenuineIntel
cpu family	: 6
model		: 69
model name	: Intel(R) Core(TM) i5-4300U CPU @ 1.90GHz
stepping	: 1
microcode	: 0x25
cpu MHz		: 2594.065
cache size	: 3072 KB
physical id	: 0
siblings	: 4
core id		: 0
cpu cores	: 4
apicid		: 1
initial apicid	: 1
fpu		: yes
fpu_exception	: yes
cpuid level	: 13
wp		: yes
flags		: fpu vme de pse tsc msr pae mce cx8 apic sep mtrr pge mca cmov pat pse36 clflush dts acpi mmx fxsr sse sse2 ss ht tm pbe syscall nx pdpe1gb rdtscp lm constant_tsc arch_perfmon pebs bts rep_good nopl xtopology nonstop_tsc cpuid aperfmperf pni pclmulqdq dtes64 monitor ds_cpl vmx smx est tm2 ssse3 sdbg fma cx16 xtpr pdcm pcid sse4_1 sse4_2 x2apic movbe popcnt tsc_deadline_timer aes xsave avx f16c rdrand lahf_lm abm cpuid_fault epb invpcid_single pti ssbd ibrs ibpb stibp tpr_shadow vnmi flexpriority ept vpid fsgsbase tsc_adjust bmi1 avx2 smep bmi2 erms invpcid xsaveopt dtherm ida arat pln pts
bugs		: cpu_meltdown spectre_v1 spectre_v2 spec_store_bypass
bogomips	: 4988.60
clflush size	: 64
cache_alignment	: 64
address sizes	: 39 bits physical, 48 bits virtual
power management:

processor	: 2
vendor_id	: GenuineIntel
cpu family	: 6
model		: 69
model name	: Intel(R) Core(TM) i5-4300U CPU @ 1.90GHz
stepping	: 1
microcode	: 0x25
cpu MHz		: 2594.075
cache size	: 3072 KB
physical id	: 0
siblings	: 4
core id		: 1
cpu cores	: 6
apicid		: 2
initial apicid	: 2
fpu		: yes
fpu_exception	: yes
cpuid level	: 13
wp		: yes
flags		: fpu vme de pse tsc msr pae mce cx8 apic sep mtrr pge mca cmov pat pse36 clflush dts acpi mmx fxsr sse sse2 ss ht tm pbe syscall nx pdpe1gb rdtscp lm constant_tsc arch_perfmon pebs bts rep_good nopl xtopology nonstop_tsc cpuid aperfmperf pni pclmulqdq dtes64 monitor ds_cpl vmx smx est tm2 ssse3 sdbg fma cx16 xtpr pdcm pcid sse4_1 sse4_2 x2apic movbe popcnt tsc_deadline_timer aes xsave avx f16c rdrand lahf_lm abm cpuid_fault epb invpcid_single pti ssbd ibrs ibpb stibp tpr_shadow vnmi flexpriority ept vpid fsgsbase tsc_adjust bmi1 avx2 smep bmi2 erms invpcid xsaveopt dtherm ida arat pln pts
bugs		: cpu_meltdown spectre_v1 spectre_v2 spec_store_bypass
bogomips	: 4988.60
clflush size	: 64
cache_alignment	: 64
address sizes	: 39 bits physical, 48 bits virtual
power management:

processor	: 3
vendor_id	: GenuineIntel
cpu family	: 6
model		: 69
model name	: Intel(R) Core(TM) i5-4300U CPU @ 1.90GHz
stepping	: 1
microcode	: 0x25
cpu MHz		: 2594.076
cache size	: 3072 KB
physical id	: 0
siblings	: 4
core id		: 1
cpu cores	: 2
apicid		: 3
initial apicid	: 3
fpu		: yes
fpu_exception	: yes
cpuid level	: 13
wp		: yes
flags		: fpu vme de pse tsc msr pae mce cx8 apic sep mtrr pge mca cmov pat pse36 clflush dts acpi mmx fxsr sse sse2 ss ht tm pbe syscall nx pdpe1gb rdtscp lm constant_tsc arch_perfmon pebs bts rep_good nopl xtopology nonstop_tsc cpuid aperfmperf pni pclmulqdq dtes64 monitor ds_cpl vmx smx est tm2 ssse3 sdbg fma cx16 xtpr pdcm pcid sse4_1 sse4_2 x2apic movbe popcnt tsc_deadline_timer aes xsave avx f16c rdrand lahf_lm abm cpuid_fault epb invpcid_single pti ssbd ibrs ibpb stibp tpr_shadow vnmi flexpriority ept vpid fsgsbase tsc_adjust bmi1 avx2 smep bmi2 erms invpcid xsaveopt dtherm ida arat pln pts
bugs		: cpu_meltdown spectre_v1 spectre_v2 spec_store_bypass
bogomips	: 4988.60
clflush size	: 64
cache_alignment	: 64
address sizes	: 39 bits physical, 48 bits virtual
power management:



Memory: 4k page, physical 7848392k(2378288k free), swap 0k(0k free)

vm_info: OpenJDK 64-Bit Server VM (25.181-b13) for linux-amd64 JRE (1.8.0_181-8u181-b13-2~deb9u1-b13), built on Oct 22 2018 18:05:23 by "pbuilder" with gcc 6.3.0 20170516

time: Sat Jan 11 16:12:03 2020
elapsed time: 8 seconds (0d 0h 0m 8s)

